-- west build: making build dir /home/sinis/zephyrproject/zephyr/sinis/resultCard/build pristine
-- west build: generating a build system
-- Application: /home/sinis/zephyrproject/zephyr/sinis/resultCard
-- CMake version: 4.0.0
-- Found Python3: /home/sinis/zephyrproject/.venv/bin/python3 (found suitable version "3.12.3", minimum required is "3.10") found components: Interpreter
-- Cache files will be written to: /home/sinis/.cache/zephyr
-- Zephyr version: 4.1.99 (/home/sinis/zephyrproject/zephyr)
-- Found west (found suitable version "1.3.0", minimum required is "0.14.0")
-- Board: raytac_mdbt50_db_33, qualifiers: nrf52833
-- ZEPHYR_TOOLCHAIN_VARIANT not set, trying to locate Zephyr SDK
-- Found host-tools: zephyr 0.17.0 (/home/sinis/zephyr-sdk-0.17.0)
-- Found toolchain: zephyr 0.17.0 (/home/sinis/zephyr-sdk-0.17.0)
-- Found Dtc: /home/sinis/zephyr-sdk-0.17.0/sysroots/x86_64-pokysdk-linux/usr/bin/dtc (found suitable version "1.6.0", minimum required is "1.4.6")
-- Found BOARD.dts: /home/sinis/zephyrproject/zephyr/boards/sinis/mdbt50_db_33/raytac_mdbt50_db_33_nrf52833.dts
-- Found devicetree overlay: /home/sinis/zephyrproject/zephyr/sinis/resultCard/app.overlay
-- Generated zephyr.dts: /home/sinis/zephyrproject/zephyr/sinis/resultCard/build/zephyr/zephyr.dts
-- Generated pickled edt: /home/sinis/zephyrproject/zephyr/sinis/resultCard/build/zephyr/edt.pickle
-- Generated devicetree_generated.h: /home/sinis/zephyrproject/zephyr/sinis/resultCard/build/zephyr/include/generated/zephyr/devicetree_generated.h
-- Including generated dts.cmake file: /home/sinis/zephyrproject/zephyr/sinis/resultCard/build/zephyr/dts.cmake
Parsing /home/sinis/zephyrproject/zephyr/Kconfig
Loaded configuration '/home/sinis/zephyrproject/zephyr/boards/sinis/mdbt50_db_33/raytac_mdbt50_db_33_nrf52833_defconfig'
Merged configuration '/home/sinis/zephyrproject/zephyr/sinis/resultCard/prj.conf'
Configuration saved to '/home/sinis/zephyrproject/zephyr/sinis/resultCard/build/zephyr/.config'
Kconfig header saved to '/home/sinis/zephyrproject/zephyr/sinis/resultCard/build/zephyr/include/generated/zephyr/autoconf.h'
-- Found GnuLd: /home/sinis/zephyr-sdk-0.17.0/arm-zephyr-eabi/arm-zephyr-eabi/bin/ld.bfd (found version "2.38")
-- The C compiler identification is GNU 12.2.0
-- The CXX compiler identification is GNU 12.2.0
-- The ASM compiler identification is GNU
-- Found assembler: /home/sinis/zephyr-sdk-0.17.0/arm-zephyr-eabi/bin/arm-zephyr-eabi-gcc
-- Using ccache: /usr/bin/ccache
-- Configuring done (2.0s)
-- Generating done (0.0s)
-- Build files have been written to: /home/sinis/zephyrproject/zephyr/sinis/resultCard/build
-- west build: building application
[1/251] Preparing syscall dependency handling

[2/251] Generating include/generated/zephyr/version.h
-- Zephyr version: 4.1.99 (/home/sinis/zephyrproject/zephyr), build: v4.1.0-1511-g19c6240b6865
[3/251] Generating misc/generated/syscalls_subdirs.trigger
[4/251] Generating misc/generated/syscalls.json, misc/generated/struct_tags.json
[5/251] Generating include/generated/device-api-sections.ld, include/generated/device-api-sections.cmake
[6/251] Generating include/generated/zephyr/syscall_dispatch.c, include/generated/zephyr/syscall_exports_llext.c, syscall_weakdefs_llext.c, include/generated/zephyr/syscall_list.h
[7/251] Generating include/generated/zephyr/kobj-types-enum.h, include/generated/zephyr/otype-to-str.h, include/generated/zephyr/otype-to-size.h
[8/251] Generating include/generated/zephyr/driver-validation.h
[9/251] Building C object zephyr/CMakeFiles/offsets.dir/arch/arm/core/offsets/offsets.c.obj
[10/251] Generating include/generated/zephyr/offsets.h
[11/251] Building C object CMakeFiles/app.dir/home/sinis/zephyrproject/zephyr/sinis/cardNewRep/config_options.c.obj
[12/251] Building C object zephyr/CMakeFiles/zephyr.dir/misc/generated/configs.c.obj
[13/251] Building C object zephyr/CMakeFiles/zephyr.dir/lib/utils/dec.c.obj
[14/251] Building C object CMakeFiles/app.dir/home/sinis/zephyrproject/zephyr/sinis/cardNewRep/shared_data/shared_functions.c.obj
[15/251] Building C object zephyr/CMakeFiles/zephyr.dir/lib/utils/hex.c.obj
[16/251] Building C object zephyr/CMakeFiles/zephyr.dir/lib/utils/timeutil.c.obj
[17/251] Building C object zephyr/CMakeFiles/zephyr.dir/lib/utils/ring_buffer.c.obj
[18/251] Building C object zephyr/CMakeFiles/zephyr.dir/lib/os/thread_entry.c.obj
[19/251] Building C object CMakeFiles/app.dir/home/sinis/zephyrproject/zephyr/sinis/cardNewRep/platform/deca_sleep.c.obj
[20/251] Building C object zephyr/CMakeFiles/zephyr.dir/lib/os/assert.c.obj
[21/251] Building C object zephyr/CMakeFiles/zephyr.dir/lib/os/sem.c.obj
[22/251] Building C object CMakeFiles/app.dir/home/sinis/zephyrproject/zephyr/sinis/cardNewRep/main.c.obj
[23/251] Building C object zephyr/CMakeFiles/zephyr.dir/lib/utils/notify.c.obj
[24/251] Building C object zephyr/CMakeFiles/zephyr.dir/lib/os/printk.c.obj
[25/251] Building C object zephyr/CMakeFiles/zephyr.dir/subsys/logging/log_cache.c.obj
[26/251] Generating linker_zephyr_pre0.cmd
[27/251] Building C object CMakeFiles/app.dir/src/ds_twr_initiator_sts.c.obj
In file included from /home/sinis/zephyrproject/zephyr/sinis/resultCard/src/ds_twr_initiator_sts.c:7:
/home/sinis/zephyrproject/zephyr/sinis/resultCard/../cardNewRep/decadriver/deca_regs.h:1112: warning: "GPIO_DIR_MASK" redefined
 1112 | #define GPIO_DIR_MASK                   0xFFFFFFFFUL
      | 
In file included from /home/sinis/zephyrproject/zephyr/include/zephyr/drivers/spi.h:28,
                 from /home/sinis/zephyrproject/zephyr/sinis/resultCard/src/ds_twr_initiator_sts.c:3:
/home/sinis/zephyrproject/zephyr/include/zephyr/drivers/gpio.h:225: note: this is the location of the previous definition
  225 | #define GPIO_DIR_MASK           (GPIO_INPUT | GPIO_OUTPUT)
      | 
/home/sinis/zephyrproject/zephyr/sinis/resultCard/../cardNewRep/decadriver/deca_regs.h:2623: warning: "SPI_MODE_MASK" redefined
 2623 | #define SPI_MODE_MASK                        0xFFFFFFFFUL
      | 
/home/sinis/zephyrproject/zephyr/include/zephyr/drivers/spi.h:112: note: this is the location of the previous definition
  112 | #define SPI_MODE_MASK           (0xEU)
      | 
/home/sinis/zephyrproject/zephyr/sinis/resultCard/src/ds_twr_initiator_sts.c:23:36: warning: missing braces around initializer [-Wmissing-braces]
   23 | static struct spi_config spi_cfg = {
      |                                    ^
/home/sinis/zephyrproject/zephyr/sinis/resultCard/src/ds_twr_initiator_sts.c: In function 'app_main':
/home/sinis/zephyrproject/zephyr/sinis/resultCard/src/ds_twr_initiator_sts.c:50:31: warning: format '%s' expects a matching 'char *' argument [-Wformat=]
   50 |         printk("GPIO0 device %s is ready\n");
      |                              ~^
      |                               |
      |                               char *
/home/sinis/zephyrproject/zephyr/sinis/resultCard/src/ds_twr_initiator_sts.c:88:5: warning: implicit declaration of function 'setup_DW3000RSTnIRQPro'; did you mean 'setup_DW3000RSTnIRQ'? [-Wimplicit-function-declaration]
   88 |     setup_DW3000RSTnIRQPro(0);
      |     ^~~~~~~~~~~~~~~~~~~~~~
      |     setup_DW3000RSTnIRQ
/home/sinis/zephyrproject/zephyr/sinis/resultCard/src/ds_twr_initiator_sts.c:66:14: warning: unused variable 'dtr' [-Wunused-variable]
   66 |     uint32_t dtr = 0;
      |              ^~~
/home/sinis/zephyrproject/zephyr/sinis/resultCard/src/ds_twr_initiator_sts.c:65:26: warning: unused variable 'console_dev' [-Wunused-variable]
   65 |     const struct device *console_dev = DEVICE_DT_GET(DT_CHOSEN(zephyr_console));
      |                          ^~~~~~~~~~~
/home/sinis/zephyrproject/zephyr/sinis/resultCard/src/ds_twr_initiator_sts.c: At top level:
/home/sinis/zephyrproject/zephyr/sinis/resultCard/src/ds_twr_initiator_sts.c:156:6: warning: conflicting types for 'setup_DW3000RSTnIRQPro'; have 'void(int)'
  156 | void setup_DW3000RSTnIRQPro(int enable)
      |      ^~~~~~~~~~~~~~~~~~~~~~
/home/sinis/zephyrproject/zephyr/sinis/resultCard/src/ds_twr_initiator_sts.c:88:5: note: previous implicit declaration of 'setup_DW3000RSTnIRQPro' with type 'void(int)'
   88 |     setup_DW3000RSTnIRQPro(0);
      |     ^~~~~~~~~~~~~~~~~~~~~~
/home/sinis/zephyrproject/zephyr/sinis/resultCard/src/ds_twr_initiator_sts.c:32:16: warning: 'tx_poll_msg' defined but not used [-Wunused-variable]
   32 | static uint8_t tx_poll_msg[] = {0x41, 0x88, 0, 0xCA, 0xDE, 'W', 'A', 'V', 'E', 0x21};
      |                ^~~~~~~~~~~
/home/sinis/zephyrproject/zephyr/sinis/resultCard/src/ds_twr_initiator_sts.c:31:21: warning: 'config' defined but not used [-Wunused-variable]
   31 | static dwt_config_t config = { 5, DWT_PLEN_128, DWT_PAC8, 9, 9, 1, DWT_BR_6M8, DWT_PHRMODE_STD, DWT_PHRRATE_STD, (129 + 8 - 8), DWT_STS_MODE_OFF, DWT_STS_LEN_64, DWT_PDOA_M0 };
      |                     ^~~~~~
[28/251] Building C object zephyr/CMakeFiles/zephyr_pre0.dir/misc/empty_file.c.obj
[29/251] Building C object zephyr/CMakeFiles/zephyr.dir/subsys/tracing/tracing_none.c.obj
[30/251] Building C object zephyr/CMakeFiles/zephyr.dir/subsys/mem_mgmt/mem_attr.c.obj
[31/251] Building C object zephyr/CMakeFiles/zephyr.dir/lib/os/cbprintf_complete.c.obj
[32/251] Building C object zephyr/CMakeFiles/zephyr.dir/lib/heap/heap.c.obj
[33/251] Building C object CMakeFiles/app.dir/home/sinis/zephyrproject/zephyr/sinis/cardNewRep/platform/deca_spi.c.obj
[34/251] Building C object zephyr/CMakeFiles/zephyr.dir/lib/utils/bitarray.c.obj
[35/251] Building ASM object zephyr/arch/arch/arm/core/CMakeFiles/arch__arm__core.dir/nmi_on_reset.S.obj
[36/251] Building C object zephyr/CMakeFiles/zephyr.dir/lib/utils/onoff.c.obj
[37/251] Building C object zephyr/CMakeFiles/zephyr.dir/subsys/logging/log_mgmt.c.obj
[38/251] Building ASM object zephyr/arch/arch/arm/core/cortex_m/CMakeFiles/arch__arm__core__cortex_m.dir/fault_s.S.obj
[39/251] Building C object zephyr/CMakeFiles/zephyr.dir/subsys/logging/backends/log_backend_rtt.c.obj
[40/251] Building C object zephyr/CMakeFiles/zephyr.dir/subsys/logging/backends/log_backend_uart.c.obj
[41/251] Building C object zephyr/CMakeFiles/zephyr.dir/subsys/logging/log_output.c.obj
[42/251] Building C object zephyr/CMakeFiles/zephyr.dir/lib/os/mpsc_pbuf.c.obj
[43/251] Building C object zephyr/CMakeFiles/zephyr.dir/lib/utils/rb.c.obj
[44/251] Building C object zephyr/CMakeFiles/zephyr.dir/subsys/logging/log_msg.c.obj
[45/251] Building C object zephyr/CMakeFiles/zephyr.dir/lib/os/cbprintf_packaged.c.obj
[46/251] Building C object zephyr/arch/common/CMakeFiles/arch__common.dir/sw_isr_common.c.obj
[47/251] Building C object zephyr/CMakeFiles/zephyr.dir/subsys/logging/log_core.c.obj
[48/251] Building ASM object zephyr/arch/arch/arm/core/cortex_m/CMakeFiles/arch__arm__core__cortex_m.dir/vector_table.S.obj
[49/251] Building ASM object zephyr/arch/arch/arm/core/cortex_m/CMakeFiles/arch__arm__core__cortex_m.dir/__aeabi_read_tp.S.obj
[50/251] Building ASM object zephyr/arch/arch/arm/core/cortex_m/CMakeFiles/arch__arm__core__cortex_m.dir/reset.S.obj
[51/251] Building C object zephyr/arch/common/CMakeFiles/isr_tables.dir/isr_tables.c.obj
[52/251] Linking C static library zephyr/arch/common/libisr_tables.a
[53/251] Building ASM object zephyr/arch/arch/arm/core/cortex_m/CMakeFiles/arch__arm__core__cortex_m.dir/swap_helper.S.obj
[54/251] Building C object zephyr/CMakeFiles/zephyr.dir/subsys/usb/device/usb_work_q.c.obj
[55/251] Linking C static library zephyr/arch/common/libarch__common.a
[56/251] Building C object zephyr/arch/arch/arm/core/CMakeFiles/arch__arm__core.dir/nmi.c.obj
[57/251] Building C object zephyr/arch/arch/arm/core/CMakeFiles/arch__arm__core.dir/tls.c.obj
[58/251] Building C object zephyr/arch/arch/arm/core/cortex_m/CMakeFiles/arch__arm__core__cortex_m.dir/exc_exit.c.obj
[59/251] Building C object zephyr/arch/arch/arm/core/cortex_m/CMakeFiles/arch__arm__core__cortex_m.dir/scb.c.obj
[60/251] Building C object zephyr/arch/arch/arm/core/cortex_m/CMakeFiles/arch__arm__core__cortex_m.dir/fpu.c.obj
[61/251] Building C object zephyr/arch/arch/arm/core/cortex_m/CMakeFiles/arch__arm__core__cortex_m.dir/irq_manage.c.obj
[62/251] Building C object zephyr/arch/arch/arm/core/cortex_m/CMakeFiles/arch__arm__core__cortex_m.dir/irq_init.c.obj
[63/251] Building C object zephyr/arch/arch/arm/core/cortex_m/CMakeFiles/arch__arm__core__cortex_m.dir/cpu_idle.c.obj
[64/251] Building C object zephyr/arch/arch/arm/core/cortex_m/CMakeFiles/arch__arm__core__cortex_m.dir/thread_abort.c.obj
[65/251] Building C object zephyr/arch/arch/arm/core/mpu/CMakeFiles/arch__arm__core__mpu.dir/arm_mpu_regions.c.obj
[66/251] Building C object zephyr/arch/arch/arm/core/cortex_m/CMakeFiles/arch__arm__core__cortex_m.dir/thread.c.obj
[67/251] Building C object zephyr/arch/arch/arm/core/cortex_m/CMakeFiles/arch__arm__core__cortex_m.dir/isr_wrapper.c.obj
[68/251] Building C object CMakeFiles/app.dir/home/sinis/zephyrproject/zephyr/sinis/cardNewRep/platform/port.c.obj
[69/251] Building C object zephyr/arch/arch/arm/core/mpu/CMakeFiles/arch__arm__core__mpu.dir/arm_core_mpu.c.obj
[70/251] Building C object zephyr/arch/arch/arm/core/CMakeFiles/arch__arm__core.dir/fatal.c.obj
[71/251] Building C object zephyr/arch/arch/arm/core/cortex_m/CMakeFiles/arch__arm__core__cortex_m.dir/prep_c.c.obj
[72/251] Building C object zephyr/lib/libc/picolibc/CMakeFiles/lib__libc__picolibc.dir/assert.c.obj
[73/251] Building C object zephyr/lib/libc/picolibc/CMakeFiles/lib__libc__picolibc.dir/chk_fail.c.obj
[74/251] Linking C static library zephyr/arch/arch/arm/core/libarch__arm__core.a
[75/251] Building C object zephyr/lib/libc/picolibc/CMakeFiles/lib__libc__picolibc.dir/errno_wrap.c.obj
[76/251] Building C object zephyr/soc/soc/nrf52833/CMakeFiles/soc__nordic.dir/validate_binding_headers.c.obj
[77/251] Building C object zephyr/CMakeFiles/zephyr.dir/subsys/usb/device/usb_transfer.c.obj
[78/251] Building C object zephyr/lib/libc/picolibc/CMakeFiles/lib__libc__picolibc.dir/cbprintf.c.obj
[79/251] Building C object zephyr/subsys/bluetooth/common/CMakeFiles/subsys__bluetooth__common.dir/addr.c.obj
[80/251] Building C object zephyr/lib/libc/picolibc/CMakeFiles/lib__libc__picolibc.dir/exit.c.obj
[81/251] Building C object zephyr/lib/libc/common/CMakeFiles/lib__libc__common.dir/source/stdlib/abort.c.obj
[82/251] Building C object zephyr/lib/libc/picolibc/CMakeFiles/lib__libc__picolibc.dir/stdio.c.obj
[83/251] Building C object zephyr/soc/soc/nrf52833/CMakeFiles/soc__nordic.dir/validate_base_addresses.c.obj
[84/251] Building C object zephyr/lib/libc/picolibc/CMakeFiles/lib__libc__picolibc.dir/locks.c.obj
[85/251] Building C object zephyr/arch/arch/arm/core/mpu/CMakeFiles/arch__arm__core__mpu.dir/arm_mpu.c.obj
[86/251] Building C object zephyr/lib/libc/common/CMakeFiles/lib__libc__common.dir/source/stdlib/malloc.c.obj
[87/251] Building C object zephyr/soc/soc/nrf52833/CMakeFiles/soc__nordic.dir/validate_enabled_instances.c.obj
[88/251] Building C object zephyr/subsys/bluetooth/host/CMakeFiles/subsys__bluetooth__host.dir/addr.c.obj
[89/251] Building C object zephyr/subsys/random/CMakeFiles/subsys__random.dir/random_entropy_device.c.obj
[90/251] Building C object zephyr/soc/soc/nrf52833/CMakeFiles/soc__nordic.dir/nrf52/soc.c.obj
[91/251] Linking C static library zephyr/lib/libc/picolibc/liblib__libc__picolibc.a
[92/251] Linking C static library zephyr/arch/arch/arm/core/mpu/libarch__arm__core__mpu.a
[93/251] Building C object zephyr/subsys/random/CMakeFiles/subsys__random.dir/random_xoshiro128.c.obj
[94/251] Linking C static library zephyr/soc/soc/nrf52833/libsoc__nordic.a
[95/251] Building C object zephyr/subsys/bluetooth/host/CMakeFiles/subsys__bluetooth__host.dir/uuid.c.obj
[96/251] Linking C static library zephyr/lib/libc/common/liblib__libc__common.a
[97/251] Linking C static library zephyr/subsys/random/libsubsys__random.a
[98/251] Building C object zephyr/subsys/bluetooth/common/CMakeFiles/subsys__bluetooth__common.dir/dummy.c.obj
[99/251] Building C object zephyr/subsys/bluetooth/common/CMakeFiles/subsys__bluetooth__common.dir/bt_str.c.obj
[100/251] Building C object CMakeFiles/app.dir/home/sinis/zephyrproject/zephyr/sinis/cardNewRep/decadriver/deca_device.c.obj
[101/251] Building C object zephyr/subsys/bluetooth/controller/CMakeFiles/subsys__bluetooth__controller.dir/util/mem.c.obj
[102/251] Linking C static library zephyr/subsys/bluetooth/common/libsubsys__bluetooth__common.a
[103/251] Building C object zephyr/subsys/bluetooth/host/CMakeFiles/subsys__bluetooth__host.dir/hci_common.c.obj
[104/251] Linking C static library app/libapp.a
[105/251] Building C object zephyr/lib/net_buf/CMakeFiles/lib__net_buf.dir/buf.c.obj
[106/251] Building C object zephyr/subsys/bluetooth/host/CMakeFiles/subsys__bluetooth__host.dir/data.c.obj
[107/251] Building C object zephyr/arch/arch/arm/core/cortex_m/CMakeFiles/arch__arm__core__cortex_m.dir/fault.c.obj
[108/251] Building C object zephyr/subsys/bluetooth/host/CMakeFiles/subsys__bluetooth__host.dir/buf.c.obj
[109/251] Building C object zephyr/lib/net_buf/CMakeFiles/lib__net_buf.dir/buf_simple.c.obj
[110/251] Building C object zephyr/subsys/bluetooth/controller/CMakeFiles/subsys__bluetooth__controller.dir/util/memq.c.obj
[111/251] Linking C static library zephyr/arch/arch/arm/core/cortex_m/libarch__arm__core__cortex_m.a
[112/251] Building C object zephyr/subsys/bluetooth/controller/CMakeFiles/subsys__bluetooth__controller.dir/util/dbuf.c.obj
[113/251] Building C object zephyr/CMakeFiles/zephyr.dir/subsys/usb/device/class/cdc_acm.c.obj
/home/sinis/zephyrproject/zephyr/subsys/usb/device/class/cdc_acm.c:65:2: warning: #warning "USB_CDC_ACM_LOG_LEVEL forced to LOG_LEVEL_NONE" [-Wcpp]
   65 | #warning "USB_CDC_ACM_LOG_LEVEL forced to LOG_LEVEL_NONE"
      |  ^~~~~~~
[114/251] Linking C static library zephyr/lib/net_buf/liblib__net_buf.a
[115/251] Building C object zephyr/subsys/bluetooth/controller/CMakeFiles/subsys__bluetooth__controller.dir/ll_sw/ll_feat.c.obj
[116/251] Building C object zephyr/subsys/bluetooth/host/CMakeFiles/subsys__bluetooth__host.dir/smp_null.c.obj
[117/251] Building C object zephyr/CMakeFiles/zephyr.dir/subsys/usb/device/usb_descriptor.c.obj
[118/251] Building C object zephyr/subsys/bluetooth/controller/CMakeFiles/subsys__bluetooth__controller.dir/util/util.c.obj
[119/251] Building C object zephyr/subsys/bluetooth/controller/CMakeFiles/subsys__bluetooth__controller.dir/ll_sw/lll_common.c.obj
[120/251] Building C object zephyr/subsys/bluetooth/controller/CMakeFiles/subsys__bluetooth__controller.dir/ll_sw/ll_addr.c.obj
[121/251] Building C object zephyr/subsys/bluetooth/controller/CMakeFiles/subsys__bluetooth__controller.dir/util/mayfly.c.obj
[122/251] Building C object zephyr/subsys/bluetooth/controller/CMakeFiles/subsys__bluetooth__controller.dir/ll_sw/ll_tx_pwr.c.obj
[123/251] Building C object zephyr/subsys/bluetooth/controller/CMakeFiles/subsys__bluetooth__controller.dir/ll_sw/ull_tx_queue.c.obj
[124/251] Building C object zephyr/subsys/bluetooth/controller/CMakeFiles/subsys__bluetooth__controller.dir/ll_sw/ull_chan.c.obj
[125/251] Building C object zephyr/subsys/bluetooth/controller/CMakeFiles/subsys__bluetooth__controller.dir/ll_sw/ull_llcp_chmu.c.obj
[126/251] Building C object zephyr/subsys/bluetooth/controller/CMakeFiles/subsys__bluetooth__controller.dir/ll_sw/ull_llcp_enc.c.obj
[127/251] Building C object zephyr/subsys/bluetooth/host/CMakeFiles/subsys__bluetooth__host.dir/adv.c.obj
[128/251] Building C object zephyr/subsys/bluetooth/controller/CMakeFiles/subsys__bluetooth__controller.dir/ll_sw/ull_llcp_common.c.obj
[129/251] Building C object zephyr/subsys/bluetooth/host/CMakeFiles/subsys__bluetooth__host.dir/id.c.obj
[130/251] Building C object zephyr/subsys/bluetooth/controller/CMakeFiles/subsys__bluetooth__controller.dir/ll_sw/ull_llcp_pdu.c.obj
[131/251] Building C object zephyr/subsys/bluetooth/controller/CMakeFiles/subsys__bluetooth__controller.dir/ll_sw/ull_llcp_local.c.obj
[132/251] Building C object zephyr/subsys/bluetooth/controller/CMakeFiles/subsys__bluetooth__controller.dir/ll_sw/lll_chan.c.obj
[133/251] Building C object zephyr/subsys/bluetooth/controller/CMakeFiles/subsys__bluetooth__controller.dir/hci/hci_driver.c.obj
[134/251] Building C object zephyr/subsys/bluetooth/controller/CMakeFiles/subsys__bluetooth__controller.dir/ll_sw/ull_llcp_phy.c.obj
[135/251] Building C object zephyr/CMakeFiles/zephyr.dir/subsys/usb/device/usb_device.c.obj
[136/251] Building C object zephyr/subsys/bluetooth/controller/CMakeFiles/subsys__bluetooth__controller.dir/ll_sw/ull_adv.c.obj
[137/251] Building C object zephyr/subsys/bluetooth/controller/CMakeFiles/subsys__bluetooth__controller.dir/ll_sw/ull_peripheral.c.obj
[138/251] Building C object zephyr/subsys/bluetooth/controller/CMakeFiles/subsys__bluetooth__controller.dir/ll_sw/ull_llcp.c.obj
[139/251] Linking C static library zephyr/libzephyr.a
[140/251] Building C object zephyr/subsys/bluetooth/controller/ll_sw/nordic/CMakeFiles/subsys__bluetooth__controller__ll_sw__nordic.dir/lll/lll_clock.c.obj
[141/251] Building C object zephyr/subsys/bluetooth/controller/CMakeFiles/subsys__bluetooth__controller.dir/ll_sw/ull.c.obj
[142/251] Building C object zephyr/subsys/bluetooth/controller/CMakeFiles/subsys__bluetooth__controller.dir/ll_sw/ull_llcp_remote.c.obj
[143/251] Building C object zephyr/subsys/bluetooth/controller/CMakeFiles/subsys__bluetooth__controller.dir/ticker/ticker.c.obj
[144/251] Building C object zephyr/subsys/bluetooth/controller/CMakeFiles/subsys__bluetooth__controller.dir/crypto/crypto.c.obj
[145/251] Building C object zephyr/subsys/bluetooth/controller/ll_sw/nordic/CMakeFiles/subsys__bluetooth__controller__ll_sw__nordic.dir/hal/nrf5/mayfly.c.obj
[146/251] Building C object zephyr/subsys/bluetooth/controller/CMakeFiles/subsys__bluetooth__controller.dir/ll_sw/ull_llcp_conn_upd.c.obj
[147/251] Building C object zephyr/subsys/bluetooth/controller/ll_sw/nordic/CMakeFiles/subsys__bluetooth__controller__ll_sw__nordic.dir/hci/hci_vendor.c.obj
[148/251] Building C object zephyr/subsys/bluetooth/controller/ll_sw/nordic/CMakeFiles/subsys__bluetooth__controller__ll_sw__nordic.dir/lll/lll_peripheral.c.obj
[149/251] Building C object zephyr/subsys/bluetooth/controller/ll_sw/nordic/CMakeFiles/subsys__bluetooth__controller__ll_sw__nordic.dir/hal/nrf5/cntr.c.obj
[150/251] Building C object zephyr/subsys/bluetooth/controller/ll_sw/nordic/CMakeFiles/subsys__bluetooth__controller__ll_sw__nordic.dir/hal/nrf5/ticker.c.obj
[151/251] Building C object zephyr/subsys/bluetooth/controller/ll_sw/nordic/CMakeFiles/subsys__bluetooth__controller__ll_sw__nordic.dir/hal/nrf5/ecb.c.obj
[152/251] Building C object zephyr/drivers/console/CMakeFiles/drivers__console.dir/uart_console.c.obj
[153/251] Building C object zephyr/subsys/bluetooth/controller/ll_sw/nordic/CMakeFiles/subsys__bluetooth__controller__ll_sw__nordic.dir/lll/lll.c.obj
[154/251] Building C object zephyr/subsys/bluetooth/controller/CMakeFiles/subsys__bluetooth__controller.dir/ll_sw/ull_conn.c.obj
[155/251] Linking C static library zephyr/drivers/console/libdrivers__console.a
[156/251] Building C object zephyr/drivers/serial/CMakeFiles/drivers__serial.dir/home/sinis/zephyrproject/zephyr/misc/empty_file.c.obj
[157/251] Building C object zephyr/subsys/bluetooth/controller/ll_sw/nordic/CMakeFiles/subsys__bluetooth__controller__ll_sw__nordic.dir/lll/lll_conn.c.obj
[158/251] Building C object zephyr/drivers/entropy/CMakeFiles/drivers__entropy.dir/entropy_bt_hci.c.obj
[159/251] Linking C static library zephyr/drivers/serial/libdrivers__serial.a
[160/251] Building C object zephyr/drivers/entropy/CMakeFiles/drivers__entropy.dir/entropy_nrf5.c.obj
[161/251] Building C object zephyr/drivers/pinctrl/CMakeFiles/drivers__pinctrl.dir/common.c.obj
[162/251] Building C object zephyr/drivers/hwinfo/CMakeFiles/drivers__hwinfo.dir/hwinfo_weak_impl.c.obj
[163/251] Building C object zephyr/subsys/bluetooth/controller/ll_sw/nordic/CMakeFiles/subsys__bluetooth__controller__ll_sw__nordic.dir/lll/lll_adv.c.obj
[164/251] Building C object zephyr/subsys/bluetooth/controller/CMakeFiles/subsys__bluetooth__controller.dir/hci/hci.c.obj
[165/251] Linking C static library zephyr/drivers/entropy/libdrivers__entropy.a
[166/251] Building C object zephyr/drivers/clock_control/CMakeFiles/drivers__clock_control.dir/clock_control_nrf.c.obj
[167/251] Building C object modules/hal_nordic/nrfx/CMakeFiles/modules__hal_nordic__nrfx.dir/home/sinis/zephyrproject/modules/hal/nordic/nrfx/mdk/system_nrf52833.c.obj
[168/251] Building C object zephyr/drivers/hwinfo/CMakeFiles/drivers__hwinfo.dir/hwinfo_nrf.c.obj
[169/251] Linking C static library zephyr/subsys/bluetooth/controller/libsubsys__bluetooth__controller.a
[170/251] Building C object zephyr/drivers/timer/CMakeFiles/drivers__timer.dir/sys_clock_init.c.obj
[171/251] Building C object zephyr/subsys/bluetooth/host/CMakeFiles/subsys__bluetooth__host.dir/l2cap.c.obj
[172/251] Linking C static library zephyr/drivers/clock_control/libdrivers__clock_control.a
[173/251] Linking C static library zephyr/drivers/hwinfo/libdrivers__hwinfo.a
[174/251] Building C object zephyr/drivers/i2c/CMakeFiles/drivers__i2c.dir/i2c_nrfx_twi.c.obj
[175/251] Building C object zephyr/drivers/i2c/CMakeFiles/drivers__i2c.dir/i2c_common.c.obj
[176/251] Building C object zephyr/drivers/led/CMakeFiles/drivers__led.dir/led_gpio.c.obj
[177/251] Linking C static library zephyr/drivers/led/libdrivers__led.a
[178/251] Building C object modules/hal_nordic/nrfx/CMakeFiles/modules__hal_nordic__nrfx.dir/home/sinis/zephyrproject/modules/hal/nordic/nrfx/helpers/nrfx_flag32_allocator.c.obj
[179/251] Building C object modules/hal_nordic/nrfx/CMakeFiles/modules__hal_nordic__nrfx.dir/nrfx_glue.c.obj
[180/251] Building C object modules/hal_nordic/nrfx/CMakeFiles/modules__hal_nordic__nrfx.dir/home/sinis/zephyrproject/modules/hal/nordic/nrfx/helpers/nrfx_ram_ctrl.c.obj
[181/251] Building C object zephyr/drivers/i2c/CMakeFiles/drivers__i2c.dir/i2c_nrfx_twi_common.c.obj
[182/251] Linking C static library zephyr/drivers/i2c/libdrivers__i2c.a
[183/251] Building C object modules/segger/CMakeFiles/modules__segger.dir/SEGGER_RTT_zephyr.c.obj
[184/251] Building C object zephyr/kernel/CMakeFiles/kernel.dir/main_weak.c.obj
[185/251] Building C object zephyr/drivers/pinctrl/CMakeFiles/drivers__pinctrl.dir/pinctrl_nrf.c.obj
[186/251] Building C object zephyr/drivers/timer/CMakeFiles/drivers__timer.dir/nrf_rtc_timer.c.obj
[187/251] Building C object zephyr/kernel/CMakeFiles/kernel.dir/banner.c.obj
[188/251] Building C object zephyr/kernel/CMakeFiles/kernel.dir/device.c.obj
[189/251] Building C object zephyr/kernel/CMakeFiles/kernel.dir/init_static.c.obj
[190/251] Linking C static library zephyr/drivers/pinctrl/libdrivers__pinctrl.a
[191/251] Building C object zephyr/kernel/CMakeFiles/kernel.dir/busy_wait.c.obj
[192/251] Building C object modules/hal_nordic/nrfx/CMakeFiles/modules__hal_nordic__nrfx.dir/home/sinis/zephyrproject/modules/hal/nordic/nrfx/drivers/src/nrfx_clock.c.obj
[193/251] Linking C static library zephyr/drivers/timer/libdrivers__timer.a
[194/251] Building C object zephyr/kernel/CMakeFiles/kernel.dir/version.c.obj
[195/251] Building C object zephyr/drivers/spi/CMakeFiles/drivers__spi.dir/spi_nrfx_common.c.obj
[196/251] Building C object modules/hal_nordic/nrfx/CMakeFiles/modules__hal_nordic__nrfx.dir/home/sinis/zephyrproject/modules/hal/nordic/nrfx/drivers/src/nrfx_power.c.obj
[197/251] Building C object zephyr/drivers/gpio/CMakeFiles/drivers__gpio.dir/gpio_nrfx.c.obj
[198/251] Linking C static library zephyr/drivers/gpio/libdrivers__gpio.a
[199/251] Building C object zephyr/kernel/CMakeFiles/kernel.dir/errno.c.obj
[200/251] Building C object modules/segger/CMakeFiles/modules__segger.dir/home/sinis/zephyrproject/modules/debug/segger/SEGGER/SEGGER_RTT.c.obj
[201/251] Linking C static library modules/segger/libmodules__segger.a
[202/251] Building C object zephyr/subsys/bluetooth/controller/ll_sw/nordic/CMakeFiles/subsys__bluetooth__controller__ll_sw__nordic.dir/hal/nrf5/radio/radio.c.obj
[203/251] Building C object zephyr/subsys/bluetooth/host/CMakeFiles/subsys__bluetooth__host.dir/gatt.c.obj
[204/251] Building C object zephyr/kernel/CMakeFiles/kernel.dir/float.c.obj
[205/251] Linking C static library zephyr/subsys/bluetooth/controller/ll_sw/nordic/libsubsys__bluetooth__controller__ll_sw__nordic.a
[206/251] Building C object zephyr/kernel/CMakeFiles/kernel.dir/idle.c.obj
[207/251] Building C object zephyr/drivers/usb/common/nrf_usbd_common/CMakeFiles/drivers__usb__common__nrf_usbd_common.dir/nrf_usbd_common.c.obj
[208/251] Building C object zephyr/kernel/CMakeFiles/kernel.dir/kheap.c.obj
[209/251] Building C object zephyr/kernel/CMakeFiles/kernel.dir/init.c.obj
[210/251] Building C object zephyr/kernel/CMakeFiles/kernel.dir/mem_slab.c.obj
[211/251] Building C object zephyr/kernel/CMakeFiles/kernel.dir/fatal.c.obj
[212/251] Building C object modules/hal_nordic/nrfx/CMakeFiles/modules__hal_nordic__nrfx.dir/home/sinis/zephyrproject/modules/hal/nordic/nrfx/drivers/src/nrfx_twi_twim.c.obj
[213/251] Linking C static library zephyr/drivers/usb/common/nrf_usbd_common/libdrivers__usb__common__nrf_usbd_common.a
[214/251] Building C object zephyr/kernel/CMakeFiles/kernel.dir/system_work_q.c.obj
[215/251] Building C object zephyr/kernel/CMakeFiles/kernel.dir/mailbox.c.obj
[216/251] Building C object zephyr/kernel/CMakeFiles/kernel.dir/sem.c.obj
[217/251] Building C object zephyr/kernel/CMakeFiles/kernel.dir/stack.c.obj
[218/251] Building C object zephyr/kernel/CMakeFiles/kernel.dir/msg_q.c.obj
[219/251] Building C object zephyr/kernel/CMakeFiles/kernel.dir/queue.c.obj
[220/251] Building C object zephyr/kernel/CMakeFiles/kernel.dir/condvar.c.obj
[221/251] Building C object zephyr/kernel/CMakeFiles/kernel.dir/xip.c.obj
[222/251] Building C object zephyr/kernel/CMakeFiles/kernel.dir/timeslicing.c.obj
[223/251] Building C object zephyr/kernel/CMakeFiles/kernel.dir/pipe.c.obj
[224/251] Building C object zephyr/kernel/CMakeFiles/kernel.dir/mempool.c.obj
[225/251] Building C object zephyr/kernel/CMakeFiles/kernel.dir/timer.c.obj
[226/251] Building C object zephyr/kernel/CMakeFiles/kernel.dir/dynamic_disabled.c.obj
[227/251] Building C object zephyr/kernel/CMakeFiles/kernel.dir/mutex.c.obj
[228/251] Building C object zephyr/kernel/CMakeFiles/kernel.dir/timeout.c.obj
[229/251] Building C object zephyr/kernel/CMakeFiles/kernel.dir/thread.c.obj
[230/251] Building C object zephyr/subsys/bluetooth/host/CMakeFiles/subsys__bluetooth__host.dir/conn.c.obj
[231/251] Building C object zephyr/kernel/CMakeFiles/kernel.dir/work.c.obj
[232/251] Building C object zephyr/kernel/CMakeFiles/kernel.dir/poll.c.obj
[233/251] Building C object modules/hal_nordic/nrfx/CMakeFiles/modules__hal_nordic__nrfx.dir/home/sinis/zephyrproject/modules/hal/nordic/nrfx/drivers/src/nrfx_spi.c.obj
[234/251] Building C object zephyr/drivers/usb/device/CMakeFiles/drivers__usb__device.dir/usb_dc_nrfx.c.obj
[235/251] Linking C static library zephyr/drivers/usb/device/libdrivers__usb__device.a
[236/251] Building C object zephyr/drivers/spi/CMakeFiles/drivers__spi.dir/spi_nrfx_spi.c.obj
[237/251] Linking C static library zephyr/drivers/spi/libdrivers__spi.a
[238/251] Building C object modules/hal_nordic/nrfx/CMakeFiles/modules__hal_nordic__nrfx.dir/home/sinis/zephyrproject/modules/hal/nordic/nrfx/drivers/src/nrfx_twi.c.obj
[239/251] Building C object zephyr/kernel/CMakeFiles/kernel.dir/sched.c.obj
[240/251] Linking C static library zephyr/kernel/libkernel.a
[241/251] Building C object zephyr/subsys/bluetooth/host/CMakeFiles/subsys__bluetooth__host.dir/att.c.obj
[242/251] Building C object modules/hal_nordic/nrfx/CMakeFiles/modules__hal_nordic__nrfx.dir/home/sinis/zephyrproject/modules/hal/nordic/nrfx/drivers/src/nrfx_gpiote.c.obj
[243/251] Linking C static library modules/hal_nordic/nrfx/libmodules__hal_nordic__nrfx.a
[244/251] Building C object zephyr/subsys/bluetooth/host/CMakeFiles/subsys__bluetooth__host.dir/hci_core.c.obj
[245/251] Linking C static library zephyr/subsys/bluetooth/host/libsubsys__bluetooth__host.a
[246/251] Linking C executable zephyr/zephyr_pre0.elf
[247/251] Generating linker.cmd
[248/251] Generating isr_tables.c, isr_tables_vt.ld, isr_tables_swi.ld
[249/251] Building C object zephyr/CMakeFiles/zephyr_final.dir/misc/empty_file.c.obj
[250/251] Building C object zephyr/CMakeFiles/zephyr_final.dir/isr_tables.c.obj
[251/251] Linking C executable zephyr/zephyr.elf
Memory region         Used Size  Region Size  %age Used
           FLASH:      149796 B       512 KB     28.57%
             RAM:       32136 B       128 KB     24.52%
        IDT_LIST:          0 GB        32 KB      0.00%
Generating files from /home/sinis/zephyrproject/zephyr/sinis/resultCard/build/zephyr/zephyr.elf for board: raytac_mdbt50_db_33
