-- west build: generating a build system
-- Application: /home/sinis/zephyrproject/zephyr/sinis/bluetooth/peripheral_gatt_write
-- CMake version: 4.0.0
-- Found Python3: /home/sinis/zephyrproject/.venv/bin/python3 (found suitable version "3.12.3", minimum required is "3.10") found components: Interpreter
-- Cache files will be written to: /home/sinis/.cache/zephyr
-- Zephyr version: 4.1.99 (/home/sinis/zephyrproject/zephyr)
-- Found west (found suitable version "1.3.0", minimum required is "0.14.0")
-- Board: atlas_nrf52833, qualifiers: nrf52833
-- ZEPHYR_TOOLCHAIN_VARIANT not set, trying to locate Zephyr SDK
-- Found host-tools: zephyr 0.17.0 (/home/sinis/zephyr-sdk-0.17.0)
-- Found toolchain: zephyr 0.17.0 (/home/sinis/zephyr-sdk-0.17.0)
-- Found Dtc: /home/sinis/zephyr-sdk-0.17.0/sysroots/x86_64-pokysdk-linux/usr/bin/dtc (found suitable version "1.6.0", minimum required is "1.4.6")
-- Found BOARD.dts: /home/sinis/zephyrproject/zephyr/boards/sinis/atlas_nrf52833/atlas_nrf52833.dts
-- Generated zephyr.dts: /home/sinis/zephyrproject/zephyr/sinis/bluetooth/peripheral_gatt_write/build/zephyr/zephyr.dts
-- Generated pickled edt: /home/sinis/zephyrproject/zephyr/sinis/bluetooth/peripheral_gatt_write/build/zephyr/edt.pickle
-- Generated devicetree_generated.h: /home/sinis/zephyrproject/zephyr/sinis/bluetooth/peripheral_gatt_write/build/zephyr/include/generated/zephyr/devicetree_generated.h
-- Including generated dts.cmake file: /home/sinis/zephyrproject/zephyr/sinis/bluetooth/peripheral_gatt_write/build/zephyr/dts.cmake
Parsing /home/sinis/zephyrproject/zephyr/Kconfig
Loaded configuration '/home/sinis/zephyrproject/zephyr/boards/sinis/atlas_nrf52833/atlas_nrf52833_defconfig'
Merged configuration '/home/sinis/zephyrproject/zephyr/sinis/bluetooth/peripheral_gatt_write/prj.conf'
Configuration saved to '/home/sinis/zephyrproject/zephyr/sinis/bluetooth/peripheral_gatt_write/build/zephyr/.config'
Kconfig header saved to '/home/sinis/zephyrproject/zephyr/sinis/bluetooth/peripheral_gatt_write/build/zephyr/include/generated/zephyr/autoconf.h'
-- Found GnuLd: /home/sinis/zephyr-sdk-0.17.0/arm-zephyr-eabi/arm-zephyr-eabi/bin/ld.bfd (found version "2.38")
-- The C compiler identification is GNU 12.2.0
-- The CXX compiler identification is GNU 12.2.0
-- The ASM compiler identification is GNU
-- Found assembler: /home/sinis/zephyr-sdk-0.17.0/arm-zephyr-eabi/bin/arm-zephyr-eabi-gcc
-- Using ccache: /usr/bin/ccache
-- Configuring done (2.0s)
-- Generating done (0.1s)
-- Build files have been written to: /home/sinis/zephyrproject/zephyr/sinis/bluetooth/peripheral_gatt_write/build
-- west build: building application
[1/327] Preparing syscall dependency handling

[2/327] Generating include/generated/zephyr/version.h
-- Zephyr version: 4.1.99 (/home/sinis/zephyrproject/zephyr), build: v4.1.0-1511-g19c6240b6865
[3/327] Generating misc/generated/syscalls_subdirs.trigger
[4/327] Generating misc/generated/syscalls.json, misc/generated/struct_tags.json
[5/327] Generating include/generated/device-api-sections.ld, include/generated/device-api-sections.cmake
[6/327] Generating include/generated/zephyr/syscall_dispatch.c, include/generated/zephyr/syscall_exports_llext.c, syscall_weakdefs_llext.c, include/generated/zephyr/syscall_list.h
[7/327] Generating include/generated/zephyr/kobj-types-enum.h, include/generated/zephyr/otype-to-str.h, include/generated/zephyr/otype-to-size.h
[8/327] Generating include/generated/zephyr/driver-validation.h
[9/327] Building C object zephyr/CMakeFiles/offsets.dir/arch/arm/core/offsets/offsets.c.obj
[10/327] Generating include/generated/zephyr/offsets.h
[11/327] Building C object CMakeFiles/app.dir/src/main.c.obj
[12/327] Building C object zephyr/CMakeFiles/zephyr.dir/misc/generated/configs.c.obj
[13/327] Building C object zephyr/CMakeFiles/zephyr.dir/lib/utils/hex.c.obj
[14/327] Building C object zephyr/CMakeFiles/zephyr.dir/lib/utils/dec.c.obj
[15/327] Building C object zephyr/CMakeFiles/zephyr.dir/subsys/logging/log_cache.c.obj
[16/327] Building C object zephyr/CMakeFiles/zephyr.dir/lib/utils/timeutil.c.obj
[17/327] Building C object zephyr/CMakeFiles/zephyr.dir/lib/utils/ring_buffer.c.obj
[18/327] Building ASM object zephyr/arch/arch/arm/core/CMakeFiles/arch__arm__core.dir/nmi_on_reset.S.obj
[19/327] Building C object zephyr/CMakeFiles/zephyr.dir/lib/os/sem.c.obj
[20/327] Generating linker_zephyr_pre0.cmd
[21/327] Building C object zephyr/CMakeFiles/zephyr.dir/lib/os/assert.c.obj
[22/327] Building C object zephyr/CMakeFiles/zephyr.dir/subsys/tracing/tracing_none.c.obj
[23/327] Building C object zephyr/CMakeFiles/zephyr.dir/lib/utils/notify.c.obj
[24/327] Building C object zephyr/CMakeFiles/zephyr.dir/subsys/mem_mgmt/mem_attr.c.obj
[25/327] Building C object zephyr/CMakeFiles/zephyr.dir/lib/os/thread_entry.c.obj
[26/327] Building C object zephyr/CMakeFiles/zephyr_pre0.dir/misc/empty_file.c.obj
[27/327] Building ASM object zephyr/arch/arch/arm/core/cortex_m/CMakeFiles/arch__arm__core__cortex_m.dir/fault_s.S.obj
[28/327] Building C object CMakeFiles/app.dir/src/peripheral_gatt_write.c.obj
[29/327] Building C object zephyr/CMakeFiles/zephyr.dir/lib/os/printk.c.obj
[30/327] Building ASM object zephyr/arch/arch/arm/core/cortex_m/CMakeFiles/arch__arm__core__cortex_m.dir/reset.S.obj
[31/327] Building C object CMakeFiles/app.dir/home/sinis/zephyrproject/zephyr/sinis/bluetooth/central_gatt_write/src/gatt_write_common.c.obj
[32/327] Building C object zephyr/arch/common/CMakeFiles/arch__common.dir/sw_isr_common.c.obj
[33/327] Building C object zephyr/arch/common/CMakeFiles/isr_tables.dir/isr_tables.c.obj
[34/327] Building ASM object zephyr/arch/arch/arm/core/cortex_m/CMakeFiles/arch__arm__core__cortex_m.dir/vector_table.S.obj
[35/327] Linking C static library app/libapp.a
[36/327] Building C object zephyr/CMakeFiles/zephyr.dir/subsys/logging/log_mgmt.c.obj
[37/327] Building C object zephyr/CMakeFiles/zephyr.dir/subsys/logging/log_msg.c.obj
[38/327] Linking C static library zephyr/arch/common/libisr_tables.a
[39/327] Building C object zephyr/arch/arch/arm/core/CMakeFiles/arch__arm__core.dir/nmi.c.obj
[40/327] Building ASM object zephyr/arch/arch/arm/core/cortex_m/CMakeFiles/arch__arm__core__cortex_m.dir/swap_helper.S.obj
[41/327] Building ASM object zephyr/arch/arch/arm/core/cortex_m/CMakeFiles/arch__arm__core__cortex_m.dir/__aeabi_read_tp.S.obj
[42/327] Building C object zephyr/CMakeFiles/zephyr.dir/lib/heap/heap.c.obj
[43/327] Linking C static library zephyr/arch/common/libarch__common.a
[44/327] Building C object zephyr/CMakeFiles/zephyr.dir/lib/os/cbprintf_complete.c.obj
[45/327] Building C object zephyr/CMakeFiles/zephyr.dir/lib/utils/onoff.c.obj
[46/327] Building C object zephyr/arch/arch/arm/core/cortex_m/CMakeFiles/arch__arm__core__cortex_m.dir/exc_exit.c.obj
[47/327] Building C object zephyr/arch/arch/arm/core/cortex_m/CMakeFiles/arch__arm__core__cortex_m.dir/scb.c.obj
[48/327] Building C object zephyr/arch/arch/arm/core/cortex_m/CMakeFiles/arch__arm__core__cortex_m.dir/thread_abort.c.obj
[49/327] Building C object zephyr/arch/arch/arm/core/CMakeFiles/arch__arm__core.dir/tls.c.obj
[50/327] Building C object zephyr/arch/arch/arm/core/cortex_m/CMakeFiles/arch__arm__core__cortex_m.dir/fpu.c.obj
[51/327] Building C object zephyr/CMakeFiles/zephyr.dir/lib/os/mpsc_pbuf.c.obj
[52/327] Building C object zephyr/arch/arch/arm/core/cortex_m/CMakeFiles/arch__arm__core__cortex_m.dir/irq_manage.c.obj
[53/327] Building C object zephyr/CMakeFiles/zephyr.dir/lib/utils/rb.c.obj
[54/327] Building C object zephyr/CMakeFiles/zephyr.dir/lib/os/cbprintf_packaged.c.obj
[55/327] Building C object zephyr/CMakeFiles/zephyr.dir/lib/utils/bitarray.c.obj
[56/327] Building C object zephyr/arch/arch/arm/core/cortex_m/CMakeFiles/arch__arm__core__cortex_m.dir/irq_init.c.obj
[57/327] Building C object zephyr/arch/arch/arm/core/CMakeFiles/arch__arm__core.dir/fatal.c.obj
[58/327] Building C object zephyr/arch/arch/arm/core/cortex_m/CMakeFiles/arch__arm__core__cortex_m.dir/thread.c.obj
[59/327] Building C object zephyr/CMakeFiles/zephyr.dir/subsys/logging/log_core.c.obj
[60/327] Linking C static library zephyr/arch/arch/arm/core/libarch__arm__core.a
[61/327] Building C object zephyr/arch/arch/arm/core/mpu/CMakeFiles/arch__arm__core__mpu.dir/arm_mpu_regions.c.obj
[62/327] Building C object zephyr/arch/arch/arm/core/cortex_m/CMakeFiles/arch__arm__core__cortex_m.dir/isr_wrapper.c.obj
[63/327] Building C object zephyr/arch/arch/arm/core/cortex_m/CMakeFiles/arch__arm__core__cortex_m.dir/cpu_idle.c.obj
[64/327] Building C object zephyr/arch/arch/arm/core/mpu/CMakeFiles/arch__arm__core__mpu.dir/arm_core_mpu.c.obj
[65/327] Building C object zephyr/lib/libc/picolibc/CMakeFiles/lib__libc__picolibc.dir/assert.c.obj
[66/327] Building C object zephyr/arch/arch/arm/core/cortex_m/CMakeFiles/arch__arm__core__cortex_m.dir/prep_c.c.obj
[67/327] Linking C static library zephyr/libzephyr.a
[68/327] Building C object zephyr/lib/libc/picolibc/CMakeFiles/lib__libc__picolibc.dir/chk_fail.c.obj
[69/327] Building C object zephyr/subsys/bluetooth/common/CMakeFiles/subsys__bluetooth__common.dir/addr.c.obj
[70/327] Building C object zephyr/lib/libc/picolibc/CMakeFiles/lib__libc__picolibc.dir/errno_wrap.c.obj
[71/327] Building C object zephyr/lib/libc/picolibc/CMakeFiles/lib__libc__picolibc.dir/cbprintf.c.obj
[72/327] Building C object zephyr/lib/libc/picolibc/CMakeFiles/lib__libc__picolibc.dir/stdio.c.obj
[73/327] Building C object zephyr/lib/libc/common/CMakeFiles/lib__libc__common.dir/source/stdlib/abort.c.obj
[74/327] Building C object zephyr/lib/libc/picolibc/CMakeFiles/lib__libc__picolibc.dir/locks.c.obj
[75/327] Building C object zephyr/lib/libc/picolibc/CMakeFiles/lib__libc__picolibc.dir/exit.c.obj
[76/327] Building C object zephyr/soc/soc/nrf52833/CMakeFiles/soc__nordic.dir/validate_binding_headers.c.obj
[77/327] Linking C static library zephyr/lib/libc/picolibc/liblib__libc__picolibc.a
[78/327] Building C object zephyr/lib/libc/common/CMakeFiles/lib__libc__common.dir/source/stdlib/malloc.c.obj
[79/327] Building C object zephyr/soc/soc/nrf52833/CMakeFiles/soc__nordic.dir/validate_enabled_instances.c.obj
[80/327] Linking C static library zephyr/lib/libc/common/liblib__libc__common.a
[81/327] Building C object zephyr/subsys/random/CMakeFiles/subsys__random.dir/random_xoshiro128.c.obj
[82/327] Building C object zephyr/subsys/bluetooth/host/CMakeFiles/subsys__bluetooth__host.dir/uuid.c.obj
[83/327] Building C object zephyr/soc/soc/nrf52833/CMakeFiles/soc__nordic.dir/validate_base_addresses.c.obj
[84/327] Building C object zephyr/soc/soc/nrf52833/CMakeFiles/soc__nordic.dir/nrf52/soc.c.obj
[85/327] Building C object zephyr/subsys/random/CMakeFiles/subsys__random.dir/random_entropy_device.c.obj
[86/327] Building C object zephyr/subsys/bluetooth/host/CMakeFiles/subsys__bluetooth__host.dir/addr.c.obj
[87/327] Linking C static library zephyr/soc/soc/nrf52833/libsoc__nordic.a
[88/327] Building C object zephyr/subsys/bluetooth/common/CMakeFiles/subsys__bluetooth__common.dir/dummy.c.obj
[89/327] Building C object zephyr/arch/arch/arm/core/mpu/CMakeFiles/arch__arm__core__mpu.dir/arm_mpu.c.obj
[90/327] Building C object zephyr/subsys/bluetooth/host/CMakeFiles/subsys__bluetooth__host.dir/long_wq.c.obj
[91/327] Linking C static library zephyr/subsys/random/libsubsys__random.a
[92/327] Building C object zephyr/subsys/bluetooth/common/CMakeFiles/subsys__bluetooth__common.dir/bt_str.c.obj
[93/327] Linking C static library zephyr/arch/arch/arm/core/mpu/libarch__arm__core__mpu.a
[94/327] Building C object zephyr/lib/net_buf/CMakeFiles/lib__net_buf.dir/buf.c.obj
[95/327] Building C object zephyr/subsys/bluetooth/host/CMakeFiles/subsys__bluetooth__host.dir/hci_common.c.obj
[96/327] Building C object zephyr/subsys/bluetooth/common/CMakeFiles/subsys__bluetooth__common.dir/rpa.c.obj
[97/327] Building C object zephyr/subsys/bluetooth/controller/CMakeFiles/subsys__bluetooth__controller.dir/util/mem.c.obj
[98/327] Building C object zephyr/subsys/bluetooth/host/CMakeFiles/subsys__bluetooth__host.dir/data.c.obj
[99/327] Linking C static library zephyr/subsys/bluetooth/common/libsubsys__bluetooth__common.a
[100/327] Building C object zephyr/subsys/bluetooth/host/CMakeFiles/subsys__bluetooth__host.dir/buf.c.obj
[101/327] Building C object zephyr/arch/arch/arm/core/cortex_m/CMakeFiles/arch__arm__core__cortex_m.dir/fault.c.obj
[102/327] Building C object zephyr/lib/net_buf/CMakeFiles/lib__net_buf.dir/buf_simple.c.obj
[103/327] Linking C static library zephyr/arch/arch/arm/core/cortex_m/libarch__arm__core__cortex_m.a
[104/327] Building C object zephyr/subsys/bluetooth/controller/CMakeFiles/subsys__bluetooth__controller.dir/util/dbuf.c.obj
[105/327] Building C object zephyr/subsys/bluetooth/controller/CMakeFiles/subsys__bluetooth__controller.dir/util/memq.c.obj
[106/327] Linking C static library zephyr/lib/net_buf/liblib__net_buf.a
[107/327] Building C object zephyr/subsys/bluetooth/controller/CMakeFiles/subsys__bluetooth__controller.dir/ll_sw/ll_feat.c.obj
[108/327] Building C object zephyr/subsys/bluetooth/crypto/CMakeFiles/subsys__bluetooth__crypto.dir/bt_crypto_psa.c.obj
[109/327] Building C object zephyr/subsys/bluetooth/controller/CMakeFiles/subsys__bluetooth__controller.dir/util/mayfly.c.obj
[110/327] Building C object zephyr/subsys/bluetooth/controller/CMakeFiles/subsys__bluetooth__controller.dir/ll_sw/ll_tx_pwr.c.obj
[111/327] Building C object zephyr/subsys/bluetooth/controller/CMakeFiles/subsys__bluetooth__controller.dir/ll_sw/lll_common.c.obj
[112/327] Building C object zephyr/subsys/bluetooth/controller/CMakeFiles/subsys__bluetooth__controller.dir/util/util.c.obj
[113/327] Building C object zephyr/subsys/bluetooth/controller/CMakeFiles/subsys__bluetooth__controller.dir/ll_sw/ll_addr.c.obj
[114/327] Building C object zephyr/subsys/bluetooth/controller/CMakeFiles/subsys__bluetooth__controller.dir/ll_sw/ull_tx_queue.c.obj
[115/327] Building C object zephyr/subsys/bluetooth/host/CMakeFiles/subsys__bluetooth__host.dir/ecc.c.obj
[116/327] Building C object zephyr/subsys/bluetooth/host/CMakeFiles/subsys__bluetooth__host.dir/keys.c.obj
[117/327] Building C object zephyr/subsys/bluetooth/host/CMakeFiles/subsys__bluetooth__host.dir/adv.c.obj
[118/327] Building C object zephyr/subsys/bluetooth/controller/CMakeFiles/subsys__bluetooth__controller.dir/ll_sw/ull_llcp_enc.c.obj
[119/327] Building C object zephyr/subsys/bluetooth/controller/CMakeFiles/subsys__bluetooth__controller.dir/ll_sw/ull_llcp_chmu.c.obj
[120/327] Building C object zephyr/subsys/bluetooth/controller/CMakeFiles/subsys__bluetooth__controller.dir/ll_sw/ull_chan.c.obj
[121/327] Building C object zephyr/subsys/bluetooth/controller/CMakeFiles/subsys__bluetooth__controller.dir/ll_sw/ull_llcp_local.c.obj
[122/327] Building C object zephyr/subsys/bluetooth/controller/CMakeFiles/subsys__bluetooth__controller.dir/ll_sw/ull_llcp_common.c.obj
[123/327] Building C object zephyr/subsys/bluetooth/controller/CMakeFiles/subsys__bluetooth__controller.dir/hci/hci_driver.c.obj
[124/327] Building C object zephyr/subsys/bluetooth/controller/CMakeFiles/subsys__bluetooth__controller.dir/ll_sw/ull_llcp_phy.c.obj
[125/327] Building C object zephyr/subsys/bluetooth/controller/CMakeFiles/subsys__bluetooth__controller.dir/ll_sw/lll_chan.c.obj
[126/327] Building C object zephyr/subsys/bluetooth/controller/CMakeFiles/subsys__bluetooth__controller.dir/ll_sw/ull_llcp_pdu.c.obj
[127/327] Building C object zephyr/subsys/bluetooth/controller/CMakeFiles/subsys__bluetooth__controller.dir/ll_sw/ull_adv.c.obj
[128/327] Building C object zephyr/subsys/bluetooth/controller/CMakeFiles/subsys__bluetooth__controller.dir/ll_sw/ull_llcp_conn_upd.c.obj
[129/327] Building C object zephyr/subsys/bluetooth/crypto/CMakeFiles/subsys__bluetooth__crypto.dir/bt_crypto.c.obj
[130/327] Building C object zephyr/subsys/bluetooth/controller/CMakeFiles/subsys__bluetooth__controller.dir/ll_sw/ull_peripheral.c.obj
[131/327] Building C object zephyr/subsys/bluetooth/controller/CMakeFiles/subsys__bluetooth__controller.dir/ll_sw/ull.c.obj
[132/327] Building C object zephyr/subsys/bluetooth/controller/CMakeFiles/subsys__bluetooth__controller.dir/ll_sw/ull_llcp_remote.c.obj
[133/327] Linking C static library zephyr/subsys/bluetooth/crypto/libsubsys__bluetooth__crypto.a
[134/327] Building C object zephyr/subsys/bluetooth/controller/CMakeFiles/subsys__bluetooth__controller.dir/ticker/ticker.c.obj
[135/327] Building C object zephyr/subsys/bluetooth/controller/CMakeFiles/subsys__bluetooth__controller.dir/crypto/crypto.c.obj
[136/327] Building C object zephyr/subsys/bluetooth/controller/ll_sw/nordic/CMakeFiles/subsys__bluetooth__controller__ll_sw__nordic.dir/lll/lll_clock.c.obj
[137/327] Building C object zephyr/subsys/bluetooth/controller/CMakeFiles/subsys__bluetooth__controller.dir/ll_sw/ull_llcp.c.obj
[138/327] Building C object zephyr/subsys/bluetooth/controller/ll_sw/nordic/CMakeFiles/subsys__bluetooth__controller__ll_sw__nordic.dir/lll/lll_peripheral.c.obj
[139/327] Building C object zephyr/subsys/bluetooth/controller/ll_sw/nordic/CMakeFiles/subsys__bluetooth__controller__ll_sw__nordic.dir/hal/nrf5/cntr.c.obj
[140/327] Building C object zephyr/subsys/bluetooth/controller/ll_sw/nordic/CMakeFiles/subsys__bluetooth__controller__ll_sw__nordic.dir/hci/hci_vendor.c.obj
[141/327] Building C object zephyr/subsys/bluetooth/controller/ll_sw/nordic/CMakeFiles/subsys__bluetooth__controller__ll_sw__nordic.dir/hal/nrf5/mayfly.c.obj
[142/327] Building C object modules/hal_nordic/nrfx/CMakeFiles/modules__hal_nordic__nrfx.dir/home/sinis/zephyrproject/modules/hal/nordic/nrfx/mdk/system_nrf52833.c.obj
[143/327] Building C object zephyr/subsys/bluetooth/controller/ll_sw/nordic/CMakeFiles/subsys__bluetooth__controller__ll_sw__nordic.dir/hal/nrf5/ecb.c.obj
[144/327] Building C object zephyr/subsys/bluetooth/host/CMakeFiles/subsys__bluetooth__host.dir/id.c.obj
[145/327] Building C object zephyr/subsys/bluetooth/controller/ll_sw/nordic/CMakeFiles/subsys__bluetooth__controller__ll_sw__nordic.dir/lll/lll.c.obj
[146/327] Building C object zephyr/subsys/bluetooth/controller/CMakeFiles/subsys__bluetooth__controller.dir/ll_sw/ull_conn.c.obj
[147/327] Building C object zephyr/subsys/bluetooth/controller/ll_sw/nordic/CMakeFiles/subsys__bluetooth__controller__ll_sw__nordic.dir/hal/nrf5/ticker.c.obj
[148/327] Building C object zephyr/drivers/entropy/CMakeFiles/drivers__entropy.dir/entropy_bt_hci.c.obj
[149/327] Building C object zephyr/subsys/bluetooth/controller/ll_sw/nordic/CMakeFiles/subsys__bluetooth__controller__ll_sw__nordic.dir/lll/lll_conn.c.obj
[150/327] Building C object zephyr/drivers/timer/CMakeFiles/drivers__timer.dir/sys_clock_init.c.obj
[151/327] Building C object modules/mbedtls/CMakeFiles/mbedTLSBase.dir/home/sinis/zephyrproject/modules/crypto/mbedtls/library/aesni.c.obj
[152/327] Building C object zephyr/drivers/entropy/CMakeFiles/drivers__entropy.dir/entropy_nrf5.c.obj
[153/327] Building C object modules/mbedtls/CMakeFiles/mbedTLSBase.dir/home/sinis/zephyrproject/modules/crypto/mbedtls/library/asn1parse.c.obj
[154/327] Building C object modules/mbedtls/CMakeFiles/mbedTLSBase.dir/home/sinis/zephyrproject/modules/crypto/mbedtls/library/aria.c.obj
[155/327] Building C object modules/mbedtls/CMakeFiles/mbedTLSBase.dir/home/sinis/zephyrproject/modules/crypto/mbedtls/library/asn1write.c.obj
[156/327] Building C object modules/mbedtls/CMakeFiles/mbedTLSBase.dir/home/sinis/zephyrproject/modules/crypto/mbedtls/library/bignum_core.c.obj
[157/327] Building C object modules/mbedtls/CMakeFiles/mbedTLSBase.dir/home/sinis/zephyrproject/modules/crypto/mbedtls/library/base64.c.obj
[158/327] Linking C static library zephyr/drivers/entropy/libdrivers__entropy.a
[159/327] Building C object zephyr/subsys/bluetooth/host/CMakeFiles/subsys__bluetooth__host.dir/l2cap.c.obj
[160/327] Building C object modules/mbedtls/CMakeFiles/mbedTLSBase.dir/home/sinis/zephyrproject/modules/crypto/mbedtls/library/bignum_mod_raw.c.obj
[161/327] Building C object modules/mbedtls/CMakeFiles/mbedTLSBase.dir/home/sinis/zephyrproject/modules/crypto/mbedtls/library/bignum_mod.c.obj
[162/327] Building C object zephyr/subsys/bluetooth/controller/ll_sw/nordic/CMakeFiles/subsys__bluetooth__controller__ll_sw__nordic.dir/lll/lll_adv.c.obj
[163/327] Building C object modules/mbedtls/CMakeFiles/mbedTLSBase.dir/home/sinis/zephyrproject/modules/crypto/mbedtls/library/bignum.c.obj
[164/327] Building C object modules/mbedtls/CMakeFiles/mbedTLSBase.dir/home/sinis/zephyrproject/modules/crypto/mbedtls/library/camellia.c.obj
[165/327] Building C object modules/mbedtls/CMakeFiles/mbedTLSBase.dir/home/sinis/zephyrproject/modules/crypto/mbedtls/library/block_cipher.c.obj
[166/327] Building C object modules/mbedtls/CMakeFiles/mbedTLSBase.dir/home/sinis/zephyrproject/modules/crypto/mbedtls/library/ccm.c.obj
[167/327] Building C object modules/mbedtls/CMakeFiles/mbedTLSBase.dir/home/sinis/zephyrproject/modules/crypto/mbedtls/library/chacha20.c.obj
[168/327] Building C object modules/mbedtls/CMakeFiles/mbedTLSBase.dir/home/sinis/zephyrproject/modules/crypto/mbedtls/library/chachapoly.c.obj
[169/327] Building C object zephyr/subsys/bluetooth/controller/CMakeFiles/subsys__bluetooth__controller.dir/hci/hci.c.obj
[170/327] Building C object modules/mbedtls/CMakeFiles/mbedTLSBase.dir/home/sinis/zephyrproject/modules/crypto/mbedtls/library/debug.c.obj
[171/327] Building C object modules/mbedtls/CMakeFiles/mbedTLSBase.dir/home/sinis/zephyrproject/modules/crypto/mbedtls/library/des.c.obj
[172/327] Building C object modules/mbedtls/CMakeFiles/mbedTLSBase.dir/home/sinis/zephyrproject/modules/crypto/mbedtls/library/ecdsa.c.obj
[173/327] Building C object modules/mbedtls/CMakeFiles/mbedTLSBase.dir/home/sinis/zephyrproject/modules/crypto/mbedtls/library/ecdh.c.obj
[174/327] Building C object modules/mbedtls/CMakeFiles/mbedTLSBase.dir/home/sinis/zephyrproject/modules/crypto/mbedtls/library/ecjpake.c.obj
[175/327] Building C object modules/hal_nordic/nrfx/CMakeFiles/modules__hal_nordic__nrfx.dir/nrfx_glue.c.obj
[176/327] Building C object modules/hal_nordic/nrfx/CMakeFiles/modules__hal_nordic__nrfx.dir/home/sinis/zephyrproject/modules/hal/nordic/nrfx/helpers/nrfx_flag32_allocator.c.obj
[177/327] Building C object modules/mbedtls/CMakeFiles/mbedTLSBase.dir/home/sinis/zephyrproject/modules/crypto/mbedtls/library/ecp_curves_new.c.obj
[178/327] Building C object modules/mbedtls/CMakeFiles/mbedTLSBase.dir/home/sinis/zephyrproject/modules/crypto/mbedtls/library/dhm.c.obj
[179/327] Building C object modules/mbedtls/CMakeFiles/mbedTLSBase.dir/home/sinis/zephyrproject/modules/crypto/mbedtls/library/entropy.c.obj
[180/327] Building C object modules/mbedtls/CMakeFiles/mbedTLSBase.dir/home/sinis/zephyrproject/modules/crypto/mbedtls/library/error.c.obj
[181/327] Building C object modules/mbedtls/CMakeFiles/mbedTLSBase.dir/home/sinis/zephyrproject/modules/crypto/mbedtls/library/ecp.c.obj
[182/327] Building C object modules/hal_nordic/nrfx/CMakeFiles/modules__hal_nordic__nrfx.dir/home/sinis/zephyrproject/modules/hal/nordic/nrfx/helpers/nrfx_ram_ctrl.c.obj
[183/327] Building C object modules/mbedtls/CMakeFiles/mbedTLSBase.dir/home/sinis/zephyrproject/modules/crypto/mbedtls/library/ecp_curves.c.obj
[184/327] Building C object modules/mbedtls/CMakeFiles/mbedTLSBase.dir/home/sinis/zephyrproject/modules/crypto/mbedtls/library/gcm.c.obj
[185/327] Building C object modules/mbedtls/CMakeFiles/mbedTLSBase.dir/home/sinis/zephyrproject/modules/crypto/mbedtls/library/hkdf.c.obj
[186/327] Building C object modules/mbedtls/CMakeFiles/mbedTLSBase.dir/home/sinis/zephyrproject/modules/crypto/mbedtls/library/hmac_drbg.c.obj
[187/327] Building C object modules/mbedtls/CMakeFiles/mbedTLSBase.dir/home/sinis/zephyrproject/modules/crypto/mbedtls/library/cipher_wrap.c.obj
[188/327] Building C object modules/mbedtls/CMakeFiles/mbedTLSBase.dir/home/sinis/zephyrproject/modules/crypto/mbedtls/library/constant_time.c.obj
[189/327] Building C object zephyr/drivers/clock_control/CMakeFiles/drivers__clock_control.dir/clock_control_nrf.c.obj
[190/327] Building C object modules/mbedtls/CMakeFiles/mbedTLSBase.dir/home/sinis/zephyrproject/modules/crypto/mbedtls/library/entropy_poll.c.obj
[191/327] Building C object modules/mbedtls/CMakeFiles/mbedTLSBase.dir/home/sinis/zephyrproject/modules/crypto/mbedtls/library/lmots.c.obj
[192/327] Building C object modules/mbedtls/CMakeFiles/mbedTLSBase.dir/home/sinis/zephyrproject/modules/crypto/mbedtls/library/lms.c.obj
[193/327] Building C object modules/mbedtls/CMakeFiles/mbedTLSBase.dir/home/sinis/zephyrproject/modules/crypto/mbedtls/library/md.c.obj
[194/327] Building C object modules/mbedtls/CMakeFiles/mbedTLSBase.dir/home/sinis/zephyrproject/modules/crypto/mbedtls/library/md5.c.obj
[195/327] Building C object modules/mbedtls/CMakeFiles/mbedTLSBase.dir/home/sinis/zephyrproject/modules/crypto/mbedtls/library/mps_trace.c.obj
[196/327] Building C object modules/mbedtls/CMakeFiles/mbedTLSBase.dir/home/sinis/zephyrproject/modules/crypto/mbedtls/library/mps_reader.c.obj
[197/327] Building C object modules/mbedtls/CMakeFiles/mbedTLSBase.dir/home/sinis/zephyrproject/modules/crypto/mbedtls/library/nist_kw.c.obj
[198/327] Linking C static library zephyr/drivers/clock_control/libdrivers__clock_control.a
[199/327] Building C object modules/mbedtls/CMakeFiles/mbedTLSBase.dir/home/sinis/zephyrproject/modules/crypto/mbedtls/library/padlock.c.obj
[200/327] Building C object modules/mbedtls/CMakeFiles/mbedTLSBase.dir/home/sinis/zephyrproject/modules/crypto/mbedtls/library/oid.c.obj
[201/327] Building C object modules/mbedtls/CMakeFiles/mbedTLSBase.dir/home/sinis/zephyrproject/modules/crypto/mbedtls/library/ripemd160.c.obj
[202/327] Building C object modules/mbedtls/CMakeFiles/mbedTLSBase.dir/home/sinis/zephyrproject/modules/crypto/mbedtls/library/poly1305.c.obj
[203/327] Building C object modules/mbedtls/CMakeFiles/mbedTLSBase.dir/home/sinis/zephyrproject/modules/crypto/mbedtls/library/rsa_alt_helpers.c.obj
[204/327] Building C object modules/mbedtls/CMakeFiles/mbedTLSBase.dir/home/sinis/zephyrproject/modules/crypto/mbedtls/library/platform_util.c.obj
[205/327] Building C object zephyr/subsys/bluetooth/controller/CMakeFiles/subsys__bluetooth__controller.dir/ll_sw/ull_filter.c.obj
[206/327] Building C object modules/mbedtls/CMakeFiles/mbedTLSBase.dir/home/sinis/zephyrproject/modules/crypto/mbedtls/library/sha1.c.obj
[207/327] Building C object modules/mbedtls/CMakeFiles/mbedTLSBase.dir/home/sinis/zephyrproject/modules/crypto/mbedtls/library/rsa.c.obj
[208/327] Building C object modules/mbedtls/CMakeFiles/mbedTLSBase.dir/home/sinis/zephyrproject/modules/crypto/mbedtls/library/platform.c.obj
[209/327] Building C object modules/mbedtls/CMakeFiles/mbedTLSBase.dir/home/sinis/zephyrproject/modules/crypto/mbedtls/library/sha3.c.obj
[210/327] Building C object modules/mbedtls/CMakeFiles/mbedTLSBase.dir/home/sinis/zephyrproject/modules/crypto/mbedtls/library/threading.c.obj
[211/327] Building C object modules/mbedtls/CMakeFiles/mbedTLSBase.dir/home/sinis/zephyrproject/modules/crypto/mbedtls/library/version_features.c.obj
[212/327] Building C object modules/mbedtls/CMakeFiles/mbedTLSBase.dir/home/sinis/zephyrproject/modules/crypto/mbedtls/library/timing.c.obj
[213/327] Building C object modules/mbedtls/CMakeFiles/mbedTLSBase.dir/home/sinis/zephyrproject/modules/crypto/mbedtls/library/version.c.obj
[214/327] Building C object modules/mbedtls/CMakeFiles/mbedTLSBase.dir/home/sinis/zephyrproject/modules/crypto/mbedtls/library/cmac.c.obj
[215/327] Building C object zephyr/drivers/timer/CMakeFiles/drivers__timer.dir/nrf_rtc_timer.c.obj
[216/327] Building C object modules/mbedtls/CMakeFiles/mbedTLSBase.dir/home/sinis/zephyrproject/modules/crypto/mbedtls/library/aes.c.obj
[217/327] Building C object modules/mbedtls/CMakeFiles/mbedTLSBase.dir/home/sinis/zephyrproject/modules/crypto/mbedtls/library/ctr_drbg.c.obj
[218/327] Building C object modules/mbedtls/CMakeFiles/mbedTLSBase.dir/home/sinis/zephyrproject/modules/crypto/mbedtls/library/psa_util.c.obj
[219/327] Building C object modules/mbedtls/CMakeFiles/mbedTLSBase.dir/home/sinis/zephyrproject/modules/crypto/mbedtls/library/sha512.c.obj
[220/327] Linking C static library zephyr/subsys/bluetooth/controller/libsubsys__bluetooth__controller.a
[221/327] Linking C static library zephyr/drivers/timer/libdrivers__timer.a
[222/327] Building C object modules/mbedtls/CMakeFiles/mbedTLSBase.dir/home/sinis/zephyrproject/modules/crypto/mbedtls/library/memory_buffer_alloc.c.obj
[223/327] Building C object modules/mbedtls/CMakeFiles/mbedTLSCrypto.dir/home/sinis/zephyrproject/modules/crypto/mbedtls/library/psa_crypto_se.c.obj
[224/327] Building C object modules/mbedtls/CMakeFiles/mbedTLSCrypto.dir/home/sinis/zephyrproject/modules/crypto/mbedtls/library/psa_crypto_storage.c.obj
[225/327] Building C object modules/hal_nordic/nrfx/CMakeFiles/modules__hal_nordic__nrfx.dir/home/sinis/zephyrproject/modules/hal/nordic/nrfx/drivers/src/nrfx_clock.c.obj
[226/327] Building C object modules/mbedtls/CMakeFiles/mbedTLSCrypto.dir/home/sinis/zephyrproject/modules/crypto/mbedtls/library/psa_crypto_ecp.c.obj
[227/327] Building C object modules/mbedtls/CMakeFiles/mbedTLSBase.dir/home/sinis/zephyrproject/modules/crypto/mbedtls/library/cipher.c.obj
[228/327] Building C object modules/mbedtls/CMakeFiles/mbedTLSCrypto.dir/home/sinis/zephyrproject/modules/crypto/mbedtls/library/psa_its_file.c.obj
[229/327] Building C object modules/mbedtls/CMakeFiles/mbedTLSBase.dir/home/sinis/zephyrproject/modules/crypto/mbedtls/library/sha256.c.obj
[230/327] Building C object modules/mbedtls/CMakeFiles/mbedTLSCrypto.dir/home/sinis/zephyrproject/modules/crypto/mbedtls/library/psa_crypto_ffdh.c.obj
[231/327] Building C object modules/mbedtls/CMakeFiles/mbedTLSCrypto.dir/home/sinis/zephyrproject/modules/crypto/mbedtls/library/psa_crypto_aead.c.obj
[232/327] Linking C static library modules/hal_nordic/nrfx/libmodules__hal_nordic__nrfx.a
[233/327] Building C object modules/mbedtls/CMakeFiles/mbedTLSCrypto.dir/home/sinis/zephyrproject/modules/crypto/mbedtls/library/psa_crypto_pake.c.obj
[234/327] Building C object modules/mbedtls/CMakeFiles/mbedTLSCrypto.dir/home/sinis/zephyrproject/modules/crypto/mbedtls/library/psa_crypto_driver_wrappers_no_static.c.obj
[235/327] Building C object modules/mbedtls/CMakeFiles/mbedTLSCrypto.dir/home/sinis/zephyrproject/modules/crypto/mbedtls/library/psa_crypto_rsa.c.obj
[236/327] Building C object modules/mbedtls/CMakeFiles/mbedTLSCrypto.dir/home/sinis/zephyrproject/modules/crypto/mbedtls/library/pem.c.obj
[237/327] Building C object modules/mbedtls/CMakeFiles/mbedTLSCrypto.dir/home/sinis/zephyrproject/modules/crypto/mbedtls/library/pkcs12.c.obj
[238/327] Building C object modules/mbedtls/CMakeFiles/mbedTLSCrypto.dir/home/sinis/zephyrproject/modules/crypto/mbedtls/library/psa_crypto_client.c.obj
[239/327] Building C object modules/mbedtls/CMakeFiles/mbedTLSCrypto.dir/home/sinis/zephyrproject/modules/crypto/mbedtls/library/pkwrite.c.obj
[240/327] Building C object modules/mbedtls/CMakeFiles/mbedTLSCrypto.dir/home/sinis/zephyrproject/modules/crypto/mbedtls/library/pkcs5.c.obj
[241/327] Building C object modules/mbedtls/CMakeFiles/mbedTLSCrypto.dir/home/sinis/zephyrproject/modules/crypto/mbedtls/library/pkparse.c.obj
[242/327] Building C object modules/mbedtls/CMakeFiles/mbedTLSCrypto.dir/home/sinis/zephyrproject/modules/crypto/mbedtls/library/pk.c.obj
[243/327] Building C object modules/mbedtls/CMakeFiles/mbedTLSCrypto.dir/home/sinis/zephyrproject/modules/crypto/mbedtls/library/psa_crypto_hash.c.obj
[244/327] Building C object modules/mbedtls/CMakeFiles/mbedTLSCrypto.dir/home/sinis/zephyrproject/modules/crypto/mbedtls/library/psa_crypto_mac.c.obj
[245/327] Building C object modules/mbedtls/CMakeFiles/mbedTLSCrypto.dir/home/sinis/zephyrproject/modules/crypto/mbedtls/library/pk_wrap.c.obj
[246/327] Building C object modules/mbedtls/CMakeFiles/mbedTLSX509.dir/home/sinis/zephyrproject/modules/crypto/mbedtls/library/x509.c.obj
[247/327] Building C object modules/mbedtls/CMakeFiles/mbedTLSX509.dir/home/sinis/zephyrproject/modules/crypto/mbedtls/library/x509_create.c.obj
[248/327] Building C object modules/mbedtls/CMakeFiles/mbedTLSX509.dir/home/sinis/zephyrproject/modules/crypto/mbedtls/library/x509_crl.c.obj
[249/327] Building C object modules/mbedtls/CMakeFiles/mbedTLSCrypto.dir/home/sinis/zephyrproject/modules/crypto/mbedtls/library/pk_ecc.c.obj
[250/327] Building C object modules/mbedtls/CMakeFiles/mbedTLSX509.dir/home/sinis/zephyrproject/modules/crypto/mbedtls/library/x509_csr.c.obj
[251/327] Building C object modules/mbedtls/CMakeFiles/mbedTLSX509.dir/home/sinis/zephyrproject/modules/crypto/mbedtls/library/x509write_crt.c.obj
[252/327] Building C object modules/mbedtls/CMakeFiles/mbedTLSX509.dir/home/sinis/zephyrproject/modules/crypto/mbedtls/library/x509_crt.c.obj
[253/327] Building C object modules/mbedtls/CMakeFiles/mbedTLSX509.dir/home/sinis/zephyrproject/modules/crypto/mbedtls/library/x509write_csr.c.obj
[254/327] Building C object modules/mbedtls/CMakeFiles/mbedTLSCrypto.dir/home/sinis/zephyrproject/modules/crypto/mbedtls/3rdparty/p256-m/p256-m_driver_entrypoints.c.obj
[255/327] Building C object modules/mbedtls/CMakeFiles/mbedTLSX509.dir/home/sinis/zephyrproject/modules/crypto/mbedtls/library/x509write.c.obj
[256/327] Building C object modules/mbedtls/CMakeFiles/modules__mbedtls.dir/home/sinis/zephyrproject/modules/crypto/mbedtls/library/ssl_cache.c.obj
[257/327] Building C object modules/mbedtls/CMakeFiles/modules__mbedtls.dir/home/sinis/zephyrproject/modules/crypto/mbedtls/library/net_sockets.c.obj
[258/327] Building C object modules/mbedtls/CMakeFiles/modules__mbedtls.dir/home/sinis/zephyrproject/modules/crypto/mbedtls/library/ssl_cookie.c.obj
[259/327] Building C object modules/mbedtls/CMakeFiles/modules__mbedtls.dir/home/sinis/zephyrproject/modules/crypto/mbedtls/library/ssl_debug_helpers_generated.c.obj
[260/327] Building C object modules/mbedtls/CMakeFiles/modules__mbedtls.dir/home/sinis/zephyrproject/modules/crypto/mbedtls/library/ssl_client.c.obj
[261/327] Building C object modules/mbedtls/CMakeFiles/modules__mbedtls.dir/home/sinis/zephyrproject/modules/crypto/mbedtls/library/ssl_msg.c.obj
[262/327] Building C object modules/mbedtls/CMakeFiles/modules__mbedtls.dir/home/sinis/zephyrproject/modules/crypto/mbedtls/library/ssl_ticket.c.obj
[263/327] Building C object modules/mbedtls/CMakeFiles/modules__mbedtls.dir/home/sinis/zephyrproject/modules/crypto/mbedtls/library/ssl_tls12_client.c.obj
[264/327] Building C object modules/mbedtls/CMakeFiles/mbedTLSCrypto.dir/home/sinis/zephyrproject/modules/crypto/mbedtls/library/psa_crypto_cipher.c.obj
[265/327] Building C object modules/mbedtls/CMakeFiles/modules__mbedtls.dir/home/sinis/zephyrproject/modules/crypto/mbedtls/library/ssl_ciphersuites.c.obj
[266/327] Building C object modules/mbedtls/CMakeFiles/modules__mbedtls.dir/home/sinis/zephyrproject/modules/crypto/mbedtls/library/ssl_tls12_server.c.obj
[267/327] Linking C static library modules/mbedtls/libmbedTLSX509.a
[268/327] Building C object modules/mbedtls/CMakeFiles/modules__mbedtls.dir/home/sinis/zephyrproject/modules/crypto/mbedtls/library/ssl_tls13_generic.c.obj
[269/327] Building C object modules/mbedtls/CMakeFiles/mbedTLSBase.dir/zephyr_init.c.obj
[270/327] Building C object modules/mbedtls/CMakeFiles/modules__mbedtls.dir/home/sinis/zephyrproject/modules/crypto/mbedtls/library/ssl_tls13_keys.c.obj
[271/327] Building C object modules/mbedtls/CMakeFiles/modules__mbedtls.dir/home/sinis/zephyrproject/modules/crypto/mbedtls/library/ssl_tls13_server.c.obj
[272/327] Building C object modules/mbedtls/CMakeFiles/modules__mbedtls.dir/home/sinis/zephyrproject/modules/crypto/mbedtls/library/ssl_tls13_client.c.obj
[273/327] Building C object modules/mbedtls/CMakeFiles/mbedTLSBase.dir/zephyr_entropy.c.obj
[274/327] Building C object modules/mbedtls/CMakeFiles/modules__mbedtls.dir/home/sinis/zephyrproject/modules/crypto/mbedtls/library/ssl_tls.c.obj
[275/327] Building C object zephyr/kernel/CMakeFiles/kernel.dir/init_static.c.obj
[276/327] Building C object zephyr/kernel/CMakeFiles/kernel.dir/version.c.obj
[277/327] Building C object modules/mbedtls/CMakeFiles/mbedTLSCrypto.dir/home/sinis/zephyrproject/modules/crypto/mbedtls/library/psa_crypto_slot_management.c.obj
[278/327] Linking C static library modules/mbedtls/libmbedTLSBase.a
[279/327] Building C object zephyr/kernel/CMakeFiles/kernel.dir/device.c.obj
[280/327] Building C object zephyr/kernel/CMakeFiles/kernel.dir/banner.c.obj
[281/327] Building C object zephyr/kernel/CMakeFiles/kernel.dir/errno.c.obj
[282/327] Building C object modules/mbedtls/CMakeFiles/mbedTLSCrypto.dir/home/sinis/zephyrproject/modules/crypto/mbedtls/3rdparty/p256-m/p256-m/p256-m.c.obj
[283/327] Building C object zephyr/kernel/CMakeFiles/kernel.dir/float.c.obj
[284/327] Building C object zephyr/kernel/CMakeFiles/kernel.dir/busy_wait.c.obj
[285/327] Building C object zephyr/kernel/CMakeFiles/kernel.dir/idle.c.obj
[286/327] Building C object zephyr/subsys/bluetooth/controller/ll_sw/nordic/CMakeFiles/subsys__bluetooth__controller__ll_sw__nordic.dir/hal/nrf5/radio/radio.c.obj
[287/327] Building C object zephyr/kernel/CMakeFiles/kernel.dir/mem_slab.c.obj
[288/327] Building C object zephyr/kernel/CMakeFiles/kernel.dir/main_weak.c.obj
[289/327] Building C object zephyr/kernel/CMakeFiles/kernel.dir/kheap.c.obj
[290/327] Linking C static library zephyr/subsys/bluetooth/controller/ll_sw/nordic/libsubsys__bluetooth__controller__ll_sw__nordic.a
[291/327] Building C object zephyr/kernel/CMakeFiles/kernel.dir/system_work_q.c.obj
[292/327] Building C object zephyr/kernel/CMakeFiles/kernel.dir/sem.c.obj
[293/327] Building C object zephyr/kernel/CMakeFiles/kernel.dir/init.c.obj
[294/327] Building C object zephyr/kernel/CMakeFiles/kernel.dir/fatal.c.obj
[295/327] Building C object zephyr/kernel/CMakeFiles/kernel.dir/mailbox.c.obj
[296/327] Building C object zephyr/kernel/CMakeFiles/kernel.dir/msg_q.c.obj
[297/327] Building C object zephyr/kernel/CMakeFiles/kernel.dir/stack.c.obj
[298/327] Building C object zephyr/kernel/CMakeFiles/kernel.dir/condvar.c.obj
[299/327] Building C object zephyr/kernel/CMakeFiles/kernel.dir/xip.c.obj
[300/327] Building C object zephyr/kernel/CMakeFiles/kernel.dir/thread.c.obj
[301/327] Building C object zephyr/kernel/CMakeFiles/kernel.dir/timeslicing.c.obj
[302/327] Building C object zephyr/kernel/CMakeFiles/kernel.dir/dynamic_disabled.c.obj
[303/327] Building C object zephyr/kernel/CMakeFiles/kernel.dir/queue.c.obj
[304/327] Building C object zephyr/kernel/CMakeFiles/kernel.dir/mempool.c.obj
[305/327] Building C object zephyr/kernel/CMakeFiles/kernel.dir/mutex.c.obj
[306/327] Building C object zephyr/kernel/CMakeFiles/kernel.dir/pipe.c.obj
[307/327] Building C object zephyr/kernel/CMakeFiles/kernel.dir/timer.c.obj
[308/327] Building C object zephyr/kernel/CMakeFiles/kernel.dir/timeout.c.obj
[309/327] Building C object zephyr/subsys/bluetooth/host/CMakeFiles/subsys__bluetooth__host.dir/smp.c.obj
[310/327] Building C object zephyr/kernel/CMakeFiles/kernel.dir/work.c.obj
[311/327] Building C object zephyr/kernel/CMakeFiles/kernel.dir/poll.c.obj
[312/327] Building C object zephyr/kernel/CMakeFiles/kernel.dir/sched.c.obj
[313/327] Building C object zephyr/subsys/bluetooth/host/CMakeFiles/subsys__bluetooth__host.dir/conn.c.obj
[314/327] Linking C static library zephyr/kernel/libkernel.a
[315/327] Building C object zephyr/subsys/bluetooth/host/CMakeFiles/subsys__bluetooth__host.dir/att.c.obj
[316/327] Building C object modules/mbedtls/CMakeFiles/mbedTLSCrypto.dir/home/sinis/zephyrproject/modules/crypto/mbedtls/library/psa_crypto.c.obj
[317/327] Linking C static library modules/mbedtls/libmbedTLSCrypto.a
[318/327] Linking C static library modules/mbedtls/libmodules__mbedtls.a
[319/327] Building C object zephyr/subsys/bluetooth/host/CMakeFiles/subsys__bluetooth__host.dir/hci_core.c.obj
[320/327] Building C object zephyr/subsys/bluetooth/host/CMakeFiles/subsys__bluetooth__host.dir/gatt.c.obj
[321/327] Linking C static library zephyr/subsys/bluetooth/host/libsubsys__bluetooth__host.a
[322/327] Linking C executable zephyr/zephyr_pre0.elf
[323/327] Generating linker.cmd
[324/327] Generating isr_tables.c, isr_tables_vt.ld, isr_tables_swi.ld
[325/327] Building C object zephyr/CMakeFiles/zephyr_final.dir/misc/empty_file.c.obj
[326/327] Building C object zephyr/CMakeFiles/zephyr_final.dir/isr_tables.c.obj
[327/327] Linking C executable zephyr/zephyr.elf
Memory region         Used Size  Region Size  %age Used
           FLASH:      171292 B       512 KB     32.67%
             RAM:       32348 B       128 KB     24.68%
        IDT_LIST:          0 GB        32 KB      0.00%
Generating files from /home/sinis/zephyrproject/zephyr/sinis/bluetooth/peripheral_gatt_write/build/zephyr/zephyr.elf for board: atlas_nrf52833
