-- west build: generating a build system
-- Application: /home/sinis/zephyrproject/zephyr/sinis/card
-- CMake version: 4.0.0
-- Found Python3: /home/sinis/zephyrproject/.venv/bin/python3 (found suitable version "3.12.3", minimum required is "3.10") found components: Interpreter
-- Cache files will be written to: /home/sinis/.cache/zephyr
-- Zephyr version: 4.1.99 (/home/sinis/zephyrproject/zephyr)
-- Found west (found suitable version "1.3.0", minimum required is "0.14.0")
-- Board: raytac_mdbt50_db_33, qualifiers: nrf52833
-- ZEPHYR_TOOLCHAIN_VARIANT not set, trying to locate Zephyr SDK
-- Found host-tools: zephyr 0.17.0 (/home/sinis/zephyr-sdk-0.17.0)
-- Found toolchain: zephyr 0.17.0 (/home/sinis/zephyr-sdk-0.17.0)
-- Found Dtc: /home/sinis/zephyr-sdk-0.17.0/sysroots/x86_64-pokysdk-linux/usr/bin/dtc (found suitable version "1.6.0", minimum required is "1.4.6")
-- Found BOARD.dts: /home/sinis/zephyrproject/zephyr/boards/sinis/mdbt50_db_33/raytac_mdbt50_db_33_nrf52833.dts
-- Generated zephyr.dts: /home/sinis/zephyrproject/zephyr/sinis/card/build/zephyr/zephyr.dts
-- Generated pickled edt: /home/sinis/zephyrproject/zephyr/sinis/card/build/zephyr/edt.pickle
-- Generated devicetree_generated.h: /home/sinis/zephyrproject/zephyr/sinis/card/build/zephyr/include/generated/zephyr/devicetree_generated.h
-- Including generated dts.cmake file: /home/sinis/zephyrproject/zephyr/sinis/card/build/zephyr/dts.cmake
Parsing /home/sinis/zephyrproject/zephyr/Kconfig
Loaded configuration '/home/sinis/zephyrproject/zephyr/boards/sinis/mdbt50_db_33/raytac_mdbt50_db_33_nrf52833_defconfig'
Merged configuration '/home/sinis/zephyrproject/zephyr/sinis/card/prj.conf'
Configuration saved to '/home/sinis/zephyrproject/zephyr/sinis/card/build/zephyr/.config'
Kconfig header saved to '/home/sinis/zephyrproject/zephyr/sinis/card/build/zephyr/include/generated/zephyr/autoconf.h'
-- Found GnuLd: /home/sinis/zephyr-sdk-0.17.0/arm-zephyr-eabi/arm-zephyr-eabi/bin/ld.bfd (found version "2.38")
-- The C compiler identification is GNU 12.2.0
-- The CXX compiler identification is GNU 12.2.0
-- The ASM compiler identification is GNU
-- Found assembler: /home/sinis/zephyr-sdk-0.17.0/arm-zephyr-eabi/bin/arm-zephyr-eabi-gcc
-- Using ccache: /usr/bin/ccache
-- Configuring done (2.0s)
-- Generating done (0.0s)
-- Build files have been written to: /home/sinis/zephyrproject/zephyr/sinis/card/build
-- west build: building application
[1/172] Preparing syscall dependency handling

[2/172] Generating include/generated/zephyr/version.h
-- Zephyr version: 4.1.99 (/home/sinis/zephyrproject/zephyr), build: v4.1.0-1511-g19c6240b6865
[3/172] Generating misc/generated/syscalls_subdirs.trigger
[4/172] Generating misc/generated/syscalls.json, misc/generated/struct_tags.json
[5/172] Generating include/generated/device-api-sections.ld, include/generated/device-api-sections.cmake
[6/172] Generating include/generated/zephyr/syscall_dispatch.c, include/generated/zephyr/syscall_exports_llext.c, syscall_weakdefs_llext.c, include/generated/zephyr/syscall_list.h
[7/172] Generating include/generated/zephyr/driver-validation.h
[8/172] Generating include/generated/zephyr/kobj-types-enum.h, include/generated/zephyr/otype-to-str.h, include/generated/zephyr/otype-to-size.h
[9/172] Building C object zephyr/CMakeFiles/offsets.dir/arch/arm/core/offsets/offsets.c.obj
[10/172] Generating include/generated/zephyr/offsets.h
[11/172] Building C object CMakeFiles/app.dir/home/sinis/zephyrproject/zephyr/sinis/cardRep/config_options.c.obj
[12/172] Building C object zephyr/CMakeFiles/zephyr.dir/misc/generated/configs.c.obj
[13/172] Building C object zephyr/CMakeFiles/zephyr.dir/lib/utils/dec.c.obj
[14/172] Building C object zephyr/CMakeFiles/zephyr.dir/lib/utils/hex.c.obj
[15/172] Building C object zephyr/CMakeFiles/zephyr.dir/lib/utils/timeutil.c.obj
[16/172] Building C object zephyr/CMakeFiles/zephyr.dir/lib/utils/ring_buffer.c.obj
[17/172] Building C object CMakeFiles/app.dir/home/sinis/zephyrproject/zephyr/sinis/cardRep/shared_data/shared_functions.c.obj
[18/172] Building C object zephyr/CMakeFiles/zephyr.dir/subsys/logging/log_cache.c.obj
[19/172] Building C object zephyr/CMakeFiles/zephyr.dir/lib/os/printk.c.obj
[20/172] Building C object zephyr/CMakeFiles/zephyr.dir/lib/os/sem.c.obj
[21/172] Building C object zephyr/CMakeFiles/zephyr.dir/lib/utils/notify.c.obj
[22/172] Building C object CMakeFiles/app.dir/home/sinis/zephyrproject/zephyr/sinis/cardRep/platform/deca_sleep.c.obj
[23/172] Building C object zephyr/CMakeFiles/zephyr.dir/lib/os/thread_entry.c.obj
[24/172] Building C object zephyr/CMakeFiles/zephyr.dir/lib/os/assert.c.obj
[25/172] Building C object CMakeFiles/app.dir/home/sinis/zephyrproject/zephyr/sinis/cardRep/main.c.obj
/home/sinis/zephyrproject/zephyr/sinis/cardRep/main.c: In function 'main_thread':
/home/sinis/zephyrproject/zephyr/sinis/cardRep/main.c:47:5: warning: implicit declaration of function 'main' [-Wimplicit-function-declaration]
   47 |     main();
      |     ^~~~
[26/172] Building C object CMakeFiles/app.dir/ds_twr_initiator_sts.c.obj
[27/172] Building C object zephyr/CMakeFiles/zephyr.dir/lib/utils/rb.c.obj
[28/172] Building C object zephyr/CMakeFiles/zephyr.dir/lib/os/cbprintf_complete.c.obj
[29/172] Building C object zephyr/CMakeFiles/zephyr.dir/lib/heap/heap.c.obj
[30/172] Building C object zephyr/CMakeFiles/zephyr.dir/lib/utils/bitarray.c.obj
[31/172] Generating linker_zephyr_pre0.cmd
[32/172] Building C object zephyr/CMakeFiles/zephyr.dir/lib/os/mpsc_pbuf.c.obj
[33/172] Building C object zephyr/CMakeFiles/zephyr.dir/lib/utils/onoff.c.obj
[34/172] Building ASM object zephyr/arch/arch/arm/core/CMakeFiles/arch__arm__core.dir/nmi_on_reset.S.obj
[35/172] Building C object zephyr/CMakeFiles/zephyr.dir/lib/os/cbprintf_packaged.c.obj
[36/172] Building C object zephyr/CMakeFiles/zephyr_pre0.dir/misc/empty_file.c.obj
[37/172] Building C object zephyr/CMakeFiles/zephyr.dir/subsys/logging/log_mgmt.c.obj
[38/172] Building C object zephyr/CMakeFiles/zephyr.dir/subsys/tracing/tracing_none.c.obj
[39/172] Building C object CMakeFiles/app.dir/home/sinis/zephyrproject/zephyr/sinis/cardRep/platform/deca_spi.c.obj
[40/172] Building C object zephyr/CMakeFiles/zephyr.dir/subsys/mem_mgmt/mem_attr.c.obj
[41/172] Building ASM object zephyr/arch/arch/arm/core/cortex_m/CMakeFiles/arch__arm__core__cortex_m.dir/fault_s.S.obj
[42/172] Building C object zephyr/CMakeFiles/zephyr.dir/subsys/logging/log_core.c.obj
[43/172] Building C object zephyr/CMakeFiles/zephyr.dir/subsys/logging/backends/log_backend_rtt.c.obj
[44/172] Building C object zephyr/arch/common/CMakeFiles/arch__common.dir/sw_isr_common.c.obj
[45/172] Building ASM object zephyr/arch/arch/arm/core/cortex_m/CMakeFiles/arch__arm__core__cortex_m.dir/vector_table.S.obj
[46/172] Building C object zephyr/CMakeFiles/zephyr.dir/subsys/usb/device/usb_work_q.c.obj
[47/172] Building ASM object zephyr/arch/arch/arm/core/cortex_m/CMakeFiles/arch__arm__core__cortex_m.dir/reset.S.obj
[48/172] Building C object zephyr/CMakeFiles/zephyr.dir/subsys/logging/log_output.c.obj
[49/172] Building ASM object zephyr/arch/arch/arm/core/cortex_m/CMakeFiles/arch__arm__core__cortex_m.dir/__aeabi_read_tp.S.obj
[50/172] Building C object zephyr/CMakeFiles/zephyr.dir/subsys/logging/log_msg.c.obj
[51/172] Building C object zephyr/arch/arch/arm/core/CMakeFiles/arch__arm__core.dir/nmi.c.obj
[52/172] Building C object zephyr/arch/common/CMakeFiles/isr_tables.dir/isr_tables.c.obj
[53/172] Building ASM object zephyr/arch/arch/arm/core/cortex_m/CMakeFiles/arch__arm__core__cortex_m.dir/swap_helper.S.obj
[54/172] Linking C static library zephyr/arch/common/libisr_tables.a
[55/172] Building C object zephyr/arch/arch/arm/core/cortex_m/CMakeFiles/arch__arm__core__cortex_m.dir/exc_exit.c.obj
[56/172] Building C object zephyr/arch/arch/arm/core/CMakeFiles/arch__arm__core.dir/tls.c.obj
[57/172] Linking C static library zephyr/arch/common/libarch__common.a
[58/172] Building C object zephyr/arch/arch/arm/core/cortex_m/CMakeFiles/arch__arm__core__cortex_m.dir/fpu.c.obj
[59/172] Building C object zephyr/arch/arch/arm/core/cortex_m/CMakeFiles/arch__arm__core__cortex_m.dir/scb.c.obj
[60/172] Building C object zephyr/arch/arch/arm/core/cortex_m/CMakeFiles/arch__arm__core__cortex_m.dir/thread_abort.c.obj
[61/172] Building C object zephyr/arch/arch/arm/core/CMakeFiles/arch__arm__core.dir/fatal.c.obj
[62/172] Building C object zephyr/arch/arch/arm/core/cortex_m/CMakeFiles/arch__arm__core__cortex_m.dir/irq_init.c.obj
[63/172] Building C object zephyr/arch/arch/arm/core/cortex_m/CMakeFiles/arch__arm__core__cortex_m.dir/irq_manage.c.obj
[64/172] Building C object zephyr/arch/arch/arm/core/cortex_m/CMakeFiles/arch__arm__core__cortex_m.dir/prep_c.c.obj
[65/172] Building C object zephyr/arch/arch/arm/core/mpu/CMakeFiles/arch__arm__core__mpu.dir/arm_mpu_regions.c.obj
[66/172] Linking C static library zephyr/arch/arch/arm/core/libarch__arm__core.a
[67/172] Building C object zephyr/arch/arch/arm/core/cortex_m/CMakeFiles/arch__arm__core__cortex_m.dir/thread.c.obj
[68/172] Building C object zephyr/arch/arch/arm/core/cortex_m/CMakeFiles/arch__arm__core__cortex_m.dir/cpu_idle.c.obj
[69/172] Building C object zephyr/arch/arch/arm/core/cortex_m/CMakeFiles/arch__arm__core__cortex_m.dir/isr_wrapper.c.obj
[70/172] Building C object zephyr/arch/arch/arm/core/mpu/CMakeFiles/arch__arm__core__mpu.dir/arm_core_mpu.c.obj
[71/172] Building C object zephyr/lib/libc/picolibc/CMakeFiles/lib__libc__picolibc.dir/assert.c.obj
[72/172] Building C object CMakeFiles/app.dir/home/sinis/zephyrproject/zephyr/sinis/cardRep/platform/port.c.obj
[73/172] Building C object CMakeFiles/app.dir/home/sinis/zephyrproject/zephyr/sinis/cardRep/decadriver/deca_device.c.obj
[74/172] Building C object zephyr/lib/libc/picolibc/CMakeFiles/lib__libc__picolibc.dir/chk_fail.c.obj
[75/172] Building C object zephyr/CMakeFiles/zephyr.dir/subsys/usb/device/usb_transfer.c.obj
[76/172] Building C object zephyr/lib/libc/picolibc/CMakeFiles/lib__libc__picolibc.dir/cbprintf.c.obj
[77/172] Building C object zephyr/lib/libc/picolibc/CMakeFiles/lib__libc__picolibc.dir/errno_wrap.c.obj
[78/172] Building C object zephyr/lib/libc/picolibc/CMakeFiles/lib__libc__picolibc.dir/exit.c.obj
[79/172] Building C object zephyr/soc/soc/nrf52833/CMakeFiles/soc__nordic.dir/validate_binding_headers.c.obj
[80/172] Building C object zephyr/lib/libc/common/CMakeFiles/lib__libc__common.dir/source/stdlib/abort.c.obj
[81/172] Building C object zephyr/lib/libc/picolibc/CMakeFiles/lib__libc__picolibc.dir/stdio.c.obj
[82/172] Linking C static library app/libapp.a
[83/172] Building C object zephyr/soc/soc/nrf52833/CMakeFiles/soc__nordic.dir/validate_enabled_instances.c.obj
[84/172] Building C object zephyr/drivers/serial/CMakeFiles/drivers__serial.dir/home/sinis/zephyrproject/zephyr/misc/empty_file.c.obj
[85/172] Building C object zephyr/lib/libc/picolibc/CMakeFiles/lib__libc__picolibc.dir/locks.c.obj
[86/172] Building C object zephyr/soc/soc/nrf52833/CMakeFiles/soc__nordic.dir/validate_base_addresses.c.obj
[87/172] Building C object zephyr/lib/libc/common/CMakeFiles/lib__libc__common.dir/source/stdlib/malloc.c.obj
[88/172] Linking C static library zephyr/drivers/serial/libdrivers__serial.a
[89/172] Linking C static library zephyr/lib/libc/picolibc/liblib__libc__picolibc.a
[90/172] Building C object zephyr/arch/arch/arm/core/mpu/CMakeFiles/arch__arm__core__mpu.dir/arm_mpu.c.obj
[91/172] Linking C static library zephyr/lib/libc/common/liblib__libc__common.a
[92/172] Building C object zephyr/drivers/hwinfo/CMakeFiles/drivers__hwinfo.dir/hwinfo_weak_impl.c.obj
[93/172] Building C object zephyr/drivers/pinctrl/CMakeFiles/drivers__pinctrl.dir/common.c.obj
[94/172] Linking C static library zephyr/arch/arch/arm/core/mpu/libarch__arm__core__mpu.a
[95/172] Building C object zephyr/soc/soc/nrf52833/CMakeFiles/soc__nordic.dir/nrf52/soc.c.obj
[96/172] Building C object modules/hal_nordic/nrfx/CMakeFiles/modules__hal_nordic__nrfx.dir/home/sinis/zephyrproject/modules/hal/nordic/nrfx/mdk/system_nrf52833.c.obj
[97/172] Linking C static library zephyr/soc/soc/nrf52833/libsoc__nordic.a
[98/172] Building C object zephyr/drivers/hwinfo/CMakeFiles/drivers__hwinfo.dir/hwinfo_nrf.c.obj
[99/172] Building C object zephyr/drivers/timer/CMakeFiles/drivers__timer.dir/sys_clock_init.c.obj
[100/172] Linking C static library zephyr/drivers/hwinfo/libdrivers__hwinfo.a
[101/172] Building C object modules/hal_nordic/nrfx/CMakeFiles/modules__hal_nordic__nrfx.dir/home/sinis/zephyrproject/modules/hal/nordic/nrfx/helpers/nrfx_flag32_allocator.c.obj
[102/172] Building C object zephyr/drivers/clock_control/CMakeFiles/drivers__clock_control.dir/clock_control_nrf.c.obj
[103/172] Building C object zephyr/CMakeFiles/zephyr.dir/subsys/usb/device/usb_descriptor.c.obj
[104/172] Linking C static library zephyr/drivers/clock_control/libdrivers__clock_control.a
[105/172] Building C object modules/hal_nordic/nrfx/CMakeFiles/modules__hal_nordic__nrfx.dir/nrfx_glue.c.obj
[106/172] Building C object zephyr/arch/arch/arm/core/cortex_m/CMakeFiles/arch__arm__core__cortex_m.dir/fault.c.obj
[107/172] Building C object zephyr/kernel/CMakeFiles/kernel.dir/init_static.c.obj
[108/172] Building C object zephyr/kernel/CMakeFiles/kernel.dir/main_weak.c.obj
[109/172] Linking C static library zephyr/arch/arch/arm/core/cortex_m/libarch__arm__core__cortex_m.a
[110/172] Building C object zephyr/drivers/led/CMakeFiles/drivers__led.dir/led_gpio.c.obj
[111/172] Building C object modules/segger/CMakeFiles/modules__segger.dir/SEGGER_RTT_zephyr.c.obj
[112/172] Building C object modules/segger/CMakeFiles/modules__segger.dir/home/sinis/zephyrproject/modules/debug/segger/SEGGER/SEGGER_RTT.c.obj
[113/172] Building C object modules/hal_nordic/nrfx/CMakeFiles/modules__hal_nordic__nrfx.dir/home/sinis/zephyrproject/modules/hal/nordic/nrfx/drivers/src/nrfx_power.c.obj
[114/172] Building C object zephyr/drivers/timer/CMakeFiles/drivers__timer.dir/nrf_rtc_timer.c.obj
[115/172] Building C object modules/hal_nordic/nrfx/CMakeFiles/modules__hal_nordic__nrfx.dir/home/sinis/zephyrproject/modules/hal/nordic/nrfx/helpers/nrfx_ram_ctrl.c.obj
[116/172] Linking C static library zephyr/drivers/led/libdrivers__led.a
[117/172] Linking C static library modules/segger/libmodules__segger.a
[118/172] Building C object zephyr/kernel/CMakeFiles/kernel.dir/version.c.obj
[119/172] Building C object zephyr/kernel/CMakeFiles/kernel.dir/device.c.obj
[120/172] Building C object zephyr/kernel/CMakeFiles/kernel.dir/banner.c.obj
[121/172] Linking C static library zephyr/drivers/timer/libdrivers__timer.a
[122/172] Building C object zephyr/CMakeFiles/zephyr.dir/subsys/usb/device/class/cdc_acm.c.obj
[123/172] Building C object modules/hal_nordic/nrfx/CMakeFiles/modules__hal_nordic__nrfx.dir/home/sinis/zephyrproject/modules/hal/nordic/nrfx/drivers/src/nrfx_clock.c.obj
[124/172] Building C object zephyr/kernel/CMakeFiles/kernel.dir/errno.c.obj
[125/172] Building C object zephyr/kernel/CMakeFiles/kernel.dir/busy_wait.c.obj
[126/172] Building C object zephyr/drivers/pinctrl/CMakeFiles/drivers__pinctrl.dir/pinctrl_nrf.c.obj
[127/172] Building C object zephyr/kernel/CMakeFiles/kernel.dir/float.c.obj
[128/172] Building C object zephyr/kernel/CMakeFiles/kernel.dir/init.c.obj
[129/172] Linking C static library zephyr/drivers/pinctrl/libdrivers__pinctrl.a
[130/172] Building C object zephyr/kernel/CMakeFiles/kernel.dir/mem_slab.c.obj
[131/172] Building C object zephyr/drivers/spi/CMakeFiles/drivers__spi.dir/spi_nrfx_common.c.obj
[132/172] Building C object zephyr/kernel/CMakeFiles/kernel.dir/fatal.c.obj
[133/172] Building C object zephyr/kernel/CMakeFiles/kernel.dir/system_work_q.c.obj
[134/172] Building C object zephyr/kernel/CMakeFiles/kernel.dir/idle.c.obj
[135/172] Building C object zephyr/drivers/gpio/CMakeFiles/drivers__gpio.dir/gpio_nrfx.c.obj
[136/172] Building C object zephyr/kernel/CMakeFiles/kernel.dir/kheap.c.obj
[137/172] Linking C static library zephyr/drivers/gpio/libdrivers__gpio.a
[138/172] Building C object zephyr/kernel/CMakeFiles/kernel.dir/sem.c.obj
[139/172] Building C object zephyr/kernel/CMakeFiles/kernel.dir/stack.c.obj
[140/172] Building C object zephyr/kernel/CMakeFiles/kernel.dir/mailbox.c.obj
[141/172] Building C object zephyr/drivers/usb/common/nrf_usbd_common/CMakeFiles/drivers__usb__common__nrf_usbd_common.dir/nrf_usbd_common.c.obj
[142/172] Building C object zephyr/kernel/CMakeFiles/kernel.dir/condvar.c.obj
[143/172] Building C object zephyr/kernel/CMakeFiles/kernel.dir/msg_q.c.obj
[144/172] Building C object zephyr/kernel/CMakeFiles/kernel.dir/queue.c.obj
[145/172] Linking C static library zephyr/drivers/usb/common/nrf_usbd_common/libdrivers__usb__common__nrf_usbd_common.a
[146/172] Building C object zephyr/kernel/CMakeFiles/kernel.dir/xip.c.obj
[147/172] Building C object zephyr/kernel/CMakeFiles/kernel.dir/timeslicing.c.obj
[148/172] Building C object zephyr/CMakeFiles/zephyr.dir/subsys/usb/device/usb_device.c.obj
[149/172] Building C object zephyr/kernel/CMakeFiles/kernel.dir/timer.c.obj
[150/172] Building C object zephyr/kernel/CMakeFiles/kernel.dir/pipe.c.obj
[151/172] Building C object zephyr/kernel/CMakeFiles/kernel.dir/mempool.c.obj
[152/172] Building C object zephyr/kernel/CMakeFiles/kernel.dir/dynamic_disabled.c.obj
[153/172] Building C object zephyr/kernel/CMakeFiles/kernel.dir/mutex.c.obj
[154/172] Building C object zephyr/kernel/CMakeFiles/kernel.dir/work.c.obj
[155/172] Building C object zephyr/kernel/CMakeFiles/kernel.dir/thread.c.obj
[156/172] Building C object zephyr/kernel/CMakeFiles/kernel.dir/timeout.c.obj
[157/172] Building C object modules/hal_nordic/nrfx/CMakeFiles/modules__hal_nordic__nrfx.dir/home/sinis/zephyrproject/modules/hal/nordic/nrfx/drivers/src/nrfx_spi.c.obj
[158/172] Linking C static library zephyr/libzephyr.a
[159/172] Building C object zephyr/drivers/spi/CMakeFiles/drivers__spi.dir/spi_nrfx_spi.c.obj
[160/172] Linking C static library zephyr/drivers/spi/libdrivers__spi.a
[161/172] Building C object zephyr/kernel/CMakeFiles/kernel.dir/sched.c.obj
[162/172] Linking C static library zephyr/kernel/libkernel.a
[163/172] Building C object zephyr/drivers/usb/device/CMakeFiles/drivers__usb__device.dir/usb_dc_nrfx.c.obj
[164/172] Linking C static library zephyr/drivers/usb/device/libdrivers__usb__device.a
[165/172] Building C object modules/hal_nordic/nrfx/CMakeFiles/modules__hal_nordic__nrfx.dir/home/sinis/zephyrproject/modules/hal/nordic/nrfx/drivers/src/nrfx_gpiote.c.obj
[166/172] Linking C static library modules/hal_nordic/nrfx/libmodules__hal_nordic__nrfx.a
[167/172] Linking C executable zephyr/zephyr_pre0.elf
[168/172] Generating linker.cmd
[169/172] Generating isr_tables.c, isr_tables_vt.ld, isr_tables_swi.ld
[170/172] Building C object zephyr/CMakeFiles/zephyr_final.dir/misc/empty_file.c.obj
[171/172] Building C object zephyr/CMakeFiles/zephyr_final.dir/isr_tables.c.obj
[172/172] Linking C executable zephyr/zephyr.elf
Memory region         Used Size  Region Size  %age Used
           FLASH:       70168 B       512 KB     13.38%
             RAM:         24 KB       128 KB     18.75%
        IDT_LIST:          0 GB        32 KB      0.00%
Generating files from /home/sinis/zephyrproject/zephyr/sinis/card/build/zephyr/zephyr.elf for board: raytac_mdbt50_db_33
