Loading Zephyr default modules (Zephyr base).
CMake Warning at /home/sinis/zephyrproject/zephyr/subsys/usb/device/CMakeLists.txt:22 (message):
  CONFIG_USB_DEVICE_VID has default value 0x2FE3.

  This value is only for testing and MUST be configured for USB products.


CMake Warning at /home/sinis/zephyrproject/zephyr/CMakeLists.txt:1022 (message):
  No SOURCES given to Zephyr library: drivers__console

  Excluding target from build.


CMake Warning at /home/sinis/zephyrproject/zephyr/CMakeLists.txt:1022 (message):
  No SOURCES given to Zephyr library: drivers__led

  Excluding target from build.


CMake Warning at /home/sinis/zephyrproject/zephyr/CMakeLists.txt:1022 (message):
  No SOURCES given to Zephyr library: drivers__reset

  Excluding target from build.


CMake Warning at /home/sinis/zephyrproject/zephyr/cmake/modules/extensions.cmake:3546 (message):


     **********************************************************************
     *
     *                    WARNING
     *
     * CMake variable BOARD set to "raytac_mdbt50_db_33/nrf52833" in:
     *     /home/sinis/zephyrproject/zephyr/sinis/card/CMakeLists.txt
     *
     * This is too late to make changes! The change was ignored.
     *
     * Hint: BOARD must be set before calling find_package(Zephyr ...).
     *
     **********************************************************************

Call Stack (most recent call first):
  CMakeLists.txt:9223372036854775807 (zephyr_variable_set_too_late)
  CMakeLists.txt:14 (set)


