-- west build: making build dir /home/sinis/zephyrproject/zephyr/sinis/result/build pristine
-- west build: generating a build system
-- Application: /home/sinis/zephyrproject/zephyr/sinis/result
-- CMake version: 4.0.0
-- Found Python3: /home/sinis/zephyrproject/.venv/bin/python3 (found suitable version "3.12.3", minimum required is "3.10") found components: Interpreter
-- Cache files will be written to: /home/sinis/.cache/zephyr
-- Zephyr version: 4.1.99 (/home/sinis/zephyrproject/zephyr)
-- Found west (found suitable version "1.3.0", minimum required is "0.14.0")
-- Board: raytac_mdbt50_db_33, qualifiers: nrf52833
-- ZEPHYR_TOOLCHAIN_VARIANT not set, trying to locate Zephyr SDK
-- Found host-tools: zephyr 0.17.0 (/home/sinis/zephyr-sdk-0.17.0)
-- Found toolchain: zephyr 0.17.0 (/home/sinis/zephyr-sdk-0.17.0)
-- Found Dtc: /home/sinis/zephyr-sdk-0.17.0/sysroots/x86_64-pokysdk-linux/usr/bin/dtc (found suitable version "1.6.0", minimum required is "1.4.6")
-- Found BOARD.dts: /home/sinis/zephyrproject/zephyr/boards/sinis/mdbt50_db_33/raytac_mdbt50_db_33_nrf52833.dts
-- Found devicetree overlay: /home/sinis/zephyrproject/zephyr/sinis/result/app.overlay
-- Generated zephyr.dts: /home/sinis/zephyrproject/zephyr/sinis/result/build/zephyr/zephyr.dts
-- Generated pickled edt: /home/sinis/zephyrproject/zephyr/sinis/result/build/zephyr/edt.pickle
-- Generated devicetree_generated.h: /home/sinis/zephyrproject/zephyr/sinis/result/build/zephyr/include/generated/zephyr/devicetree_generated.h
-- Including generated dts.cmake file: /home/sinis/zephyrproject/zephyr/sinis/result/build/zephyr/dts.cmake
Parsing /home/sinis/zephyrproject/zephyr/Kconfig
Loaded configuration '/home/sinis/zephyrproject/zephyr/boards/sinis/mdbt50_db_33/raytac_mdbt50_db_33_nrf52833_defconfig'
Merged configuration '/home/sinis/zephyrproject/zephyr/sinis/result/prj.conf'
Configuration saved to '/home/sinis/zephyrproject/zephyr/sinis/result/build/zephyr/.config'
Kconfig header saved to '/home/sinis/zephyrproject/zephyr/sinis/result/build/zephyr/include/generated/zephyr/autoconf.h'
-- Found GnuLd: /home/sinis/zephyr-sdk-0.17.0/arm-zephyr-eabi/arm-zephyr-eabi/bin/ld.bfd (found version "2.38")
-- The C compiler identification is GNU 12.2.0
-- The CXX compiler identification is GNU 12.2.0
-- The ASM compiler identification is GNU
-- Found assembler: /home/sinis/zephyr-sdk-0.17.0/arm-zephyr-eabi/bin/arm-zephyr-eabi-gcc
-- Using ccache: /usr/bin/ccache
-- Configuring done (2.0s)
-- Generating done (0.1s)
-- Build files have been written to: /home/sinis/zephyrproject/zephyr/sinis/result/build
-- west build: building application
[1/242] Preparing syscall dependency handling

[2/242] Generating include/generated/zephyr/version.h
-- Zephyr version: 4.1.99 (/home/sinis/zephyrproject/zephyr), build: v4.1.0-1511-g19c6240b6865
[3/242] Generating misc/generated/syscalls_subdirs.trigger
[4/242] Generating misc/generated/syscalls.json, misc/generated/struct_tags.json
[5/242] Generating include/generated/device-api-sections.ld, include/generated/device-api-sections.cmake
[6/242] Generating include/generated/zephyr/syscall_dispatch.c, include/generated/zephyr/syscall_exports_llext.c, syscall_weakdefs_llext.c, include/generated/zephyr/syscall_list.h
[7/242] Generating include/generated/zephyr/driver-validation.h
[8/242] Generating include/generated/zephyr/kobj-types-enum.h, include/generated/zephyr/otype-to-str.h, include/generated/zephyr/otype-to-size.h
[9/242] Building C object zephyr/CMakeFiles/offsets.dir/arch/arm/core/offsets/offsets.c.obj
[10/242] Generating include/generated/zephyr/offsets.h
[11/242] Building C object zephyr/CMakeFiles/zephyr.dir/misc/generated/configs.c.obj
[12/242] Building C object zephyr/CMakeFiles/zephyr.dir/lib/utils/dec.c.obj
[13/242] Building C object zephyr/CMakeFiles/zephyr.dir/lib/utils/hex.c.obj
[14/242] Building C object zephyr/CMakeFiles/zephyr.dir/lib/utils/timeutil.c.obj
[15/242] Building C object zephyr/CMakeFiles/zephyr.dir/subsys/logging/log_cache.c.obj
[16/242] Building C object zephyr/CMakeFiles/zephyr.dir/lib/utils/ring_buffer.c.obj
[17/242] Building C object zephyr/CMakeFiles/zephyr.dir/subsys/mem_mgmt/mem_attr.c.obj
[18/242] Building C object zephyr/CMakeFiles/zephyr.dir/lib/os/thread_entry.c.obj
[19/242] Building C object zephyr/CMakeFiles/zephyr.dir/lib/os/sem.c.obj
[20/242] Building C object zephyr/CMakeFiles/zephyr.dir/lib/os/printk.c.obj
[21/242] Building C object zephyr/CMakeFiles/zephyr.dir/lib/utils/notify.c.obj
[22/242] Building C object zephyr/CMakeFiles/zephyr.dir/lib/os/assert.c.obj
[23/242] Building ASM object zephyr/arch/arch/arm/core/CMakeFiles/arch__arm__core.dir/nmi_on_reset.S.obj
[24/242] Building C object zephyr/CMakeFiles/zephyr.dir/subsys/logging/backends/log_backend_rtt.c.obj
[25/242] Building C object zephyr/CMakeFiles/zephyr.dir/subsys/tracing/tracing_none.c.obj
[26/242] Generating linker_zephyr_pre0.cmd
[27/242] Building C object CMakeFiles/app.dir/src/main.c.obj
/home/sinis/zephyrproject/zephyr/sinis/result/src/main.c: In function 'main':
/home/sinis/zephyrproject/zephyr/sinis/result/src/main.c:66:32: warning: missing braces around initializer [-Wmissing-braces]
   66 |     struct spi_config config = {
      |                                ^
[28/242] Building C object zephyr/CMakeFiles/zephyr_pre0.dir/misc/empty_file.c.obj
[29/242] Building C object zephyr/CMakeFiles/zephyr.dir/subsys/logging/backends/log_backend_uart.c.obj
[30/242] Linking C static library app/libapp.a
[31/242] Building ASM object zephyr/arch/arch/arm/core/cortex_m/CMakeFiles/arch__arm__core__cortex_m.dir/fault_s.S.obj
[32/242] Building C object zephyr/CMakeFiles/zephyr.dir/subsys/logging/log_output.c.obj
[33/242] Building C object zephyr/CMakeFiles/zephyr.dir/subsys/logging/log_mgmt.c.obj
[34/242] Building C object zephyr/CMakeFiles/zephyr.dir/lib/heap/heap.c.obj
[35/242] Building C object zephyr/arch/common/CMakeFiles/isr_tables.dir/isr_tables.c.obj
[36/242] Building C object zephyr/arch/common/CMakeFiles/arch__common.dir/sw_isr_common.c.obj
[37/242] Building C object zephyr/CMakeFiles/zephyr.dir/subsys/usb/device/usb_work_q.c.obj
[38/242] Linking C static library zephyr/arch/common/libisr_tables.a
[39/242] Building C object zephyr/CMakeFiles/zephyr.dir/subsys/logging/log_msg.c.obj
[40/242] Building C object zephyr/CMakeFiles/zephyr.dir/lib/utils/onoff.c.obj
[41/242] Building C object zephyr/CMakeFiles/zephyr.dir/lib/os/mpsc_pbuf.c.obj
[42/242] Building C object zephyr/CMakeFiles/zephyr.dir/lib/os/cbprintf_complete.c.obj
[43/242] Linking C static library zephyr/arch/common/libarch__common.a
[44/242] Building ASM object zephyr/arch/arch/arm/core/cortex_m/CMakeFiles/arch__arm__core__cortex_m.dir/reset.S.obj
[45/242] Building C object zephyr/CMakeFiles/zephyr.dir/lib/utils/bitarray.c.obj
[46/242] Building ASM object zephyr/arch/arch/arm/core/cortex_m/CMakeFiles/arch__arm__core__cortex_m.dir/__aeabi_read_tp.S.obj
[47/242] Building ASM object zephyr/arch/arch/arm/core/cortex_m/CMakeFiles/arch__arm__core__cortex_m.dir/vector_table.S.obj
[48/242] Building C object zephyr/CMakeFiles/zephyr.dir/lib/utils/rb.c.obj
[49/242] Building C object zephyr/arch/arch/arm/core/CMakeFiles/arch__arm__core.dir/tls.c.obj
[50/242] Building ASM object zephyr/arch/arch/arm/core/cortex_m/CMakeFiles/arch__arm__core__cortex_m.dir/swap_helper.S.obj
[51/242] Building C object zephyr/arch/arch/arm/core/cortex_m/CMakeFiles/arch__arm__core__cortex_m.dir/exc_exit.c.obj
[52/242] Building C object zephyr/arch/arch/arm/core/CMakeFiles/arch__arm__core.dir/nmi.c.obj
[53/242] Building C object zephyr/CMakeFiles/zephyr.dir/lib/os/cbprintf_packaged.c.obj
[54/242] Building C object zephyr/CMakeFiles/zephyr.dir/subsys/logging/log_core.c.obj
[55/242] Building C object zephyr/arch/arch/arm/core/cortex_m/CMakeFiles/arch__arm__core__cortex_m.dir/scb.c.obj
[56/242] Building C object zephyr/arch/arch/arm/core/cortex_m/CMakeFiles/arch__arm__core__cortex_m.dir/thread_abort.c.obj
[57/242] Building C object zephyr/arch/arch/arm/core/cortex_m/CMakeFiles/arch__arm__core__cortex_m.dir/fpu.c.obj
[58/242] Building C object zephyr/arch/arch/arm/core/cortex_m/CMakeFiles/arch__arm__core__cortex_m.dir/irq_manage.c.obj
[59/242] Building C object zephyr/arch/arch/arm/core/cortex_m/CMakeFiles/arch__arm__core__cortex_m.dir/cpu_idle.c.obj
[60/242] Building C object zephyr/arch/arch/arm/core/cortex_m/CMakeFiles/arch__arm__core__cortex_m.dir/prep_c.c.obj
[61/242] Building C object zephyr/arch/arch/arm/core/cortex_m/CMakeFiles/arch__arm__core__cortex_m.dir/irq_init.c.obj
[62/242] Building C object zephyr/arch/arch/arm/core/mpu/CMakeFiles/arch__arm__core__mpu.dir/arm_mpu_regions.c.obj
[63/242] Building C object zephyr/arch/arch/arm/core/cortex_m/CMakeFiles/arch__arm__core__cortex_m.dir/thread.c.obj
[64/242] Building C object zephyr/arch/arch/arm/core/cortex_m/CMakeFiles/arch__arm__core__cortex_m.dir/isr_wrapper.c.obj
[65/242] Building C object zephyr/arch/arch/arm/core/CMakeFiles/arch__arm__core.dir/fatal.c.obj
[66/242] Building C object zephyr/lib/libc/picolibc/CMakeFiles/lib__libc__picolibc.dir/assert.c.obj
[67/242] Building C object zephyr/subsys/bluetooth/common/CMakeFiles/subsys__bluetooth__common.dir/addr.c.obj
[68/242] Building C object zephyr/lib/libc/picolibc/CMakeFiles/lib__libc__picolibc.dir/errno_wrap.c.obj
[69/242] Building C object zephyr/lib/libc/picolibc/CMakeFiles/lib__libc__picolibc.dir/chk_fail.c.obj
[70/242] Linking C static library zephyr/arch/arch/arm/core/libarch__arm__core.a
[71/242] Building C object zephyr/arch/arch/arm/core/mpu/CMakeFiles/arch__arm__core__mpu.dir/arm_core_mpu.c.obj
[72/242] Building C object zephyr/lib/libc/picolibc/CMakeFiles/lib__libc__picolibc.dir/cbprintf.c.obj
[73/242] Building C object zephyr/CMakeFiles/zephyr.dir/subsys/usb/device/usb_transfer.c.obj
[74/242] Building C object zephyr/lib/libc/picolibc/CMakeFiles/lib__libc__picolibc.dir/exit.c.obj
[75/242] Building C object zephyr/lib/libc/picolibc/CMakeFiles/lib__libc__picolibc.dir/locks.c.obj
[76/242] Building C object zephyr/soc/soc/nrf52833/CMakeFiles/soc__nordic.dir/validate_binding_headers.c.obj
[77/242] Building C object zephyr/lib/libc/common/CMakeFiles/lib__libc__common.dir/source/stdlib/abort.c.obj
[78/242] Building C object zephyr/lib/libc/picolibc/CMakeFiles/lib__libc__picolibc.dir/stdio.c.obj
[79/242] Building C object zephyr/soc/soc/nrf52833/CMakeFiles/soc__nordic.dir/validate_enabled_instances.c.obj
[80/242] Building C object zephyr/subsys/bluetooth/host/CMakeFiles/subsys__bluetooth__host.dir/uuid.c.obj
[81/242] Building C object zephyr/soc/soc/nrf52833/CMakeFiles/soc__nordic.dir/validate_base_addresses.c.obj
[82/242] Building C object zephyr/lib/libc/common/CMakeFiles/lib__libc__common.dir/source/stdlib/malloc.c.obj
[83/242] Building C object zephyr/subsys/random/CMakeFiles/subsys__random.dir/random_xoshiro128.c.obj
[84/242] Linking C static library zephyr/lib/libc/picolibc/liblib__libc__picolibc.a
[85/242] Building C object zephyr/subsys/bluetooth/host/CMakeFiles/subsys__bluetooth__host.dir/addr.c.obj
[86/242] Linking C static library zephyr/lib/libc/common/liblib__libc__common.a
[87/242] Building C object zephyr/soc/soc/nrf52833/CMakeFiles/soc__nordic.dir/nrf52/soc.c.obj
[88/242] Building C object zephyr/subsys/bluetooth/common/CMakeFiles/subsys__bluetooth__common.dir/dummy.c.obj
[89/242] Building C object zephyr/subsys/random/CMakeFiles/subsys__random.dir/random_entropy_device.c.obj
[90/242] Building C object zephyr/arch/arch/arm/core/mpu/CMakeFiles/arch__arm__core__mpu.dir/arm_mpu.c.obj
[91/242] Linking C static library zephyr/soc/soc/nrf52833/libsoc__nordic.a
[92/242] Linking C static library zephyr/subsys/random/libsubsys__random.a
[93/242] Linking C static library zephyr/arch/arch/arm/core/mpu/libarch__arm__core__mpu.a
[94/242] Building C object zephyr/subsys/bluetooth/common/CMakeFiles/subsys__bluetooth__common.dir/bt_str.c.obj
[95/242] Building C object zephyr/subsys/bluetooth/controller/CMakeFiles/subsys__bluetooth__controller.dir/util/mem.c.obj
[96/242] Building C object zephyr/subsys/bluetooth/host/CMakeFiles/subsys__bluetooth__host.dir/data.c.obj
[97/242] Linking C static library zephyr/subsys/bluetooth/common/libsubsys__bluetooth__common.a
[98/242] Building C object zephyr/subsys/bluetooth/host/CMakeFiles/subsys__bluetooth__host.dir/hci_common.c.obj
[99/242] Building C object zephyr/lib/net_buf/CMakeFiles/lib__net_buf.dir/buf.c.obj
[100/242] Building C object zephyr/CMakeFiles/zephyr.dir/subsys/usb/device/usb_descriptor.c.obj
[101/242] Building C object zephyr/arch/arch/arm/core/cortex_m/CMakeFiles/arch__arm__core__cortex_m.dir/fault.c.obj
[102/242] Building C object zephyr/subsys/bluetooth/host/CMakeFiles/subsys__bluetooth__host.dir/buf.c.obj
[103/242] Building C object zephyr/subsys/bluetooth/controller/CMakeFiles/subsys__bluetooth__controller.dir/util/dbuf.c.obj
[104/242] Building C object zephyr/subsys/bluetooth/controller/CMakeFiles/subsys__bluetooth__controller.dir/util/memq.c.obj
[105/242] Linking C static library zephyr/arch/arch/arm/core/cortex_m/libarch__arm__core__cortex_m.a
[106/242] Building C object zephyr/lib/net_buf/CMakeFiles/lib__net_buf.dir/buf_simple.c.obj
[107/242] Building C object zephyr/subsys/bluetooth/controller/CMakeFiles/subsys__bluetooth__controller.dir/util/util.c.obj
[108/242] Building C object zephyr/subsys/bluetooth/controller/CMakeFiles/subsys__bluetooth__controller.dir/ll_sw/ll_feat.c.obj
[109/242] Building C object zephyr/subsys/bluetooth/controller/CMakeFiles/subsys__bluetooth__controller.dir/util/mayfly.c.obj
[110/242] Linking C static library zephyr/lib/net_buf/liblib__net_buf.a
[111/242] Building C object zephyr/subsys/bluetooth/host/CMakeFiles/subsys__bluetooth__host.dir/smp_null.c.obj
[112/242] Building C object zephyr/subsys/bluetooth/controller/CMakeFiles/subsys__bluetooth__controller.dir/ll_sw/ll_tx_pwr.c.obj
[113/242] Building C object zephyr/subsys/bluetooth/controller/CMakeFiles/subsys__bluetooth__controller.dir/ll_sw/lll_common.c.obj
[114/242] Building C object zephyr/subsys/bluetooth/controller/CMakeFiles/subsys__bluetooth__controller.dir/ll_sw/ll_addr.c.obj
[115/242] Building C object zephyr/CMakeFiles/zephyr.dir/subsys/usb/device/class/cdc_acm.c.obj
/home/sinis/zephyrproject/zephyr/subsys/usb/device/class/cdc_acm.c:65:2: warning: #warning "USB_CDC_ACM_LOG_LEVEL forced to LOG_LEVEL_NONE" [-Wcpp]
   65 | #warning "USB_CDC_ACM_LOG_LEVEL forced to LOG_LEVEL_NONE"
      |  ^~~~~~~
[116/242] Building C object zephyr/subsys/bluetooth/controller/CMakeFiles/subsys__bluetooth__controller.dir/ll_sw/ull_tx_queue.c.obj
[117/242] Building C object zephyr/subsys/bluetooth/controller/CMakeFiles/subsys__bluetooth__controller.dir/ll_sw/ull_chan.c.obj
[118/242] Building C object zephyr/subsys/bluetooth/controller/CMakeFiles/subsys__bluetooth__controller.dir/ll_sw/ull_llcp_enc.c.obj
[119/242] Building C object zephyr/subsys/bluetooth/controller/CMakeFiles/subsys__bluetooth__controller.dir/ll_sw/ull_llcp_chmu.c.obj
[120/242] Building C object zephyr/subsys/bluetooth/controller/CMakeFiles/subsys__bluetooth__controller.dir/ll_sw/lll_chan.c.obj
[121/242] Building C object zephyr/subsys/bluetooth/host/CMakeFiles/subsys__bluetooth__host.dir/id.c.obj
[122/242] Building C object zephyr/subsys/bluetooth/host/CMakeFiles/subsys__bluetooth__host.dir/adv.c.obj
[123/242] Building C object zephyr/subsys/bluetooth/controller/CMakeFiles/subsys__bluetooth__controller.dir/ll_sw/ull_llcp_local.c.obj
[124/242] Building C object zephyr/subsys/bluetooth/controller/CMakeFiles/subsys__bluetooth__controller.dir/ll_sw/ull_llcp_common.c.obj
[125/242] Building C object zephyr/subsys/bluetooth/controller/CMakeFiles/subsys__bluetooth__controller.dir/ll_sw/ull_peripheral.c.obj
[126/242] Building C object zephyr/subsys/bluetooth/controller/CMakeFiles/subsys__bluetooth__controller.dir/ll_sw/ull_llcp_phy.c.obj
[127/242] Building C object zephyr/subsys/bluetooth/controller/CMakeFiles/subsys__bluetooth__controller.dir/ll_sw/ull_llcp.c.obj
[128/242] Building C object zephyr/subsys/bluetooth/controller/CMakeFiles/subsys__bluetooth__controller.dir/hci/hci_driver.c.obj
[129/242] Building C object zephyr/subsys/bluetooth/controller/CMakeFiles/subsys__bluetooth__controller.dir/ll_sw/ull_llcp_pdu.c.obj
[130/242] Building C object zephyr/subsys/bluetooth/controller/CMakeFiles/subsys__bluetooth__controller.dir/ll_sw/ull_adv.c.obj
[131/242] Building C object zephyr/subsys/bluetooth/controller/CMakeFiles/subsys__bluetooth__controller.dir/ll_sw/ull_llcp_conn_upd.c.obj
[132/242] Building C object zephyr/CMakeFiles/zephyr.dir/subsys/usb/device/usb_device.c.obj
[133/242] Building C object zephyr/subsys/bluetooth/controller/ll_sw/nordic/CMakeFiles/subsys__bluetooth__controller__ll_sw__nordic.dir/hal/nrf5/cntr.c.obj
[134/242] Building C object zephyr/subsys/bluetooth/controller/CMakeFiles/subsys__bluetooth__controller.dir/crypto/crypto.c.obj
[135/242] Building C object zephyr/subsys/bluetooth/controller/ll_sw/nordic/CMakeFiles/subsys__bluetooth__controller__ll_sw__nordic.dir/lll/lll_clock.c.obj
[136/242] Building C object zephyr/subsys/bluetooth/controller/CMakeFiles/subsys__bluetooth__controller.dir/ll_sw/ull_llcp_remote.c.obj
[137/242] Linking C static library zephyr/libzephyr.a
[138/242] Building C object zephyr/subsys/bluetooth/controller/CMakeFiles/subsys__bluetooth__controller.dir/ll_sw/ull.c.obj
[139/242] Building C object zephyr/subsys/bluetooth/controller/CMakeFiles/subsys__bluetooth__controller.dir/ticker/ticker.c.obj
[140/242] Building C object zephyr/subsys/bluetooth/controller/ll_sw/nordic/CMakeFiles/subsys__bluetooth__controller__ll_sw__nordic.dir/lll/lll_peripheral.c.obj
[141/242] Building C object zephyr/subsys/bluetooth/controller/ll_sw/nordic/CMakeFiles/subsys__bluetooth__controller__ll_sw__nordic.dir/hci/hci_vendor.c.obj
[142/242] Building C object zephyr/subsys/bluetooth/controller/CMakeFiles/subsys__bluetooth__controller.dir/ll_sw/ull_conn.c.obj
[143/242] Building C object zephyr/subsys/bluetooth/controller/ll_sw/nordic/CMakeFiles/subsys__bluetooth__controller__ll_sw__nordic.dir/hal/nrf5/ticker.c.obj
[144/242] Building C object zephyr/subsys/bluetooth/controller/ll_sw/nordic/CMakeFiles/subsys__bluetooth__controller__ll_sw__nordic.dir/hal/nrf5/mayfly.c.obj
[145/242] Building C object zephyr/subsys/bluetooth/controller/ll_sw/nordic/CMakeFiles/subsys__bluetooth__controller__ll_sw__nordic.dir/lll/lll_conn.c.obj
[146/242] Building C object zephyr/subsys/bluetooth/controller/ll_sw/nordic/CMakeFiles/subsys__bluetooth__controller__ll_sw__nordic.dir/hal/nrf5/ecb.c.obj
[147/242] Building C object zephyr/drivers/serial/CMakeFiles/drivers__serial.dir/home/sinis/zephyrproject/zephyr/misc/empty_file.c.obj
[148/242] Linking C static library zephyr/drivers/serial/libdrivers__serial.a
[149/242] Building C object zephyr/drivers/console/CMakeFiles/drivers__console.dir/uart_console.c.obj
[150/242] Linking C static library zephyr/drivers/console/libdrivers__console.a
[151/242] Building C object zephyr/drivers/hwinfo/CMakeFiles/drivers__hwinfo.dir/hwinfo_weak_impl.c.obj
[152/242] Building C object zephyr/subsys/bluetooth/controller/ll_sw/nordic/CMakeFiles/subsys__bluetooth__controller__ll_sw__nordic.dir/lll/lll.c.obj
[153/242] Building C object zephyr/subsys/bluetooth/controller/CMakeFiles/subsys__bluetooth__controller.dir/hci/hci.c.obj
[154/242] Building C object zephyr/drivers/entropy/CMakeFiles/drivers__entropy.dir/entropy_bt_hci.c.obj
[155/242] Building C object zephyr/drivers/pinctrl/CMakeFiles/drivers__pinctrl.dir/common.c.obj
[156/242] Building C object zephyr/subsys/bluetooth/controller/ll_sw/nordic/CMakeFiles/subsys__bluetooth__controller__ll_sw__nordic.dir/lll/lll_adv.c.obj
[157/242] Linking C static library zephyr/subsys/bluetooth/controller/libsubsys__bluetooth__controller.a
[158/242] Building C object zephyr/drivers/hwinfo/CMakeFiles/drivers__hwinfo.dir/hwinfo_nrf.c.obj
[159/242] Linking C static library zephyr/drivers/hwinfo/libdrivers__hwinfo.a
[160/242] Building C object zephyr/drivers/clock_control/CMakeFiles/drivers__clock_control.dir/clock_control_nrf.c.obj
[161/242] Building C object zephyr/drivers/entropy/CMakeFiles/drivers__entropy.dir/entropy_nrf5.c.obj
[162/242] Building C object modules/hal_nordic/nrfx/CMakeFiles/modules__hal_nordic__nrfx.dir/home/sinis/zephyrproject/modules/hal/nordic/nrfx/mdk/system_nrf52833.c.obj
[163/242] Building C object zephyr/drivers/i2c/CMakeFiles/drivers__i2c.dir/i2c_common.c.obj
[164/242] Building C object zephyr/drivers/timer/CMakeFiles/drivers__timer.dir/sys_clock_init.c.obj
[165/242] Linking C static library zephyr/drivers/clock_control/libdrivers__clock_control.a
[166/242] Building C object zephyr/subsys/bluetooth/host/CMakeFiles/subsys__bluetooth__host.dir/l2cap.c.obj
[167/242] Linking C static library zephyr/drivers/entropy/libdrivers__entropy.a
[168/242] Building C object zephyr/drivers/i2c/CMakeFiles/drivers__i2c.dir/i2c_nrfx_twi.c.obj
[169/242] Building C object modules/hal_nordic/nrfx/CMakeFiles/modules__hal_nordic__nrfx.dir/home/sinis/zephyrproject/modules/hal/nordic/nrfx/helpers/nrfx_flag32_allocator.c.obj
[170/242] Building C object modules/hal_nordic/nrfx/CMakeFiles/modules__hal_nordic__nrfx.dir/nrfx_glue.c.obj
[171/242] Building C object modules/hal_nordic/nrfx/CMakeFiles/modules__hal_nordic__nrfx.dir/home/sinis/zephyrproject/modules/hal/nordic/nrfx/helpers/nrfx_ram_ctrl.c.obj
[172/242] Building C object zephyr/drivers/i2c/CMakeFiles/drivers__i2c.dir/i2c_nrfx_twi_common.c.obj
[173/242] Linking C static library zephyr/drivers/i2c/libdrivers__i2c.a
[174/242] Building C object zephyr/drivers/timer/CMakeFiles/drivers__timer.dir/nrf_rtc_timer.c.obj
[175/242] Building C object zephyr/kernel/CMakeFiles/kernel.dir/main_weak.c.obj
[176/242] Building C object modules/segger/CMakeFiles/modules__segger.dir/SEGGER_RTT_zephyr.c.obj
[177/242] Building C object zephyr/kernel/CMakeFiles/kernel.dir/busy_wait.c.obj
[178/242] Linking C static library zephyr/drivers/timer/libdrivers__timer.a
[179/242] Building C object zephyr/kernel/CMakeFiles/kernel.dir/init_static.c.obj
[180/242] Building C object zephyr/kernel/CMakeFiles/kernel.dir/device.c.obj
[181/242] Building C object modules/hal_nordic/nrfx/CMakeFiles/modules__hal_nordic__nrfx.dir/home/sinis/zephyrproject/modules/hal/nordic/nrfx/drivers/src/nrfx_power.c.obj
[182/242] Building C object zephyr/drivers/pinctrl/CMakeFiles/drivers__pinctrl.dir/pinctrl_nrf.c.obj
[183/242] Building C object zephyr/kernel/CMakeFiles/kernel.dir/banner.c.obj
[184/242] Building C object zephyr/kernel/CMakeFiles/kernel.dir/version.c.obj
[185/242] Building C object zephyr/kernel/CMakeFiles/kernel.dir/errno.c.obj
[186/242] Building C object zephyr/drivers/spi/CMakeFiles/drivers__spi.dir/spi_nrfx_common.c.obj
[187/242] Linking C static library zephyr/drivers/pinctrl/libdrivers__pinctrl.a
[188/242] Building C object modules/hal_nordic/nrfx/CMakeFiles/modules__hal_nordic__nrfx.dir/home/sinis/zephyrproject/modules/hal/nordic/nrfx/drivers/src/nrfx_clock.c.obj
[189/242] Building C object modules/segger/CMakeFiles/modules__segger.dir/home/sinis/zephyrproject/modules/debug/segger/SEGGER/SEGGER_RTT.c.obj
[190/242] Building C object zephyr/drivers/gpio/CMakeFiles/drivers__gpio.dir/gpio_nrfx.c.obj
[191/242] Linking C static library modules/segger/libmodules__segger.a
[192/242] Linking C static library zephyr/drivers/gpio/libdrivers__gpio.a
[193/242] Building C object zephyr/kernel/CMakeFiles/kernel.dir/idle.c.obj
[194/242] Building C object zephyr/kernel/CMakeFiles/kernel.dir/float.c.obj
[195/242] Building C object zephyr/subsys/bluetooth/controller/ll_sw/nordic/CMakeFiles/subsys__bluetooth__controller__ll_sw__nordic.dir/hal/nrf5/radio/radio.c.obj
[196/242] Building C object zephyr/drivers/usb/common/nrf_usbd_common/CMakeFiles/drivers__usb__common__nrf_usbd_common.dir/nrf_usbd_common.c.obj
[197/242] Building C object zephyr/kernel/CMakeFiles/kernel.dir/mem_slab.c.obj
[198/242] Building C object zephyr/kernel/CMakeFiles/kernel.dir/init.c.obj
[199/242] Building C object zephyr/kernel/CMakeFiles/kernel.dir/fatal.c.obj
[200/242] Linking C static library zephyr/subsys/bluetooth/controller/ll_sw/nordic/libsubsys__bluetooth__controller__ll_sw__nordic.a
[201/242] Linking C static library zephyr/drivers/usb/common/nrf_usbd_common/libdrivers__usb__common__nrf_usbd_common.a
[202/242] Building C object zephyr/kernel/CMakeFiles/kernel.dir/kheap.c.obj
[203/242] Building C object modules/hal_nordic/nrfx/CMakeFiles/modules__hal_nordic__nrfx.dir/home/sinis/zephyrproject/modules/hal/nordic/nrfx/drivers/src/nrfx_twi_twim.c.obj
[204/242] Building C object zephyr/kernel/CMakeFiles/kernel.dir/sem.c.obj
[205/242] Building C object zephyr/subsys/bluetooth/host/CMakeFiles/subsys__bluetooth__host.dir/gatt.c.obj
[206/242] Building C object zephyr/kernel/CMakeFiles/kernel.dir/msg_q.c.obj
[207/242] Building C object zephyr/kernel/CMakeFiles/kernel.dir/mailbox.c.obj
[208/242] Building C object zephyr/kernel/CMakeFiles/kernel.dir/stack.c.obj
[209/242] Building C object zephyr/kernel/CMakeFiles/kernel.dir/system_work_q.c.obj
[210/242] Building C object zephyr/kernel/CMakeFiles/kernel.dir/queue.c.obj
[211/242] Building C object zephyr/kernel/CMakeFiles/kernel.dir/condvar.c.obj
[212/242] Building C object zephyr/kernel/CMakeFiles/kernel.dir/xip.c.obj
[213/242] Building C object zephyr/kernel/CMakeFiles/kernel.dir/mutex.c.obj
[214/242] Building C object zephyr/kernel/CMakeFiles/kernel.dir/timeslicing.c.obj
[215/242] Building C object zephyr/kernel/CMakeFiles/kernel.dir/mempool.c.obj
[216/242] Building C object zephyr/kernel/CMakeFiles/kernel.dir/pipe.c.obj
[217/242] Building C object zephyr/kernel/CMakeFiles/kernel.dir/thread.c.obj
[218/242] Building C object zephyr/kernel/CMakeFiles/kernel.dir/dynamic_disabled.c.obj
[219/242] Building C object zephyr/kernel/CMakeFiles/kernel.dir/timer.c.obj
[220/242] Building C object zephyr/kernel/CMakeFiles/kernel.dir/timeout.c.obj
[221/242] Building C object modules/hal_nordic/nrfx/CMakeFiles/modules__hal_nordic__nrfx.dir/home/sinis/zephyrproject/modules/hal/nordic/nrfx/drivers/src/nrfx_spi.c.obj
[222/242] Building C object zephyr/drivers/spi/CMakeFiles/drivers__spi.dir/spi_nrfx_spi.c.obj
[223/242] Building C object zephyr/kernel/CMakeFiles/kernel.dir/poll.c.obj
[224/242] Linking C static library zephyr/drivers/spi/libdrivers__spi.a
[225/242] Building C object zephyr/kernel/CMakeFiles/kernel.dir/work.c.obj
[226/242] Building C object zephyr/subsys/bluetooth/host/CMakeFiles/subsys__bluetooth__host.dir/conn.c.obj
[227/242] Building C object zephyr/drivers/usb/device/CMakeFiles/drivers__usb__device.dir/usb_dc_nrfx.c.obj
[228/242] Linking C static library zephyr/drivers/usb/device/libdrivers__usb__device.a
[229/242] Building C object zephyr/kernel/CMakeFiles/kernel.dir/sched.c.obj
[230/242] Building C object zephyr/subsys/bluetooth/host/CMakeFiles/subsys__bluetooth__host.dir/att.c.obj
[231/242] Linking C static library zephyr/kernel/libkernel.a
[232/242] Building C object modules/hal_nordic/nrfx/CMakeFiles/modules__hal_nordic__nrfx.dir/home/sinis/zephyrproject/modules/hal/nordic/nrfx/drivers/src/nrfx_twi.c.obj
[233/242] Building C object modules/hal_nordic/nrfx/CMakeFiles/modules__hal_nordic__nrfx.dir/home/sinis/zephyrproject/modules/hal/nordic/nrfx/drivers/src/nrfx_gpiote.c.obj
[234/242] Linking C static library modules/hal_nordic/nrfx/libmodules__hal_nordic__nrfx.a
[235/242] Building C object zephyr/subsys/bluetooth/host/CMakeFiles/subsys__bluetooth__host.dir/hci_core.c.obj
[236/242] Linking C static library zephyr/subsys/bluetooth/host/libsubsys__bluetooth__host.a
[237/242] Linking C executable zephyr/zephyr_pre0.elf
[238/242] Generating linker.cmd
[239/242] Generating isr_tables.c, isr_tables_vt.ld, isr_tables_swi.ld
[240/242] Building C object zephyr/CMakeFiles/zephyr_final.dir/misc/empty_file.c.obj
[241/242] Building C object zephyr/CMakeFiles/zephyr_final.dir/isr_tables.c.obj
[242/242] Linking C executable zephyr/zephyr.elf
Memory region         Used Size  Region Size  %age Used
           FLASH:      147516 B       512 KB     28.14%
             RAM:       30216 B       128 KB     23.05%
        IDT_LIST:          0 GB        32 KB      0.00%
Generating files from /home/sinis/zephyrproject/zephyr/sinis/result/build/zephyr/zephyr.elf for board: raytac_mdbt50_db_33
