-- west build: making build dir /home/sinis/zephyrproject/zephyr/sinis/console/build pristine
-- west build: generating a build system
-- Application: /home/sinis/zephyrproject/zephyr/sinis/console
-- CMake version: 4.0.0
-- Found Python3: /home/sinis/zephyrproject/.venv/bin/python3 (found suitable version "3.12.3", minimum required is "3.10") found components: Interpreter
-- Cache files will be written to: /home/sinis/.cache/zephyr
-- Zephyr version: 4.1.99 (/home/sinis/zephyrproject/zephyr)
-- Found west (found suitable version "1.3.0", minimum required is "0.14.0")
-- Board: atlas, qualifiers: nrf52833
-- ZEPHYR_TOOLCHAIN_VARIANT not set, trying to locate Zephyr SDK
-- Found host-tools: zephyr 0.17.0 (/home/sinis/zephyr-sdk-0.17.0)
-- Found toolchain: zephyr 0.17.0 (/home/sinis/zephyr-sdk-0.17.0)
-- Found Dtc: /home/sinis/zephyr-sdk-0.17.0/sysroots/x86_64-pokysdk-linux/usr/bin/dtc (found suitable version "1.6.0", minimum required is "1.4.6")
-- Found BOARD.dts: /home/sinis/zephyrproject/zephyr/boards/sinis/atlas/atlas.dts
-- Found devicetree overlay: /home/sinis/zephyrproject/zephyr/sinis/console/app.overlay
-- Generated zephyr.dts: /home/sinis/zephyrproject/zephyr/sinis/console/build/zephyr/zephyr.dts
-- Generated pickled edt: /home/sinis/zephyrproject/zephyr/sinis/console/build/zephyr/edt.pickle
-- Generated devicetree_generated.h: /home/sinis/zephyrproject/zephyr/sinis/console/build/zephyr/include/generated/zephyr/devicetree_generated.h
-- Including generated dts.cmake file: /home/sinis/zephyrproject/zephyr/sinis/console/build/zephyr/dts.cmake
Parsing /home/sinis/zephyrproject/zephyr/Kconfig
Loaded configuration '/home/sinis/zephyrproject/zephyr/boards/sinis/atlas/atlas_defconfig'
Merged configuration '/home/sinis/zephyrproject/zephyr/sinis/console/prj.conf'
Configuration saved to '/home/sinis/zephyrproject/zephyr/sinis/console/build/zephyr/.config'
Kconfig header saved to '/home/sinis/zephyrproject/zephyr/sinis/console/build/zephyr/include/generated/zephyr/autoconf.h'
-- Found GnuLd: /home/sinis/zephyr-sdk-0.17.0/arm-zephyr-eabi/arm-zephyr-eabi/bin/ld.bfd (found version "2.38")
-- The C compiler identification is GNU 12.2.0
-- The CXX compiler identification is GNU 12.2.0
-- The ASM compiler identification is GNU
-- Found assembler: /home/sinis/zephyr-sdk-0.17.0/arm-zephyr-eabi/bin/arm-zephyr-eabi-gcc
-- Using ccache: /usr/bin/ccache
-- Configuring done (2.0s)
-- Generating done (0.0s)
-- Build files have been written to: /home/sinis/zephyrproject/zephyr/sinis/console/build
-- west build: building application
[1/155] Preparing syscall dependency handling

[2/155] Generating include/generated/zephyr/version.h
-- Zephyr version: 4.1.99 (/home/sinis/zephyrproject/zephyr), build: v4.1.0-1511-g19c6240b6865
[3/155] Generating misc/generated/syscalls_subdirs.trigger
[4/155] Generating misc/generated/syscalls.json, misc/generated/struct_tags.json
[5/155] Generating include/generated/device-api-sections.ld, include/generated/device-api-sections.cmake
[6/155] Generating include/generated/zephyr/syscall_dispatch.c, include/generated/zephyr/syscall_exports_llext.c, syscall_weakdefs_llext.c, include/generated/zephyr/syscall_list.h
[7/155] Generating include/generated/zephyr/kobj-types-enum.h, include/generated/zephyr/otype-to-str.h, include/generated/zephyr/otype-to-size.h
[8/155] Generating include/generated/zephyr/driver-validation.h
[9/155] Building C object zephyr/CMakeFiles/offsets.dir/arch/arm/core/offsets/offsets.c.obj
[10/155] Generating include/generated/zephyr/offsets.h
[11/155] Building C object zephyr/CMakeFiles/zephyr.dir/misc/generated/configs.c.obj
[12/155] Generating linker_zephyr_pre0.cmd
[13/155] Building C object zephyr/CMakeFiles/zephyr.dir/lib/utils/dec.c.obj
[14/155] Building C object zephyr/CMakeFiles/zephyr_pre0.dir/misc/empty_file.c.obj
[15/155] Building C object zephyr/CMakeFiles/zephyr.dir/lib/utils/timeutil.c.obj
[16/155] Building C object zephyr/CMakeFiles/zephyr.dir/lib/utils/hex.c.obj
[17/155] Building ASM object zephyr/arch/arch/arm/core/CMakeFiles/arch__arm__core.dir/nmi_on_reset.S.obj
[18/155] Building C object zephyr/arch/common/CMakeFiles/arch__common.dir/sw_isr_common.c.obj
[19/155] Building C object zephyr/CMakeFiles/zephyr.dir/lib/utils/ring_buffer.c.obj
[20/155] Building C object zephyr/CMakeFiles/zephyr.dir/lib/os/assert.c.obj
[21/155] Building C object zephyr/CMakeFiles/zephyr.dir/subsys/tracing/tracing_none.c.obj
[22/155] Building C object zephyr/CMakeFiles/zephyr.dir/lib/os/sem.c.obj
[23/155] Building C object zephyr/CMakeFiles/zephyr.dir/subsys/mem_mgmt/mem_attr.c.obj
[24/155] Building ASM object zephyr/arch/arch/arm/core/cortex_m/CMakeFiles/arch__arm__core__cortex_m.dir/fault_s.S.obj
[25/155] Building C object zephyr/CMakeFiles/zephyr.dir/subsys/usb/device/usb_work_q.c.obj
[26/155] Building C object zephyr/arch/common/CMakeFiles/isr_tables.dir/isr_tables.c.obj
[27/155] Building C object zephyr/CMakeFiles/zephyr.dir/lib/utils/notify.c.obj
[28/155] Building C object zephyr/CMakeFiles/zephyr.dir/lib/os/printk.c.obj
[29/155] Building C object zephyr/CMakeFiles/zephyr.dir/lib/os/thread_entry.c.obj
[30/155] Linking C static library zephyr/arch/common/libisr_tables.a
[31/155] Building C object CMakeFiles/app.dir/src/main.c.obj
/home/sinis/zephyrproject/zephyr/sinis/console/src/main.c: In function 'main':
/home/sinis/zephyrproject/zephyr/sinis/console/src/main.c:46:36: warning: missing braces around initializer [-Wmissing-braces]
   46 |         struct spi_config config = {
      |                                    ^
/home/sinis/zephyrproject/zephyr/sinis/console/src/main.c:64:32: warning: too many arguments for format [-Wformat-extra-args]
   64 |                         printk("amognt", CONFIG_ARCH);
      |                                ^~~~~~~~
/home/sinis/zephyrproject/zephyr/sinis/console/src/main.c:66:20: warning: too many arguments for format [-Wformat-extra-args]
   66 |             printk("SPI TX: 0x%02x, RX: 0x%02x\n", tx_buf[0], rx_buf[0], CONFIG_ARCH);
      |                    ^~~~~~~~~~~~~~~~~~~~~~~~~~~~~~
/home/sinis/zephyrproject/zephyr/sinis/console/src/main.c:67:32: warning: too many arguments for format [-Wformat-extra-args]
   67 |                         printk("amog", CONFIG_ARCH);
      |                                ^~~~~~
[32/155] Building ASM object zephyr/arch/arch/arm/core/cortex_m/CMakeFiles/arch__arm__core__cortex_m.dir/reset.S.obj
[33/155] Linking C static library zephyr/arch/common/libarch__common.a
[34/155] Linking C static library app/libapp.a
[35/155] Building C object zephyr/CMakeFiles/zephyr.dir/subsys/usb/device/usb_transfer.c.obj
[36/155] Building C object zephyr/arch/arch/arm/core/CMakeFiles/arch__arm__core.dir/fatal.c.obj
[37/155] Building ASM object zephyr/arch/arch/arm/core/cortex_m/CMakeFiles/arch__arm__core__cortex_m.dir/swap_helper.S.obj
[38/155] Building C object zephyr/arch/arch/arm/core/CMakeFiles/arch__arm__core.dir/nmi.c.obj
[39/155] Building C object zephyr/CMakeFiles/zephyr.dir/subsys/usb/device/usb_descriptor.c.obj
[40/155] Building ASM object zephyr/arch/arch/arm/core/cortex_m/CMakeFiles/arch__arm__core__cortex_m.dir/vector_table.S.obj
[41/155] Building C object zephyr/arch/arch/arm/core/CMakeFiles/arch__arm__core.dir/tls.c.obj
[42/155] Building ASM object zephyr/arch/arch/arm/core/cortex_m/CMakeFiles/arch__arm__core__cortex_m.dir/__aeabi_read_tp.S.obj
[43/155] Building C object zephyr/CMakeFiles/zephyr.dir/lib/heap/heap.c.obj
[44/155] Building C object zephyr/arch/arch/arm/core/cortex_m/CMakeFiles/arch__arm__core__cortex_m.dir/exc_exit.c.obj
[45/155] Linking C static library zephyr/arch/arch/arm/core/libarch__arm__core.a
[46/155] Building C object zephyr/arch/arch/arm/core/cortex_m/CMakeFiles/arch__arm__core__cortex_m.dir/fpu.c.obj
[47/155] Building C object zephyr/CMakeFiles/zephyr.dir/lib/os/cbprintf_complete.c.obj
[48/155] Building C object zephyr/arch/arch/arm/core/cortex_m/CMakeFiles/arch__arm__core__cortex_m.dir/scb.c.obj
[49/155] Building C object zephyr/CMakeFiles/zephyr.dir/lib/utils/rb.c.obj
[50/155] Building C object zephyr/CMakeFiles/zephyr.dir/lib/utils/bitarray.c.obj
[51/155] Building C object zephyr/arch/arch/arm/core/cortex_m/CMakeFiles/arch__arm__core__cortex_m.dir/prep_c.c.obj
[52/155] Building C object zephyr/CMakeFiles/zephyr.dir/lib/os/cbprintf_packaged.c.obj
[53/155] Building C object zephyr/arch/arch/arm/core/cortex_m/CMakeFiles/arch__arm__core__cortex_m.dir/thread_abort.c.obj
[54/155] Building C object zephyr/arch/arch/arm/core/cortex_m/CMakeFiles/arch__arm__core__cortex_m.dir/irq_manage.c.obj
[55/155] Building C object zephyr/arch/arch/arm/core/cortex_m/CMakeFiles/arch__arm__core__cortex_m.dir/thread.c.obj
[56/155] Building C object zephyr/arch/arch/arm/core/cortex_m/CMakeFiles/arch__arm__core__cortex_m.dir/cpu_idle.c.obj
[57/155] Building C object zephyr/arch/arch/arm/core/cortex_m/CMakeFiles/arch__arm__core__cortex_m.dir/irq_init.c.obj
[58/155] Building C object zephyr/CMakeFiles/zephyr.dir/lib/utils/onoff.c.obj
[59/155] Building C object zephyr/arch/arch/arm/core/mpu/CMakeFiles/arch__arm__core__mpu.dir/arm_mpu_regions.c.obj
[60/155] Building C object zephyr/arch/arch/arm/core/cortex_m/CMakeFiles/arch__arm__core__cortex_m.dir/fault.c.obj
[61/155] Building C object zephyr/arch/arch/arm/core/cortex_m/CMakeFiles/arch__arm__core__cortex_m.dir/isr_wrapper.c.obj
[62/155] Building C object zephyr/CMakeFiles/zephyr.dir/subsys/usb/device/class/cdc_acm.c.obj
[63/155] Building C object zephyr/soc/soc/nrf52833/CMakeFiles/soc__nordic.dir/validate_binding_headers.c.obj
[64/155] Building C object zephyr/lib/libc/picolibc/CMakeFiles/lib__libc__picolibc.dir/assert.c.obj
[65/155] Linking C static library zephyr/arch/arch/arm/core/cortex_m/libarch__arm__core__cortex_m.a
[66/155] Building C object zephyr/lib/libc/picolibc/CMakeFiles/lib__libc__picolibc.dir/cbprintf.c.obj
[67/155] Building C object zephyr/drivers/serial/CMakeFiles/drivers__serial.dir/home/sinis/zephyrproject/zephyr/misc/empty_file.c.obj
[68/155] Building C object zephyr/arch/arch/arm/core/mpu/CMakeFiles/arch__arm__core__mpu.dir/arm_core_mpu.c.obj
[69/155] Building C object zephyr/lib/libc/picolibc/CMakeFiles/lib__libc__picolibc.dir/chk_fail.c.obj
[70/155] Linking C static library zephyr/drivers/serial/libdrivers__serial.a
[71/155] Building C object zephyr/lib/libc/picolibc/CMakeFiles/lib__libc__picolibc.dir/exit.c.obj
[72/155] Building C object zephyr/CMakeFiles/zephyr.dir/subsys/usb/device/usb_device.c.obj
[73/155] Building C object zephyr/lib/libc/picolibc/CMakeFiles/lib__libc__picolibc.dir/errno_wrap.c.obj
[74/155] Building C object zephyr/lib/libc/picolibc/CMakeFiles/lib__libc__picolibc.dir/locks.c.obj
[75/155] Building C object zephyr/lib/libc/common/CMakeFiles/lib__libc__common.dir/source/stdlib/abort.c.obj
[76/155] Building C object zephyr/lib/libc/picolibc/CMakeFiles/lib__libc__picolibc.dir/stdio.c.obj
[77/155] Building C object zephyr/soc/soc/nrf52833/CMakeFiles/soc__nordic.dir/validate_enabled_instances.c.obj
[78/155] Building C object zephyr/soc/soc/nrf52833/CMakeFiles/soc__nordic.dir/validate_base_addresses.c.obj
[79/155] Building C object zephyr/arch/arch/arm/core/mpu/CMakeFiles/arch__arm__core__mpu.dir/arm_mpu.c.obj
[80/155] Building C object zephyr/drivers/pinctrl/CMakeFiles/drivers__pinctrl.dir/common.c.obj
[81/155] Linking C static library zephyr/libzephyr.a
[82/155] Linking C static library zephyr/lib/libc/picolibc/liblib__libc__picolibc.a
[83/155] Linking C static library zephyr/arch/arch/arm/core/mpu/libarch__arm__core__mpu.a
[84/155] Building C object zephyr/lib/libc/common/CMakeFiles/lib__libc__common.dir/source/stdlib/malloc.c.obj
[85/155] Building C object zephyr/drivers/console/CMakeFiles/drivers__console.dir/uart_console.c.obj
[86/155] Building C object zephyr/soc/soc/nrf52833/CMakeFiles/soc__nordic.dir/nrf52/soc.c.obj
[87/155] Linking C static library zephyr/lib/libc/common/liblib__libc__common.a
[88/155] Linking C static library zephyr/drivers/console/libdrivers__console.a
[89/155] Building C object modules/hal_nordic/nrfx/CMakeFiles/modules__hal_nordic__nrfx.dir/home/sinis/zephyrproject/modules/hal/nordic/nrfx/mdk/system_nrf52833.c.obj
[90/155] Linking C static library zephyr/soc/soc/nrf52833/libsoc__nordic.a
[91/155] Building C object zephyr/drivers/hwinfo/CMakeFiles/drivers__hwinfo.dir/hwinfo_weak_impl.c.obj
[92/155] Building C object zephyr/drivers/hwinfo/CMakeFiles/drivers__hwinfo.dir/hwinfo_nrf.c.obj
[93/155] Building C object zephyr/kernel/CMakeFiles/kernel.dir/init_static.c.obj
[94/155] Building C object zephyr/drivers/timer/CMakeFiles/drivers__timer.dir/sys_clock_init.c.obj
[95/155] Linking C static library zephyr/drivers/hwinfo/libdrivers__hwinfo.a
[96/155] Building C object zephyr/kernel/CMakeFiles/kernel.dir/device.c.obj
[97/155] Building C object modules/hal_nordic/nrfx/CMakeFiles/modules__hal_nordic__nrfx.dir/nrfx_glue.c.obj
[98/155] Building C object modules/hal_nordic/nrfx/CMakeFiles/modules__hal_nordic__nrfx.dir/home/sinis/zephyrproject/modules/hal/nordic/nrfx/helpers/nrfx_flag32_allocator.c.obj
[99/155] Building C object zephyr/kernel/CMakeFiles/kernel.dir/version.c.obj
[100/155] Building C object zephyr/kernel/CMakeFiles/kernel.dir/banner.c.obj
[101/155] Building C object zephyr/kernel/CMakeFiles/kernel.dir/busy_wait.c.obj
[102/155] Building C object zephyr/drivers/clock_control/CMakeFiles/drivers__clock_control.dir/clock_control_nrf.c.obj
[103/155] Building C object modules/hal_nordic/nrfx/CMakeFiles/modules__hal_nordic__nrfx.dir/home/sinis/zephyrproject/modules/hal/nordic/nrfx/helpers/nrfx_ram_ctrl.c.obj
[104/155] Building C object zephyr/kernel/CMakeFiles/kernel.dir/errno.c.obj
[105/155] Building C object zephyr/kernel/CMakeFiles/kernel.dir/main_weak.c.obj
[106/155] Linking C static library zephyr/drivers/clock_control/libdrivers__clock_control.a
[107/155] Building C object modules/hal_nordic/nrfx/CMakeFiles/modules__hal_nordic__nrfx.dir/home/sinis/zephyrproject/modules/hal/nordic/nrfx/drivers/src/nrfx_clock.c.obj
[108/155] Building C object modules/hal_nordic/nrfx/CMakeFiles/modules__hal_nordic__nrfx.dir/home/sinis/zephyrproject/modules/hal/nordic/nrfx/drivers/src/nrfx_power.c.obj
[109/155] Building C object zephyr/kernel/CMakeFiles/kernel.dir/fatal.c.obj
[110/155] Building C object zephyr/kernel/CMakeFiles/kernel.dir/float.c.obj
[111/155] Building C object zephyr/kernel/CMakeFiles/kernel.dir/kheap.c.obj
[112/155] Building C object zephyr/kernel/CMakeFiles/kernel.dir/idle.c.obj
[113/155] Building C object zephyr/drivers/pinctrl/CMakeFiles/drivers__pinctrl.dir/pinctrl_nrf.c.obj
[114/155] Building C object zephyr/drivers/timer/CMakeFiles/drivers__timer.dir/nrf_rtc_timer.c.obj
[115/155] Building C object zephyr/kernel/CMakeFiles/kernel.dir/mem_slab.c.obj
[116/155] Linking C static library zephyr/drivers/timer/libdrivers__timer.a
[117/155] Linking C static library zephyr/drivers/pinctrl/libdrivers__pinctrl.a
[118/155] Building C object zephyr/kernel/CMakeFiles/kernel.dir/init.c.obj
[119/155] Building C object zephyr/drivers/usb/common/nrf_usbd_common/CMakeFiles/drivers__usb__common__nrf_usbd_common.dir/nrf_usbd_common.c.obj
[120/155] Building C object zephyr/kernel/CMakeFiles/kernel.dir/system_work_q.c.obj
[121/155] Building C object zephyr/kernel/CMakeFiles/kernel.dir/mutex.c.obj
[122/155] Building C object zephyr/kernel/CMakeFiles/kernel.dir/stack.c.obj
[123/155] Building C object zephyr/kernel/CMakeFiles/kernel.dir/sem.c.obj
[124/155] Building C object zephyr/kernel/CMakeFiles/kernel.dir/msg_q.c.obj
[125/155] Building C object zephyr/drivers/spi/CMakeFiles/drivers__spi.dir/spi_nrfx_common.c.obj
[126/155] Linking C static library zephyr/drivers/usb/common/nrf_usbd_common/libdrivers__usb__common__nrf_usbd_common.a
[127/155] Building C object zephyr/kernel/CMakeFiles/kernel.dir/mailbox.c.obj
[128/155] Building C object zephyr/drivers/gpio/CMakeFiles/drivers__gpio.dir/gpio_nrfx.c.obj
[129/155] Building C object zephyr/drivers/usb/device/CMakeFiles/drivers__usb__device.dir/usb_dc_nrfx.c.obj
[130/155] Linking C static library zephyr/drivers/gpio/libdrivers__gpio.a
[131/155] Linking C static library zephyr/drivers/usb/device/libdrivers__usb__device.a
[132/155] Building C object zephyr/kernel/CMakeFiles/kernel.dir/timeslicing.c.obj
[133/155] Building C object zephyr/kernel/CMakeFiles/kernel.dir/xip.c.obj
[134/155] Building C object zephyr/kernel/CMakeFiles/kernel.dir/queue.c.obj
[135/155] Building C object zephyr/kernel/CMakeFiles/kernel.dir/condvar.c.obj
[136/155] Building C object zephyr/kernel/CMakeFiles/kernel.dir/thread.c.obj
[137/155] Building C object zephyr/kernel/CMakeFiles/kernel.dir/dynamic_disabled.c.obj
[138/155] Building C object zephyr/kernel/CMakeFiles/kernel.dir/timer.c.obj
[139/155] Building C object zephyr/kernel/CMakeFiles/kernel.dir/mempool.c.obj
[140/155] Building C object zephyr/kernel/CMakeFiles/kernel.dir/pipe.c.obj
[141/155] Building C object zephyr/kernel/CMakeFiles/kernel.dir/timeout.c.obj
[142/155] Building C object zephyr/kernel/CMakeFiles/kernel.dir/work.c.obj
[143/155] Building C object zephyr/drivers/spi/CMakeFiles/drivers__spi.dir/spi_nrfx_spim.c.obj
[144/155] Linking C static library zephyr/drivers/spi/libdrivers__spi.a
[145/155] Building C object modules/hal_nordic/nrfx/CMakeFiles/modules__hal_nordic__nrfx.dir/home/sinis/zephyrproject/modules/hal/nordic/nrfx/drivers/src/nrfx_spim.c.obj
[146/155] Building C object zephyr/kernel/CMakeFiles/kernel.dir/sched.c.obj
[147/155] Linking C static library zephyr/kernel/libkernel.a
[148/155] Building C object modules/hal_nordic/nrfx/CMakeFiles/modules__hal_nordic__nrfx.dir/home/sinis/zephyrproject/modules/hal/nordic/nrfx/drivers/src/nrfx_gpiote.c.obj
[149/155] Linking C static library modules/hal_nordic/nrfx/libmodules__hal_nordic__nrfx.a
[150/155] Linking C executable zephyr/zephyr_pre0.elf
[151/155] Generating linker.cmd
[152/155] Generating isr_tables.c, isr_tables_vt.ld, isr_tables_swi.ld
[153/155] Building C object zephyr/CMakeFiles/zephyr_final.dir/misc/empty_file.c.obj
[154/155] Building C object zephyr/CMakeFiles/zephyr_final.dir/isr_tables.c.obj
[155/155] Linking C executable zephyr/zephyr.elf
Memory region         Used Size  Region Size  %age Used
           FLASH:       39540 B       512 KB      7.54%
             RAM:       14848 B       128 KB     11.33%
        IDT_LIST:          0 GB        32 KB      0.00%
Generating files from /home/sinis/zephyrproject/zephyr/sinis/console/build/zephyr/zephyr.elf for board: atlas
