-- west build: making build dir /home/sinis/zephyrproject/zephyr/sinis/atlas/build pristine
-- west build: generating a build system
-- Application: /home/sinis/zephyrproject/zephyr/sinis/atlas
-- CMake version: 4.0.0
-- Found Python3: /home/sinis/zephyrproject/.venv/bin/python3 (found suitable version "3.12.3", minimum required is "3.10") found components: Interpreter
-- Cache files will be written to: /home/sinis/.cache/zephyr
-- Zephyr version: 4.1.99 (/home/sinis/zephyrproject/zephyr)
-- Found west (found suitable version "1.3.0", minimum required is "0.14.0")
-- Board: raytac_mdbt50_db_33, qualifiers: nrf52833
-- ZEPHYR_TOOLCHAIN_VARIANT not set, trying to locate Zephyr SDK
-- Found host-tools: zephyr 0.17.0 (/home/sinis/zephyr-sdk-0.17.0)
-- Found toolchain: zephyr 0.17.0 (/home/sinis/zephyr-sdk-0.17.0)
-- Found Dtc: /home/sinis/zephyr-sdk-0.17.0/sysroots/x86_64-pokysdk-linux/usr/bin/dtc (found suitable version "1.6.0", minimum required is "1.4.6")
-- Found BOARD.dts: /home/sinis/zephyrproject/zephyr/boards/sinis/mdbt50_db_33/raytac_mdbt50_db_33_nrf52833.dts
-- Generated zephyr.dts: /home/sinis/zephyrproject/zephyr/sinis/atlas/build/zephyr/zephyr.dts
-- Generated pickled edt: /home/sinis/zephyrproject/zephyr/sinis/atlas/build/zephyr/edt.pickle
-- Generated devicetree_generated.h: /home/sinis/zephyrproject/zephyr/sinis/atlas/build/zephyr/include/generated/zephyr/devicetree_generated.h
-- Including generated dts.cmake file: /home/sinis/zephyrproject/zephyr/sinis/atlas/build/zephyr/dts.cmake
Parsing /home/sinis/zephyrproject/zephyr/Kconfig
Loaded configuration '/home/sinis/zephyrproject/zephyr/boards/sinis/mdbt50_db_33/raytac_mdbt50_db_33_nrf52833_defconfig'
Merged configuration '/home/sinis/zephyrproject/zephyr/sinis/atlas/prj.conf'
Configuration saved to '/home/sinis/zephyrproject/zephyr/sinis/atlas/build/zephyr/.config'
Kconfig header saved to '/home/sinis/zephyrproject/zephyr/sinis/atlas/build/zephyr/include/generated/zephyr/autoconf.h'
-- Found GnuLd: /home/sinis/zephyr-sdk-0.17.0/arm-zephyr-eabi/arm-zephyr-eabi/bin/ld.bfd (found version "2.38")
-- The C compiler identification is GNU 12.2.0
-- The CXX compiler identification is GNU 12.2.0
-- The ASM compiler identification is GNU
-- Found assembler: /home/sinis/zephyr-sdk-0.17.0/arm-zephyr-eabi/bin/arm-zephyr-eabi-gcc
-- Using ccache: /usr/bin/ccache
-- Configuring done (2.0s)
-- Generating done (0.1s)
-- Build files have been written to: /home/sinis/zephyrproject/zephyr/sinis/atlas/build
-- west build: building application
[1/376] Preparing syscall dependency handling

[2/376] Generating include/generated/zephyr/version.h
-- Zephyr version: 4.1.99 (/home/sinis/zephyrproject/zephyr), build: v4.1.0-1511-g19c6240b6865
[3/376] Generating misc/generated/syscalls_subdirs.trigger
[4/376] Generating misc/generated/syscalls.json, misc/generated/struct_tags.json
[5/376] Generating include/generated/device-api-sections.ld, include/generated/device-api-sections.cmake
[6/376] Generating include/generated/zephyr/syscall_dispatch.c, include/generated/zephyr/syscall_exports_llext.c, syscall_weakdefs_llext.c, include/generated/zephyr/syscall_list.h
[7/376] Generating include/generated/zephyr/kobj-types-enum.h, include/generated/zephyr/otype-to-str.h, include/generated/zephyr/otype-to-size.h
[8/376] Generating include/generated/zephyr/driver-validation.h
[9/376] Building C object zephyr/CMakeFiles/offsets.dir/arch/arm/core/offsets/offsets.c.obj
[10/376] Generating include/generated/zephyr/offsets.h
[11/376] Building C object zephyr/CMakeFiles/zephyr.dir/lib/utils/dec.c.obj
[12/376] Building C object zephyr/CMakeFiles/zephyr.dir/lib/utils/timeutil.c.obj
[13/376] Building C object zephyr/CMakeFiles/zephyr.dir/lib/utils/hex.c.obj
[14/376] Building C object zephyr/CMakeFiles/zephyr.dir/misc/generated/configs.c.obj
[15/376] Building C object zephyr/CMakeFiles/zephyr.dir/subsys/logging/log_cache.c.obj
[16/376] Building C object zephyr/CMakeFiles/zephyr.dir/lib/utils/ring_buffer.c.obj
[17/376] Building C object zephyr/CMakeFiles/zephyr.dir/lib/os/thread_entry.c.obj
[18/376] Building C object zephyr/CMakeFiles/zephyr.dir/lib/os/sem.c.obj
[19/376] Building C object zephyr/CMakeFiles/zephyr.dir/lib/utils/notify.c.obj
[20/376] Building C object zephyr/CMakeFiles/zephyr.dir/lib/os/printk.c.obj
[21/376] Building C object zephyr/CMakeFiles/zephyr.dir/lib/os/assert.c.obj
[22/376] Building C object zephyr/CMakeFiles/zephyr.dir/subsys/logging/backends/log_backend_uart.c.obj
[23/376] Building C object zephyr/CMakeFiles/zephyr.dir/subsys/logging/backends/log_backend_rtt.c.obj
[24/376] Building C object zephyr/CMakeFiles/zephyr.dir/subsys/tracing/tracing_none.c.obj
[25/376] Building C object zephyr/CMakeFiles/zephyr.dir/subsys/logging/log_msg.c.obj
[26/376] Building C object CMakeFiles/app.dir/home/sinis/zephyrproject/zephyr/sinis/drivers/dwm3000/dwm3000.c.obj
[27/376] Building C object zephyr/CMakeFiles/zephyr.dir/subsys/logging/log_output.c.obj
[28/376] Building C object zephyr/CMakeFiles/zephyr.dir/lib/heap/heap.c.obj
[29/376] Building C object zephyr/CMakeFiles/zephyr.dir/lib/utils/onoff.c.obj
[30/376] Building C object zephyr/CMakeFiles/zephyr.dir/subsys/settings/src/settings_none.c.obj
[31/376] Building C object zephyr/CMakeFiles/zephyr.dir/subsys/mem_mgmt/mem_attr.c.obj
[32/376] Building C object zephyr/CMakeFiles/zephyr.dir/subsys/usb/device/usb_work_q.c.obj
[33/376] Building C object zephyr/CMakeFiles/zephyr.dir/subsys/logging/log_mgmt.c.obj
[34/376] Building C object zephyr/CMakeFiles/zephyr.dir/lib/utils/bitarray.c.obj
[35/376] Building C object zephyr/CMakeFiles/zephyr.dir/lib/utils/rb.c.obj
[36/376] Building C object zephyr/CMakeFiles/zephyr.dir/lib/os/cbprintf_complete.c.obj
[37/376] Building ASM object zephyr/arch/arch/arm/core/CMakeFiles/arch__arm__core.dir/nmi_on_reset.S.obj
[38/376] Building C object zephyr/CMakeFiles/zephyr.dir/subsys/bluetooth/services/dis.c.obj
[39/376] Building ASM object zephyr/arch/arch/arm/core/cortex_m/CMakeFiles/arch__arm__core__cortex_m.dir/fault_s.S.obj
[40/376] Generating linker_zephyr_pre0.cmd
[41/376] Building C object zephyr/CMakeFiles/zephyr.dir/lib/os/mpsc_pbuf.c.obj
[42/376] Building C object zephyr/CMakeFiles/zephyr.dir/lib/os/cbprintf_packaged.c.obj
[43/376] Building C object zephyr/CMakeFiles/zephyr_pre0.dir/misc/empty_file.c.obj
[44/376] Building C object zephyr/CMakeFiles/zephyr.dir/subsys/bluetooth/services/bas/bas.c.obj
[45/376] Building ASM object zephyr/arch/arch/arm/core/cortex_m/CMakeFiles/arch__arm__core__cortex_m.dir/reset.S.obj
[46/376] Building C object zephyr/CMakeFiles/zephyr.dir/subsys/logging/log_core.c.obj
[47/376] Building C object zephyr/arch/common/CMakeFiles/isr_tables.dir/isr_tables.c.obj
[48/376] Building C object zephyr/arch/common/CMakeFiles/arch__common.dir/sw_isr_common.c.obj
[49/376] Building ASM object zephyr/arch/arch/arm/core/cortex_m/CMakeFiles/arch__arm__core__cortex_m.dir/vector_table.S.obj
[50/376] Linking C static library zephyr/arch/common/libisr_tables.a
[51/376] Building C object zephyr/arch/arch/arm/core/CMakeFiles/arch__arm__core.dir/nmi.c.obj
[52/376] Building C object zephyr/CMakeFiles/zephyr.dir/subsys/settings/src/settings_store.c.obj
[53/376] Building C object CMakeFiles/app.dir/src/main.c.obj
/home/sinis/zephyrproject/zephyr/sinis/atlas/src/main.c:23:45: warning: missing braces around initializer [-Wmissing-braces]
   23 |  static struct dwm3000_config dwm3000_cfg = {
      |                                             ^
/home/sinis/zephyrproject/zephyr/sinis/atlas/src/main.c:23:45: warning: missing braces around initializer [-Wmissing-braces]
In file included from /home/sinis/zephyrproject/zephyr/sinis/atlas/src/main.c:10:
/home/sinis/zephyrproject/zephyr/sinis/atlas/src/main.c: In function 'bt_ready':
/home/sinis/zephyrproject/zephyr/include/zephyr/bluetooth/bluetooth.h:1193:24: warning: 'BT_LE_ADV_OPT_CONNECTABLE' is deprecated [-Wdeprecated-declarations]
 1193 |         ((const struct bt_le_adv_param[]) { \
      |                        ^~~~~~~~~~~~~~~
/home/sinis/zephyrproject/zephyr/include/zephyr/bluetooth/bluetooth.h:1272:29: note: in expansion of macro 'BT_LE_ADV_PARAM'
 1272 | #define BT_LE_ADV_CONN_NAME BT_LE_ADV_PARAM(BT_LE_ADV_OPT_CONNECTABLE | \
      |                             ^~~~~~~~~~~~~~~
/home/sinis/zephyrproject/zephyr/sinis/atlas/src/main.c:68:28: note: in expansion of macro 'BT_LE_ADV_CONN_NAME'
   68 |      err = bt_le_adv_start(BT_LE_ADV_CONN_NAME, ad, ARRAY_SIZE(ad), NULL, 0);
      |                            ^~~~~~~~~~~~~~~~~~~
/home/sinis/zephyrproject/zephyr/include/zephyr/bluetooth/bluetooth.h:709:9: note: declared here
  709 |         BT_LE_ADV_OPT_CONNECTABLE __deprecated = BIT(0),
      |         ^~~~~~~~~~~~~~~~~~~~~~~~~
/home/sinis/zephyrproject/zephyr/sinis/atlas/src/main.c:68:13: warning: Macro is deprecated
   68 |      err = bt_le_adv_start(BT_LE_ADV_CONN_NAME, ad, ARRAY_SIZE(ad), NULL, 0);
      |             ^~~~~~~~~~~~~~~~~~~~~
/home/sinis/zephyrproject/zephyr/sinis/atlas/src/main.c: At top level:
/home/sinis/zephyrproject/zephyr/sinis/atlas/src/main.c:76:7: warning: return type of 'main' is not 'int' [-Wmain]
   76 |  void main(void)
      |       ^~~~
[54/376] Building C object zephyr/CMakeFiles/zephyr.dir/subsys/bluetooth/services/hrs.c.obj
[55/376] Building C object zephyr/CMakeFiles/zephyr.dir/subsys/bluetooth/services/ias/ias.c.obj
[56/376] Building C object zephyr/arch/arch/arm/core/CMakeFiles/arch__arm__core.dir/tls.c.obj
[57/376] Building C object zephyr/CMakeFiles/zephyr.dir/subsys/settings/src/settings_init.c.obj
[58/376] Building ASM object zephyr/arch/arch/arm/core/cortex_m/CMakeFiles/arch__arm__core__cortex_m.dir/swap_helper.S.obj
[59/376] Linking C static library zephyr/arch/common/libarch__common.a
[60/376] Linking C static library app/libapp.a
[61/376] Building ASM object zephyr/arch/arch/arm/core/cortex_m/CMakeFiles/arch__arm__core__cortex_m.dir/__aeabi_read_tp.S.obj
[62/376] Building C object zephyr/arch/arch/arm/core/cortex_m/CMakeFiles/arch__arm__core__cortex_m.dir/exc_exit.c.obj
[63/376] Building C object zephyr/arch/arch/arm/core/cortex_m/CMakeFiles/arch__arm__core__cortex_m.dir/fpu.c.obj
[64/376] Building C object zephyr/CMakeFiles/zephyr.dir/subsys/settings/src/settings_line.c.obj
[65/376] Building C object zephyr/arch/arch/arm/core/cortex_m/CMakeFiles/arch__arm__core__cortex_m.dir/scb.c.obj
[66/376] Building C object zephyr/CMakeFiles/zephyr.dir/subsys/bluetooth/services/cts.c.obj
[67/376] Building C object zephyr/arch/arch/arm/core/cortex_m/CMakeFiles/arch__arm__core__cortex_m.dir/thread_abort.c.obj
[68/376] Building C object zephyr/CMakeFiles/zephyr.dir/subsys/settings/src/settings.c.obj
[69/376] Building C object zephyr/arch/arch/arm/core/cortex_m/CMakeFiles/arch__arm__core__cortex_m.dir/prep_c.c.obj
[70/376] Building C object zephyr/CMakeFiles/zephyr.dir/subsys/usb/device/usb_transfer.c.obj
[71/376] Building C object zephyr/arch/arch/arm/core/cortex_m/CMakeFiles/arch__arm__core__cortex_m.dir/irq_init.c.obj
[72/376] Building C object zephyr/arch/arch/arm/core/cortex_m/CMakeFiles/arch__arm__core__cortex_m.dir/irq_manage.c.obj
[73/376] Building C object zephyr/arch/arch/arm/core/cortex_m/CMakeFiles/arch__arm__core__cortex_m.dir/cpu_idle.c.obj
[74/376] Building C object zephyr/arch/arch/arm/core/cortex_m/CMakeFiles/arch__arm__core__cortex_m.dir/isr_wrapper.c.obj
[75/376] Building C object zephyr/arch/arch/arm/core/cortex_m/CMakeFiles/arch__arm__core__cortex_m.dir/thread.c.obj
[76/376] Building C object zephyr/arch/arch/arm/core/CMakeFiles/arch__arm__core.dir/fatal.c.obj
[77/376] Building C object zephyr/arch/arch/arm/core/mpu/CMakeFiles/arch__arm__core__mpu.dir/arm_core_mpu.c.obj
[78/376] Building C object zephyr/lib/libc/picolibc/CMakeFiles/lib__libc__picolibc.dir/errno_wrap.c.obj
[79/376] Building C object zephyr/arch/arch/arm/core/mpu/CMakeFiles/arch__arm__core__mpu.dir/arm_mpu_regions.c.obj
[80/376] Building C object zephyr/lib/libc/picolibc/CMakeFiles/lib__libc__picolibc.dir/chk_fail.c.obj
[81/376] Building C object zephyr/subsys/bluetooth/common/CMakeFiles/subsys__bluetooth__common.dir/addr.c.obj
[82/376] Linking C static library zephyr/arch/arch/arm/core/libarch__arm__core.a
[83/376] Building C object zephyr/lib/libc/picolibc/CMakeFiles/lib__libc__picolibc.dir/cbprintf.c.obj
[84/376] Building C object zephyr/lib/libc/common/CMakeFiles/lib__libc__common.dir/source/stdlib/abort.c.obj
[85/376] Building C object zephyr/lib/libc/picolibc/CMakeFiles/lib__libc__picolibc.dir/stdio.c.obj
[86/376] Building C object zephyr/lib/libc/picolibc/CMakeFiles/lib__libc__picolibc.dir/assert.c.obj
[87/376] Building C object zephyr/soc/soc/nrf52833/CMakeFiles/soc__nordic.dir/validate_binding_headers.c.obj
[88/376] Building C object zephyr/lib/libc/picolibc/CMakeFiles/lib__libc__picolibc.dir/locks.c.obj
[89/376] Building C object zephyr/lib/libc/picolibc/CMakeFiles/lib__libc__picolibc.dir/exit.c.obj
[90/376] Building C object zephyr/lib/libc/common/CMakeFiles/lib__libc__common.dir/source/stdlib/malloc.c.obj
[91/376] Linking C static library zephyr/lib/libc/picolibc/liblib__libc__picolibc.a
[92/376] Linking C static library zephyr/lib/libc/common/liblib__libc__common.a
[93/376] Building C object zephyr/subsys/bluetooth/host/CMakeFiles/subsys__bluetooth__host.dir/uuid.c.obj
[94/376] Building C object zephyr/subsys/random/CMakeFiles/subsys__random.dir/random_entropy_device.c.obj
[95/376] Building C object zephyr/CMakeFiles/zephyr.dir/subsys/usb/device/usb_descriptor.c.obj
[96/376] Building C object zephyr/soc/soc/nrf52833/CMakeFiles/soc__nordic.dir/validate_base_addresses.c.obj
[97/376] Building C object zephyr/subsys/bluetooth/host/CMakeFiles/subsys__bluetooth__host.dir/addr.c.obj
[98/376] Building C object zephyr/soc/soc/nrf52833/CMakeFiles/soc__nordic.dir/nrf52/soc.c.obj
[99/376] Building C object zephyr/subsys/random/CMakeFiles/subsys__random.dir/random_xoshiro128.c.obj
[100/376] Building C object zephyr/soc/soc/nrf52833/CMakeFiles/soc__nordic.dir/validate_enabled_instances.c.obj
[101/376] Building C object zephyr/arch/arch/arm/core/mpu/CMakeFiles/arch__arm__core__mpu.dir/arm_mpu.c.obj
[102/376] Building C object zephyr/subsys/bluetooth/host/CMakeFiles/subsys__bluetooth__host.dir/long_wq.c.obj
[103/376] Building C object zephyr/subsys/bluetooth/common/CMakeFiles/subsys__bluetooth__common.dir/dummy.c.obj
[104/376] Linking C static library zephyr/subsys/random/libsubsys__random.a
[105/376] Linking C static library zephyr/soc/soc/nrf52833/libsoc__nordic.a
[106/376] Linking C static library zephyr/arch/arch/arm/core/mpu/libarch__arm__core__mpu.a
[107/376] Building C object zephyr/subsys/bluetooth/common/CMakeFiles/subsys__bluetooth__common.dir/bt_str.c.obj
[108/376] Building C object zephyr/subsys/bluetooth/host/CMakeFiles/subsys__bluetooth__host.dir/hci_common.c.obj
[109/376] Building C object zephyr/arch/arch/arm/core/cortex_m/CMakeFiles/arch__arm__core__cortex_m.dir/fault.c.obj
[110/376] Building C object zephyr/lib/net_buf/CMakeFiles/lib__net_buf.dir/buf.c.obj
[111/376] Building C object zephyr/subsys/bluetooth/common/CMakeFiles/subsys__bluetooth__common.dir/rpa.c.obj
[112/376] Building C object zephyr/CMakeFiles/zephyr.dir/subsys/usb/device/class/cdc_acm.c.obj
/home/sinis/zephyrproject/zephyr/subsys/usb/device/class/cdc_acm.c:65:2: warning: #warning "USB_CDC_ACM_LOG_LEVEL forced to LOG_LEVEL_NONE" [-Wcpp]
   65 | #warning "USB_CDC_ACM_LOG_LEVEL forced to LOG_LEVEL_NONE"
      |  ^~~~~~~
[113/376] Building C object zephyr/subsys/bluetooth/controller/CMakeFiles/subsys__bluetooth__controller.dir/util/mem.c.obj
[114/376] Linking C static library zephyr/subsys/bluetooth/common/libsubsys__bluetooth__common.a
[115/376] Linking C static library zephyr/arch/arch/arm/core/cortex_m/libarch__arm__core__cortex_m.a
[116/376] Building C object zephyr/subsys/bluetooth/host/CMakeFiles/subsys__bluetooth__host.dir/data.c.obj
[117/376] Building C object zephyr/lib/net_buf/CMakeFiles/lib__net_buf.dir/buf_simple.c.obj
[118/376] Linking C static library zephyr/lib/net_buf/liblib__net_buf.a
[119/376] Building C object zephyr/subsys/bluetooth/host/CMakeFiles/subsys__bluetooth__host.dir/buf.c.obj
[120/376] Building C object zephyr/subsys/bluetooth/controller/CMakeFiles/subsys__bluetooth__controller.dir/util/dbuf.c.obj
[121/376] Building C object zephyr/subsys/bluetooth/controller/CMakeFiles/subsys__bluetooth__controller.dir/util/memq.c.obj
[122/376] Building C object zephyr/subsys/bluetooth/crypto/CMakeFiles/subsys__bluetooth__crypto.dir/bt_crypto_psa.c.obj
[123/376] Building C object zephyr/subsys/bluetooth/controller/CMakeFiles/subsys__bluetooth__controller.dir/ll_sw/ll_feat.c.obj
[124/376] Building C object zephyr/subsys/bluetooth/controller/CMakeFiles/subsys__bluetooth__controller.dir/util/mayfly.c.obj
[125/376] Building C object zephyr/subsys/bluetooth/controller/CMakeFiles/subsys__bluetooth__controller.dir/ll_sw/ll_addr.c.obj
[126/376] Building C object zephyr/subsys/bluetooth/controller/CMakeFiles/subsys__bluetooth__controller.dir/ll_sw/lll_common.c.obj
[127/376] Building C object zephyr/subsys/bluetooth/controller/CMakeFiles/subsys__bluetooth__controller.dir/util/util.c.obj
[128/376] Building C object zephyr/subsys/bluetooth/controller/CMakeFiles/subsys__bluetooth__controller.dir/ll_sw/ll_tx_pwr.c.obj
[129/376] Building C object zephyr/subsys/bluetooth/host/CMakeFiles/subsys__bluetooth__host.dir/ecc.c.obj
[130/376] Building C object zephyr/subsys/bluetooth/controller/CMakeFiles/subsys__bluetooth__controller.dir/ll_sw/ull_tx_queue.c.obj
[131/376] Building C object zephyr/subsys/bluetooth/host/CMakeFiles/subsys__bluetooth__host.dir/settings.c.obj
[132/376] Building C object zephyr/CMakeFiles/zephyr.dir/subsys/usb/device/usb_device.c.obj
[133/376] Linking C static library zephyr/libzephyr.a
[134/376] Building C object zephyr/subsys/bluetooth/controller/CMakeFiles/subsys__bluetooth__controller.dir/ll_sw/ull_llcp_enc.c.obj
[135/376] Building C object zephyr/subsys/bluetooth/host/CMakeFiles/subsys__bluetooth__host.dir/adv.c.obj
[136/376] Building C object zephyr/subsys/bluetooth/controller/CMakeFiles/subsys__bluetooth__controller.dir/ll_sw/ull_llcp_chmu.c.obj
[137/376] Building C object zephyr/subsys/bluetooth/controller/CMakeFiles/subsys__bluetooth__controller.dir/ll_sw/ull_llcp_phy.c.obj
[138/376] Building C object zephyr/subsys/bluetooth/controller/CMakeFiles/subsys__bluetooth__controller.dir/hci/hci_driver.c.obj
[139/376] Building C object zephyr/subsys/bluetooth/controller/CMakeFiles/subsys__bluetooth__controller.dir/ll_sw/ull_adv.c.obj
[140/376] Building C object zephyr/subsys/bluetooth/controller/CMakeFiles/subsys__bluetooth__controller.dir/ll_sw/ull_llcp_common.c.obj
[141/376] Building C object zephyr/subsys/bluetooth/controller/CMakeFiles/subsys__bluetooth__controller.dir/ll_sw/ull_chan.c.obj
[142/376] Building C object zephyr/subsys/bluetooth/controller/CMakeFiles/subsys__bluetooth__controller.dir/ll_sw/ull_llcp_pdu.c.obj
[143/376] Building C object zephyr/subsys/bluetooth/crypto/CMakeFiles/subsys__bluetooth__crypto.dir/bt_crypto.c.obj
[144/376] Linking C static library zephyr/subsys/bluetooth/crypto/libsubsys__bluetooth__crypto.a
[145/376] Building C object zephyr/subsys/bluetooth/controller/CMakeFiles/subsys__bluetooth__controller.dir/ll_sw/ull_llcp.c.obj
[146/376] Building C object zephyr/subsys/bluetooth/host/CMakeFiles/subsys__bluetooth__host.dir/keys.c.obj
[147/376] Building C object zephyr/subsys/bluetooth/controller/CMakeFiles/subsys__bluetooth__controller.dir/ll_sw/ull_llcp_local.c.obj
[148/376] Building C object zephyr/subsys/bluetooth/controller/CMakeFiles/subsys__bluetooth__controller.dir/ticker/ticker.c.obj
[149/376] Building C object zephyr/subsys/bluetooth/controller/CMakeFiles/subsys__bluetooth__controller.dir/ll_sw/ull.c.obj
[150/376] Building C object zephyr/subsys/bluetooth/controller/CMakeFiles/subsys__bluetooth__controller.dir/ll_sw/ull_llcp_conn_upd.c.obj
[151/376] Building C object zephyr/subsys/bluetooth/controller/CMakeFiles/subsys__bluetooth__controller.dir/ll_sw/lll_chan.c.obj
[152/376] Building C object zephyr/subsys/bluetooth/controller/CMakeFiles/subsys__bluetooth__controller.dir/ll_sw/ull_peripheral.c.obj
[153/376] Building C object zephyr/subsys/bluetooth/controller/CMakeFiles/subsys__bluetooth__controller.dir/ll_sw/ull_llcp_remote.c.obj
[154/376] Building C object zephyr/subsys/bluetooth/controller/CMakeFiles/subsys__bluetooth__controller.dir/crypto/crypto.c.obj
[155/376] Building C object zephyr/subsys/bluetooth/controller/ll_sw/nordic/CMakeFiles/subsys__bluetooth__controller__ll_sw__nordic.dir/lll/lll_peripheral.c.obj
[156/376] Building C object zephyr/subsys/bluetooth/controller/ll_sw/nordic/CMakeFiles/subsys__bluetooth__controller__ll_sw__nordic.dir/hal/nrf5/mayfly.c.obj
[157/376] Building C object zephyr/subsys/bluetooth/controller/ll_sw/nordic/CMakeFiles/subsys__bluetooth__controller__ll_sw__nordic.dir/hal/nrf5/cntr.c.obj
[158/376] Building C object zephyr/subsys/bluetooth/controller/ll_sw/nordic/CMakeFiles/subsys__bluetooth__controller__ll_sw__nordic.dir/hal/nrf5/ticker.c.obj
[159/376] Building C object zephyr/subsys/bluetooth/controller/ll_sw/nordic/CMakeFiles/subsys__bluetooth__controller__ll_sw__nordic.dir/lll/lll_clock.c.obj
[160/376] Building C object zephyr/subsys/bluetooth/controller/ll_sw/nordic/CMakeFiles/subsys__bluetooth__controller__ll_sw__nordic.dir/hal/nrf5/ecb.c.obj
[161/376] Building C object zephyr/subsys/bluetooth/host/CMakeFiles/subsys__bluetooth__host.dir/id.c.obj
[162/376] Building C object zephyr/subsys/bluetooth/controller/CMakeFiles/subsys__bluetooth__controller.dir/ll_sw/ull_conn.c.obj
[163/376] Building C object zephyr/subsys/bluetooth/controller/ll_sw/nordic/CMakeFiles/subsys__bluetooth__controller__ll_sw__nordic.dir/lll/lll_conn.c.obj
[164/376] Building C object zephyr/subsys/bluetooth/controller/ll_sw/nordic/CMakeFiles/subsys__bluetooth__controller__ll_sw__nordic.dir/hci/hci_vendor.c.obj
[165/376] Building C object zephyr/subsys/bluetooth/controller/CMakeFiles/subsys__bluetooth__controller.dir/hci/hci.c.obj
[166/376] Building C object zephyr/drivers/serial/CMakeFiles/drivers__serial.dir/home/sinis/zephyrproject/zephyr/misc/empty_file.c.obj
[167/376] Building C object zephyr/drivers/console/CMakeFiles/drivers__console.dir/uart_console.c.obj
[168/376] Building C object zephyr/subsys/bluetooth/host/CMakeFiles/subsys__bluetooth__host.dir/l2cap.c.obj
[169/376] Building C object zephyr/subsys/bluetooth/controller/ll_sw/nordic/CMakeFiles/subsys__bluetooth__controller__ll_sw__nordic.dir/lll/lll.c.obj
[170/376] Linking C static library zephyr/drivers/serial/libdrivers__serial.a
[171/376] Building C object zephyr/drivers/entropy/CMakeFiles/drivers__entropy.dir/entropy_bt_hci.c.obj
[172/376] Linking C static library zephyr/drivers/console/libdrivers__console.a
[173/376] Building C object zephyr/subsys/bluetooth/controller/ll_sw/nordic/CMakeFiles/subsys__bluetooth__controller__ll_sw__nordic.dir/lll/lll_adv.c.obj
[174/376] Building C object zephyr/drivers/pinctrl/CMakeFiles/drivers__pinctrl.dir/common.c.obj
[175/376] Building C object zephyr/drivers/hwinfo/CMakeFiles/drivers__hwinfo.dir/hwinfo_weak_impl.c.obj
[176/376] Building C object zephyr/drivers/entropy/CMakeFiles/drivers__entropy.dir/entropy_nrf5.c.obj
[177/376] Building C object modules/hal_nordic/nrfx/CMakeFiles/modules__hal_nordic__nrfx.dir/home/sinis/zephyrproject/modules/hal/nordic/nrfx/mdk/system_nrf52833.c.obj
[178/376] Linking C static library zephyr/drivers/entropy/libdrivers__entropy.a
[179/376] Building C object zephyr/drivers/hwinfo/CMakeFiles/drivers__hwinfo.dir/hwinfo_nrf.c.obj
[180/376] Building C object zephyr/drivers/i2c/CMakeFiles/drivers__i2c.dir/i2c_common.c.obj
[181/376] Building C object zephyr/drivers/clock_control/CMakeFiles/drivers__clock_control.dir/clock_control_nrf.c.obj
[182/376] Building C object zephyr/drivers/timer/CMakeFiles/drivers__timer.dir/sys_clock_init.c.obj
[183/376] Linking C static library zephyr/drivers/hwinfo/libdrivers__hwinfo.a
[184/376] Linking C static library zephyr/drivers/clock_control/libdrivers__clock_control.a
[185/376] Building C object modules/hal_nordic/nrfx/CMakeFiles/modules__hal_nordic__nrfx.dir/home/sinis/zephyrproject/modules/hal/nordic/nrfx/helpers/nrfx_flag32_allocator.c.obj
[186/376] Building C object modules/hal_nordic/nrfx/CMakeFiles/modules__hal_nordic__nrfx.dir/nrfx_glue.c.obj
[187/376] Building C object modules/hal_nordic/nrfx/CMakeFiles/modules__hal_nordic__nrfx.dir/home/sinis/zephyrproject/modules/hal/nordic/nrfx/helpers/nrfx_ram_ctrl.c.obj
[188/376] Building C object zephyr/drivers/i2c/CMakeFiles/drivers__i2c.dir/i2c_nrfx_twi.c.obj
[189/376] Building C object zephyr/subsys/bluetooth/controller/CMakeFiles/subsys__bluetooth__controller.dir/ll_sw/ull_filter.c.obj
[190/376] Building C object modules/mbedtls/CMakeFiles/mbedTLSBase.dir/home/sinis/zephyrproject/modules/crypto/mbedtls/library/aesni.c.obj
[191/376] Building C object modules/mbedtls/CMakeFiles/mbedTLSBase.dir/home/sinis/zephyrproject/modules/crypto/mbedtls/library/aria.c.obj
[192/376] Building C object modules/mbedtls/CMakeFiles/mbedTLSBase.dir/home/sinis/zephyrproject/modules/crypto/mbedtls/library/asn1parse.c.obj
[193/376] Building C object modules/mbedtls/CMakeFiles/mbedTLSBase.dir/home/sinis/zephyrproject/modules/crypto/mbedtls/library/asn1write.c.obj
[194/376] Linking C static library zephyr/subsys/bluetooth/controller/libsubsys__bluetooth__controller.a
[195/376] Building C object zephyr/drivers/i2c/CMakeFiles/drivers__i2c.dir/i2c_nrfx_twi_common.c.obj
[196/376] Building C object modules/mbedtls/CMakeFiles/mbedTLSBase.dir/home/sinis/zephyrproject/modules/crypto/mbedtls/library/bignum_mod_raw.c.obj
[197/376] Building C object modules/mbedtls/CMakeFiles/mbedTLSBase.dir/home/sinis/zephyrproject/modules/crypto/mbedtls/library/bignum_core.c.obj
[198/376] Linking C static library zephyr/drivers/i2c/libdrivers__i2c.a
[199/376] Building C object modules/mbedtls/CMakeFiles/mbedTLSBase.dir/home/sinis/zephyrproject/modules/crypto/mbedtls/library/base64.c.obj
[200/376] Building C object zephyr/drivers/pinctrl/CMakeFiles/drivers__pinctrl.dir/pinctrl_nrf.c.obj
[201/376] Building C object modules/mbedtls/CMakeFiles/mbedTLSBase.dir/home/sinis/zephyrproject/modules/crypto/mbedtls/library/bignum_mod.c.obj
[202/376] Building C object modules/mbedtls/CMakeFiles/mbedTLSBase.dir/home/sinis/zephyrproject/modules/crypto/mbedtls/library/ccm.c.obj
[203/376] Building C object modules/mbedtls/CMakeFiles/mbedTLSBase.dir/home/sinis/zephyrproject/modules/crypto/mbedtls/library/block_cipher.c.obj
[204/376] Building C object modules/mbedtls/CMakeFiles/mbedTLSBase.dir/home/sinis/zephyrproject/modules/crypto/mbedtls/library/bignum.c.obj
[205/376] Building C object modules/mbedtls/CMakeFiles/mbedTLSBase.dir/home/sinis/zephyrproject/modules/crypto/mbedtls/library/camellia.c.obj
[206/376] Building C object modules/mbedtls/CMakeFiles/mbedTLSBase.dir/home/sinis/zephyrproject/modules/crypto/mbedtls/library/chacha20.c.obj
[207/376] Linking C static library zephyr/drivers/pinctrl/libdrivers__pinctrl.a
[208/376] Building C object modules/mbedtls/CMakeFiles/mbedTLSBase.dir/home/sinis/zephyrproject/modules/crypto/mbedtls/library/chachapoly.c.obj
[209/376] Building C object zephyr/drivers/timer/CMakeFiles/drivers__timer.dir/nrf_rtc_timer.c.obj
[210/376] Building C object modules/mbedtls/CMakeFiles/mbedTLSBase.dir/home/sinis/zephyrproject/modules/crypto/mbedtls/library/debug.c.obj
[211/376] Building C object modules/mbedtls/CMakeFiles/mbedTLSBase.dir/home/sinis/zephyrproject/modules/crypto/mbedtls/library/constant_time.c.obj
[212/376] Building C object modules/mbedtls/CMakeFiles/mbedTLSBase.dir/home/sinis/zephyrproject/modules/crypto/mbedtls/library/des.c.obj
[213/376] Linking C static library zephyr/drivers/timer/libdrivers__timer.a
[214/376] Building C object modules/mbedtls/CMakeFiles/mbedTLSBase.dir/home/sinis/zephyrproject/modules/crypto/mbedtls/library/cipher_wrap.c.obj
[215/376] Building C object modules/hal_nordic/nrfx/CMakeFiles/modules__hal_nordic__nrfx.dir/home/sinis/zephyrproject/modules/hal/nordic/nrfx/drivers/src/nrfx_clock.c.obj
[216/376] Building C object modules/mbedtls/CMakeFiles/mbedTLSBase.dir/home/sinis/zephyrproject/modules/crypto/mbedtls/library/dhm.c.obj
[217/376] Building C object modules/hal_nordic/nrfx/CMakeFiles/modules__hal_nordic__nrfx.dir/home/sinis/zephyrproject/modules/hal/nordic/nrfx/drivers/src/nrfx_power.c.obj
[218/376] Building C object modules/mbedtls/CMakeFiles/mbedTLSBase.dir/home/sinis/zephyrproject/modules/crypto/mbedtls/library/ecdsa.c.obj
[219/376] Building C object modules/mbedtls/CMakeFiles/mbedTLSBase.dir/home/sinis/zephyrproject/modules/crypto/mbedtls/library/ecdh.c.obj
[220/376] Building C object modules/mbedtls/CMakeFiles/mbedTLSBase.dir/home/sinis/zephyrproject/modules/crypto/mbedtls/library/ecjpake.c.obj
[221/376] Building C object modules/mbedtls/CMakeFiles/mbedTLSBase.dir/home/sinis/zephyrproject/modules/crypto/mbedtls/library/ecp_curves.c.obj
[222/376] Building C object modules/mbedtls/CMakeFiles/mbedTLSBase.dir/home/sinis/zephyrproject/modules/crypto/mbedtls/library/ecp_curves_new.c.obj
[223/376] Building C object modules/mbedtls/CMakeFiles/mbedTLSBase.dir/home/sinis/zephyrproject/modules/crypto/mbedtls/library/ecp.c.obj
[224/376] Building C object zephyr/drivers/gpio/CMakeFiles/drivers__gpio.dir/gpio_nrfx.c.obj
[225/376] Building C object modules/mbedtls/CMakeFiles/mbedTLSBase.dir/home/sinis/zephyrproject/modules/crypto/mbedtls/library/entropy.c.obj
[226/376] Building C object zephyr/subsys/bluetooth/controller/ll_sw/nordic/CMakeFiles/subsys__bluetooth__controller__ll_sw__nordic.dir/hal/nrf5/radio/radio.c.obj
[227/376] Building C object modules/mbedtls/CMakeFiles/mbedTLSBase.dir/home/sinis/zephyrproject/modules/crypto/mbedtls/library/entropy_poll.c.obj
[228/376] Building C object modules/mbedtls/CMakeFiles/mbedTLSBase.dir/home/sinis/zephyrproject/modules/crypto/mbedtls/library/error.c.obj
[229/376] Linking C static library zephyr/drivers/gpio/libdrivers__gpio.a
[230/376] Building C object zephyr/drivers/spi/CMakeFiles/drivers__spi.dir/spi_nrfx_common.c.obj
[231/376] Building C object modules/mbedtls/CMakeFiles/mbedTLSBase.dir/home/sinis/zephyrproject/modules/crypto/mbedtls/library/gcm.c.obj
[232/376] Building C object modules/mbedtls/CMakeFiles/mbedTLSBase.dir/home/sinis/zephyrproject/modules/crypto/mbedtls/library/hkdf.c.obj
[233/376] Building C object modules/mbedtls/CMakeFiles/mbedTLSBase.dir/home/sinis/zephyrproject/modules/crypto/mbedtls/library/hmac_drbg.c.obj
[234/376] Building C object modules/mbedtls/CMakeFiles/mbedTLSBase.dir/home/sinis/zephyrproject/modules/crypto/mbedtls/library/aes.c.obj
[235/376] Linking C static library zephyr/subsys/bluetooth/controller/ll_sw/nordic/libsubsys__bluetooth__controller__ll_sw__nordic.a
[236/376] Building C object modules/mbedtls/CMakeFiles/mbedTLSBase.dir/home/sinis/zephyrproject/modules/crypto/mbedtls/library/lms.c.obj
[237/376] Building C object modules/mbedtls/CMakeFiles/mbedTLSBase.dir/home/sinis/zephyrproject/modules/crypto/mbedtls/library/cmac.c.obj
[238/376] Building C object modules/mbedtls/CMakeFiles/mbedTLSBase.dir/home/sinis/zephyrproject/modules/crypto/mbedtls/library/lmots.c.obj
[239/376] Building C object modules/mbedtls/CMakeFiles/mbedTLSBase.dir/home/sinis/zephyrproject/modules/crypto/mbedtls/library/md.c.obj
[240/376] Building C object modules/mbedtls/CMakeFiles/mbedTLSBase.dir/home/sinis/zephyrproject/modules/crypto/mbedtls/library/ctr_drbg.c.obj
[241/376] Building C object modules/mbedtls/CMakeFiles/mbedTLSBase.dir/home/sinis/zephyrproject/modules/crypto/mbedtls/library/mps_trace.c.obj
[242/376] Building C object modules/mbedtls/CMakeFiles/mbedTLSBase.dir/home/sinis/zephyrproject/modules/crypto/mbedtls/library/nist_kw.c.obj
[243/376] Building C object modules/mbedtls/CMakeFiles/mbedTLSBase.dir/home/sinis/zephyrproject/modules/crypto/mbedtls/library/oid.c.obj
[244/376] Building C object modules/mbedtls/CMakeFiles/mbedTLSBase.dir/home/sinis/zephyrproject/modules/crypto/mbedtls/library/md5.c.obj
[245/376] Building C object modules/mbedtls/CMakeFiles/mbedTLSBase.dir/home/sinis/zephyrproject/modules/crypto/mbedtls/library/mps_reader.c.obj
[246/376] Building C object modules/mbedtls/CMakeFiles/mbedTLSBase.dir/home/sinis/zephyrproject/modules/crypto/mbedtls/library/padlock.c.obj
[247/376] Building C object modules/mbedtls/CMakeFiles/mbedTLSBase.dir/home/sinis/zephyrproject/modules/crypto/mbedtls/library/platform.c.obj
[248/376] Building C object modules/mbedtls/CMakeFiles/mbedTLSBase.dir/home/sinis/zephyrproject/modules/crypto/mbedtls/library/rsa_alt_helpers.c.obj
[249/376] Building C object modules/hal_nordic/nrfx/CMakeFiles/modules__hal_nordic__nrfx.dir/home/sinis/zephyrproject/modules/hal/nordic/nrfx/drivers/src/nrfx_twi_twim.c.obj
[250/376] Building C object modules/mbedtls/CMakeFiles/mbedTLSBase.dir/home/sinis/zephyrproject/modules/crypto/mbedtls/library/platform_util.c.obj
[251/376] Building C object modules/mbedtls/CMakeFiles/mbedTLSBase.dir/home/sinis/zephyrproject/modules/crypto/mbedtls/library/ripemd160.c.obj
[252/376] Building C object modules/mbedtls/CMakeFiles/mbedTLSBase.dir/home/sinis/zephyrproject/modules/crypto/mbedtls/library/sha1.c.obj
[253/376] Building C object modules/mbedtls/CMakeFiles/mbedTLSBase.dir/home/sinis/zephyrproject/modules/crypto/mbedtls/library/poly1305.c.obj
[254/376] Building C object modules/mbedtls/CMakeFiles/mbedTLSBase.dir/home/sinis/zephyrproject/modules/crypto/mbedtls/library/sha512.c.obj
[255/376] Building C object modules/mbedtls/CMakeFiles/mbedTLSBase.dir/home/sinis/zephyrproject/modules/crypto/mbedtls/library/rsa.c.obj
[256/376] Building C object modules/mbedtls/CMakeFiles/mbedTLSBase.dir/home/sinis/zephyrproject/modules/crypto/mbedtls/library/threading.c.obj
[257/376] Building C object zephyr/drivers/usb/common/nrf_usbd_common/CMakeFiles/drivers__usb__common__nrf_usbd_common.dir/nrf_usbd_common.c.obj
[258/376] Building C object modules/mbedtls/CMakeFiles/mbedTLSBase.dir/home/sinis/zephyrproject/modules/crypto/mbedtls/library/sha3.c.obj
[259/376] Building C object modules/mbedtls/CMakeFiles/mbedTLSBase.dir/home/sinis/zephyrproject/modules/crypto/mbedtls/library/timing.c.obj
[260/376] Building C object modules/mbedtls/CMakeFiles/mbedTLSBase.dir/home/sinis/zephyrproject/modules/crypto/mbedtls/library/cipher.c.obj
[261/376] Building C object modules/mbedtls/CMakeFiles/mbedTLSBase.dir/home/sinis/zephyrproject/modules/crypto/mbedtls/library/version_features.c.obj
[262/376] Building C object modules/mbedtls/CMakeFiles/mbedTLSBase.dir/home/sinis/zephyrproject/modules/crypto/mbedtls/library/version.c.obj
[263/376] Building C object modules/mbedtls/CMakeFiles/mbedTLSBase.dir/home/sinis/zephyrproject/modules/crypto/mbedtls/library/psa_util.c.obj
[264/376] Building C object modules/mbedtls/CMakeFiles/mbedTLSBase.dir/home/sinis/zephyrproject/modules/crypto/mbedtls/library/memory_buffer_alloc.c.obj
[265/376] Linking C static library zephyr/drivers/usb/common/nrf_usbd_common/libdrivers__usb__common__nrf_usbd_common.a
[266/376] Building C object modules/mbedtls/CMakeFiles/mbedTLSCrypto.dir/home/sinis/zephyrproject/modules/crypto/mbedtls/library/psa_crypto_ffdh.c.obj
[267/376] Building C object modules/mbedtls/CMakeFiles/mbedTLSCrypto.dir/home/sinis/zephyrproject/modules/crypto/mbedtls/library/psa_crypto_se.c.obj
[268/376] Building C object modules/mbedtls/CMakeFiles/mbedTLSCrypto.dir/home/sinis/zephyrproject/modules/crypto/mbedtls/library/psa_crypto_storage.c.obj
[269/376] Building C object modules/mbedtls/CMakeFiles/mbedTLSCrypto.dir/home/sinis/zephyrproject/modules/crypto/mbedtls/library/psa_crypto_ecp.c.obj
[270/376] Building C object modules/mbedtls/CMakeFiles/mbedTLSCrypto.dir/home/sinis/zephyrproject/modules/crypto/mbedtls/library/psa_crypto_pake.c.obj
[271/376] Building C object modules/mbedtls/CMakeFiles/mbedTLSBase.dir/home/sinis/zephyrproject/modules/crypto/mbedtls/library/sha256.c.obj
[272/376] Building C object modules/mbedtls/CMakeFiles/mbedTLSCrypto.dir/home/sinis/zephyrproject/modules/crypto/mbedtls/library/psa_crypto_driver_wrappers_no_static.c.obj
[273/376] Building C object modules/mbedtls/CMakeFiles/mbedTLSCrypto.dir/home/sinis/zephyrproject/modules/crypto/mbedtls/library/psa_its_file.c.obj
[274/376] Building C object modules/mbedtls/CMakeFiles/mbedTLSCrypto.dir/home/sinis/zephyrproject/modules/crypto/mbedtls/library/psa_crypto_aead.c.obj
[275/376] Building C object modules/mbedtls/CMakeFiles/mbedTLSCrypto.dir/home/sinis/zephyrproject/modules/crypto/mbedtls/library/psa_crypto_rsa.c.obj
[276/376] Building C object modules/mbedtls/CMakeFiles/mbedTLSCrypto.dir/home/sinis/zephyrproject/modules/crypto/mbedtls/library/pem.c.obj
[277/376] Building C object modules/mbedtls/CMakeFiles/mbedTLSCrypto.dir/home/sinis/zephyrproject/modules/crypto/mbedtls/library/pkcs5.c.obj
[278/376] Building C object modules/mbedtls/CMakeFiles/mbedTLSCrypto.dir/home/sinis/zephyrproject/modules/crypto/mbedtls/library/pkcs12.c.obj
[279/376] Building C object modules/mbedtls/CMakeFiles/mbedTLSCrypto.dir/home/sinis/zephyrproject/modules/crypto/mbedtls/library/psa_crypto_mac.c.obj
[280/376] Building C object modules/mbedtls/CMakeFiles/mbedTLSCrypto.dir/home/sinis/zephyrproject/modules/crypto/mbedtls/library/psa_crypto_client.c.obj
[281/376] Building C object modules/mbedtls/CMakeFiles/mbedTLSCrypto.dir/home/sinis/zephyrproject/modules/crypto/mbedtls/library/pkwrite.c.obj
[282/376] Building C object modules/mbedtls/CMakeFiles/mbedTLSCrypto.dir/home/sinis/zephyrproject/modules/crypto/mbedtls/library/pkparse.c.obj
[283/376] Building C object modules/mbedtls/CMakeFiles/mbedTLSCrypto.dir/home/sinis/zephyrproject/modules/crypto/mbedtls/library/psa_crypto_hash.c.obj
[284/376] Building C object modules/mbedtls/CMakeFiles/mbedTLSCrypto.dir/home/sinis/zephyrproject/modules/crypto/mbedtls/library/pk.c.obj
[285/376] Building C object modules/mbedtls/CMakeFiles/mbedTLSCrypto.dir/home/sinis/zephyrproject/modules/crypto/mbedtls/library/pk_wrap.c.obj
[286/376] Building C object modules/mbedtls/CMakeFiles/mbedTLSX509.dir/home/sinis/zephyrproject/modules/crypto/mbedtls/library/x509.c.obj
[287/376] Building C object modules/mbedtls/CMakeFiles/mbedTLSCrypto.dir/home/sinis/zephyrproject/modules/crypto/mbedtls/library/pk_ecc.c.obj
[288/376] Building C object modules/mbedtls/CMakeFiles/mbedTLSX509.dir/home/sinis/zephyrproject/modules/crypto/mbedtls/library/x509_create.c.obj
[289/376] Building C object modules/mbedtls/CMakeFiles/mbedTLSX509.dir/home/sinis/zephyrproject/modules/crypto/mbedtls/library/x509_crl.c.obj
[290/376] Building C object modules/mbedtls/CMakeFiles/mbedTLSX509.dir/home/sinis/zephyrproject/modules/crypto/mbedtls/library/x509_csr.c.obj
[291/376] Building C object modules/mbedtls/CMakeFiles/mbedTLSX509.dir/home/sinis/zephyrproject/modules/crypto/mbedtls/library/x509_crt.c.obj
[292/376] Building C object modules/mbedtls/CMakeFiles/mbedTLSCrypto.dir/home/sinis/zephyrproject/modules/crypto/mbedtls/3rdparty/p256-m/p256-m_driver_entrypoints.c.obj
[293/376] Building C object modules/mbedtls/CMakeFiles/mbedTLSX509.dir/home/sinis/zephyrproject/modules/crypto/mbedtls/library/x509write_csr.c.obj
[294/376] Building C object modules/mbedtls/CMakeFiles/mbedTLSX509.dir/home/sinis/zephyrproject/modules/crypto/mbedtls/library/x509write.c.obj
[295/376] Building C object modules/mbedtls/CMakeFiles/mbedTLSCrypto.dir/home/sinis/zephyrproject/modules/crypto/mbedtls/library/psa_crypto_cipher.c.obj
[296/376] Building C object modules/mbedtls/CMakeFiles/modules__mbedtls.dir/home/sinis/zephyrproject/modules/crypto/mbedtls/library/net_sockets.c.obj
[297/376] Building C object modules/mbedtls/CMakeFiles/modules__mbedtls.dir/home/sinis/zephyrproject/modules/crypto/mbedtls/library/ssl_ciphersuites.c.obj
[298/376] Building C object modules/mbedtls/CMakeFiles/modules__mbedtls.dir/home/sinis/zephyrproject/modules/crypto/mbedtls/library/ssl_client.c.obj
[299/376] Building C object modules/mbedtls/CMakeFiles/mbedTLSX509.dir/home/sinis/zephyrproject/modules/crypto/mbedtls/library/x509write_crt.c.obj
[300/376] Building C object modules/mbedtls/CMakeFiles/modules__mbedtls.dir/home/sinis/zephyrproject/modules/crypto/mbedtls/library/ssl_cookie.c.obj
[301/376] Building C object modules/mbedtls/CMakeFiles/mbedTLSBase.dir/zephyr_init.c.obj
[302/376] Building C object modules/mbedtls/CMakeFiles/mbedTLSBase.dir/zephyr_entropy.c.obj
[303/376] Building C object modules/mbedtls/CMakeFiles/modules__mbedtls.dir/home/sinis/zephyrproject/modules/crypto/mbedtls/library/ssl_cache.c.obj
[304/376] Building C object modules/mbedtls/CMakeFiles/modules__mbedtls.dir/home/sinis/zephyrproject/modules/crypto/mbedtls/library/ssl_debug_helpers_generated.c.obj
[305/376] Linking C static library modules/mbedtls/libmbedTLSX509.a
[306/376] Building C object modules/mbedtls/CMakeFiles/modules__mbedtls.dir/home/sinis/zephyrproject/modules/crypto/mbedtls/library/ssl_ticket.c.obj
[307/376] Building C object modules/mbedtls/CMakeFiles/modules__mbedtls.dir/home/sinis/zephyrproject/modules/crypto/mbedtls/library/ssl_tls12_client.c.obj
[308/376] Building C object modules/mbedtls/CMakeFiles/modules__mbedtls.dir/home/sinis/zephyrproject/modules/crypto/mbedtls/library/ssl_tls13_client.c.obj
[309/376] Building C object modules/mbedtls/CMakeFiles/modules__mbedtls.dir/home/sinis/zephyrproject/modules/crypto/mbedtls/library/ssl_tls13_generic.c.obj
[310/376] Building C object modules/mbedtls/CMakeFiles/modules__mbedtls.dir/home/sinis/zephyrproject/modules/crypto/mbedtls/library/ssl_tls13_keys.c.obj
[311/376] Building C object modules/mbedtls/CMakeFiles/modules__mbedtls.dir/home/sinis/zephyrproject/modules/crypto/mbedtls/library/ssl_tls12_server.c.obj
[312/376] Building C object modules/mbedtls/CMakeFiles/mbedTLSCrypto.dir/home/sinis/zephyrproject/modules/crypto/mbedtls/library/psa_crypto_slot_management.c.obj
[313/376] Building C object modules/mbedtls/CMakeFiles/modules__mbedtls.dir/home/sinis/zephyrproject/modules/crypto/mbedtls/library/ssl_msg.c.obj
[314/376] Building C object modules/mbedtls/CMakeFiles/modules__mbedtls.dir/home/sinis/zephyrproject/modules/crypto/mbedtls/library/ssl_tls13_server.c.obj
[315/376] Building C object modules/mbedtls/CMakeFiles/modules__mbedtls.dir/home/sinis/zephyrproject/modules/crypto/mbedtls/library/ssl_tls.c.obj
[316/376] Linking C static library modules/mbedtls/libmbedTLSBase.a
[317/376] Building C object zephyr/kernel/CMakeFiles/kernel.dir/init_static.c.obj
[318/376] Building C object zephyr/kernel/CMakeFiles/kernel.dir/version.c.obj
[319/376] Building C object zephyr/kernel/CMakeFiles/kernel.dir/device.c.obj
[320/376] Building C object zephyr/kernel/CMakeFiles/kernel.dir/banner.c.obj
[321/376] Building C object modules/segger/CMakeFiles/modules__segger.dir/SEGGER_RTT_zephyr.c.obj
[322/376] Building C object modules/mbedtls/CMakeFiles/mbedTLSCrypto.dir/home/sinis/zephyrproject/modules/crypto/mbedtls/3rdparty/p256-m/p256-m/p256-m.c.obj
[323/376] Building C object zephyr/kernel/CMakeFiles/kernel.dir/errno.c.obj
[324/376] Building C object zephyr/kernel/CMakeFiles/kernel.dir/float.c.obj
[325/376] Building C object zephyr/kernel/CMakeFiles/kernel.dir/busy_wait.c.obj
[326/376] Building C object modules/hal_nordic/nrfx/CMakeFiles/modules__hal_nordic__nrfx.dir/home/sinis/zephyrproject/modules/hal/nordic/nrfx/drivers/src/nrfx_spi.c.obj
[327/376] Building C object zephyr/kernel/CMakeFiles/kernel.dir/main_weak.c.obj
[328/376] Building C object zephyr/kernel/CMakeFiles/kernel.dir/kheap.c.obj
[329/376] Building C object zephyr/kernel/CMakeFiles/kernel.dir/idle.c.obj
[330/376] Building C object modules/segger/CMakeFiles/modules__segger.dir/home/sinis/zephyrproject/modules/debug/segger/SEGGER/SEGGER_RTT.c.obj
[331/376] Building C object zephyr/kernel/CMakeFiles/kernel.dir/fatal.c.obj
[332/376] Building C object zephyr/kernel/CMakeFiles/kernel.dir/init.c.obj
[333/376] Building C object zephyr/subsys/bluetooth/host/CMakeFiles/subsys__bluetooth__host.dir/conn.c.obj
[334/376] Building C object zephyr/drivers/spi/CMakeFiles/drivers__spi.dir/spi_nrfx_spi.c.obj
[335/376] Building C object zephyr/kernel/CMakeFiles/kernel.dir/mem_slab.c.obj
[336/376] Linking C static library modules/segger/libmodules__segger.a
[337/376] Building C object zephyr/subsys/bluetooth/host/CMakeFiles/subsys__bluetooth__host.dir/smp.c.obj
[338/376] Linking C static library zephyr/drivers/spi/libdrivers__spi.a
[339/376] Building C object zephyr/drivers/usb/device/CMakeFiles/drivers__usb__device.dir/usb_dc_nrfx.c.obj
[340/376] Linking C static library zephyr/drivers/usb/device/libdrivers__usb__device.a
[341/376] Building C object zephyr/kernel/CMakeFiles/kernel.dir/system_work_q.c.obj
[342/376] Building C object zephyr/kernel/CMakeFiles/kernel.dir/mailbox.c.obj
[343/376] Building C object zephyr/kernel/CMakeFiles/kernel.dir/stack.c.obj
[344/376] Building C object zephyr/kernel/CMakeFiles/kernel.dir/sem.c.obj
[345/376] Building C object zephyr/kernel/CMakeFiles/kernel.dir/condvar.c.obj
[346/376] Building C object zephyr/kernel/CMakeFiles/kernel.dir/msg_q.c.obj
[347/376] Building C object zephyr/kernel/CMakeFiles/kernel.dir/xip.c.obj
[348/376] Building C object modules/hal_nordic/nrfx/CMakeFiles/modules__hal_nordic__nrfx.dir/home/sinis/zephyrproject/modules/hal/nordic/nrfx/drivers/src/nrfx_twi.c.obj
[349/376] Building C object zephyr/kernel/CMakeFiles/kernel.dir/queue.c.obj
[350/376] Building C object zephyr/kernel/CMakeFiles/kernel.dir/dynamic_disabled.c.obj
[351/376] Building C object zephyr/kernel/CMakeFiles/kernel.dir/timeslicing.c.obj
[352/376] Building C object zephyr/kernel/CMakeFiles/kernel.dir/mempool.c.obj
[353/376] Building C object zephyr/kernel/CMakeFiles/kernel.dir/thread.c.obj
[354/376] Building C object zephyr/kernel/CMakeFiles/kernel.dir/pipe.c.obj
[355/376] Building C object zephyr/kernel/CMakeFiles/kernel.dir/timeout.c.obj
[356/376] Building C object zephyr/kernel/CMakeFiles/kernel.dir/timer.c.obj
[357/376] Building C object zephyr/kernel/CMakeFiles/kernel.dir/mutex.c.obj
[358/376] Building C object zephyr/subsys/bluetooth/host/CMakeFiles/subsys__bluetooth__host.dir/att.c.obj
[359/376] Building C object zephyr/kernel/CMakeFiles/kernel.dir/poll.c.obj
[360/376] Building C object zephyr/kernel/CMakeFiles/kernel.dir/work.c.obj
[361/376] Building C object zephyr/subsys/bluetooth/host/CMakeFiles/subsys__bluetooth__host.dir/gatt.c.obj
[362/376] Building C object modules/hal_nordic/nrfx/CMakeFiles/modules__hal_nordic__nrfx.dir/home/sinis/zephyrproject/modules/hal/nordic/nrfx/drivers/src/nrfx_gpiote.c.obj
[363/376] Linking C static library modules/hal_nordic/nrfx/libmodules__hal_nordic__nrfx.a
[364/376] Building C object zephyr/kernel/CMakeFiles/kernel.dir/sched.c.obj
[365/376] Linking C static library zephyr/kernel/libkernel.a
[366/376] Building C object zephyr/subsys/bluetooth/host/CMakeFiles/subsys__bluetooth__host.dir/hci_core.c.obj
[367/376] Linking C static library zephyr/subsys/bluetooth/host/libsubsys__bluetooth__host.a
[368/376] Building C object modules/mbedtls/CMakeFiles/mbedTLSCrypto.dir/home/sinis/zephyrproject/modules/crypto/mbedtls/library/psa_crypto.c.obj
[369/376] Linking C static library modules/mbedtls/libmbedTLSCrypto.a
[370/376] Linking C static library modules/mbedtls/libmodules__mbedtls.a
[371/376] Linking C executable zephyr/zephyr_pre0.elf
[372/376] Generating linker.cmd
[373/376] Generating isr_tables.c, isr_tables_vt.ld, isr_tables_swi.ld
[374/376] Building C object zephyr/CMakeFiles/zephyr_final.dir/misc/empty_file.c.obj
[375/376] Building C object zephyr/CMakeFiles/zephyr_final.dir/isr_tables.c.obj
[376/376] Linking C executable zephyr/zephyr.elf
Memory region         Used Size  Region Size  %age Used
           FLASH:      209824 B       512 KB     40.02%
             RAM:       41041 B       128 KB     31.31%
        IDT_LIST:          0 GB        32 KB      0.00%
Generating files from /home/sinis/zephyrproject/zephyr/sinis/atlas/build/zephyr/zephyr.elf for board: raytac_mdbt50_db_33
